[2024-09-17 12:35:29,572][main_train.py][line:137][INFO] {'workers': 8, 'batch_size': 128, 'seed': 42, 'optim': 'sgd', 'suffix': '', 'dataset': 'cifar10', 'model': 'vgg11', 'time': 4, 'epochs': 200, 'lr': 0.1, 'device': '1', 'special': 'l2', 'beta': 0.0005, 'attack': 'pgd', 'eps': 8.0, 'attack_mode': 'bptt', 'alpha': 2.0, 'steps': 4, 'encoding': 'rate', 'atk_encoding': 'rate', 'resume': False, 'INdatapath': '/home/gubin/bhaskar/datasets/Image100/', 'cache_dataset': False, 'distributed': False, 'TET': False, 'signed': True}
[2024-09-17 12:35:29,573][main_train.py][line:147][INFO] start training!
[2024-09-17 12:39:00,303][main_train.py][line:152][INFO] 
 Epoch:[0/200]	 loss=804.16103	 acc=22.154
[2024-09-17 12:39:05,464][main_train.py][line:155][INFO] Epoch:[0/200]	 Test acc=33.800

[2024-09-17 12:39:09,872][main_train.py][line:167][INFO] Best Test acc=33.800

[2024-09-17 12:42:31,054][main_train.py][line:152][INFO] 
 Epoch:[1/200]	 loss=729.37496	 acc=29.854
[2024-09-17 12:42:35,182][main_train.py][line:155][INFO] Epoch:[1/200]	 Test acc=48.090

[2024-09-17 12:42:41,310][main_train.py][line:167][INFO] Best Test acc=48.090

[2024-09-17 12:46:02,136][main_train.py][line:152][INFO] 
 Epoch:[2/200]	 loss=687.75888	 acc=33.858
[2024-09-17 12:46:06,544][main_train.py][line:155][INFO] Epoch:[2/200]	 Test acc=49.280

[2024-09-17 12:46:12,829][main_train.py][line:167][INFO] Best Test acc=49.280

[2024-09-17 12:49:37,105][main_train.py][line:152][INFO] 
 Epoch:[3/200]	 loss=664.97621	 acc=36.492
[2024-09-17 12:49:41,966][main_train.py][line:155][INFO] Epoch:[3/200]	 Test acc=50.520

[2024-09-17 12:49:51,612][main_train.py][line:167][INFO] Best Test acc=50.520

[2024-09-17 12:53:14,613][main_train.py][line:152][INFO] 
 Epoch:[4/200]	 loss=641.51705	 acc=38.744
[2024-09-17 12:53:18,911][main_train.py][line:155][INFO] Epoch:[4/200]	 Test acc=53.870

[2024-09-17 12:53:24,881][main_train.py][line:167][INFO] Best Test acc=53.870

[2024-09-17 12:56:45,897][main_train.py][line:152][INFO] 
 Epoch:[5/200]	 loss=620.16461	 acc=41.168
[2024-09-17 12:56:50,275][main_train.py][line:155][INFO] Epoch:[5/200]	 Test acc=55.100

[2024-09-17 12:56:56,596][main_train.py][line:167][INFO] Best Test acc=55.100

[2024-09-17 13:00:20,516][main_train.py][line:152][INFO] 
 Epoch:[6/200]	 loss=603.87652	 acc=42.564
[2024-09-17 13:00:24,845][main_train.py][line:155][INFO] Epoch:[6/200]	 Test acc=54.670

[2024-09-17 13:00:27,970][main_train.py][line:167][INFO] Best Test acc=55.100

[2024-09-17 13:03:49,182][main_train.py][line:152][INFO] 
 Epoch:[7/200]	 loss=586.98809	 acc=44.530
[2024-09-17 13:03:53,518][main_train.py][line:155][INFO] Epoch:[7/200]	 Test acc=59.230

[2024-09-17 13:03:59,614][main_train.py][line:167][INFO] Best Test acc=59.230

[2024-09-17 13:07:20,974][main_train.py][line:152][INFO] 
 Epoch:[8/200]	 loss=572.83083	 acc=45.568
[2024-09-17 13:07:25,221][main_train.py][line:155][INFO] Epoch:[8/200]	 Test acc=61.880

[2024-09-17 13:07:31,808][main_train.py][line:167][INFO] Best Test acc=61.880

[2024-09-17 13:10:56,863][main_train.py][line:152][INFO] 
 Epoch:[9/200]	 loss=564.82216	 acc=46.516
[2024-09-17 13:11:02,367][main_train.py][line:155][INFO] Epoch:[9/200]	 Test acc=62.160

[2024-09-17 13:11:09,643][main_train.py][line:167][INFO] Best Test acc=62.160

[2024-09-17 13:14:35,158][main_train.py][line:152][INFO] 
 Epoch:[10/200]	 loss=553.34367	 acc=47.838
[2024-09-17 13:14:39,504][main_train.py][line:155][INFO] Epoch:[10/200]	 Test acc=62.580

[2024-09-17 13:14:45,937][main_train.py][line:167][INFO] Best Test acc=62.580

[2024-09-17 13:18:08,249][main_train.py][line:152][INFO] 
 Epoch:[11/200]	 loss=545.81686	 acc=48.424
[2024-09-17 13:18:12,594][main_train.py][line:155][INFO] Epoch:[11/200]	 Test acc=60.920

[2024-09-17 13:18:16,183][main_train.py][line:167][INFO] Best Test acc=62.580

[2024-09-17 13:21:42,417][main_train.py][line:152][INFO] 
 Epoch:[12/200]	 loss=541.79561	 acc=49.024
[2024-09-17 13:21:47,775][main_train.py][line:155][INFO] Epoch:[12/200]	 Test acc=63.130

[2024-09-17 13:22:00,353][main_train.py][line:167][INFO] Best Test acc=63.130

[2024-09-17 13:25:35,395][main_train.py][line:152][INFO] 
 Epoch:[13/200]	 loss=530.90761	 acc=49.902
[2024-09-17 13:25:40,949][main_train.py][line:155][INFO] Epoch:[13/200]	 Test acc=65.590

[2024-09-17 13:25:54,454][main_train.py][line:167][INFO] Best Test acc=65.590

[2024-09-17 13:30:39,707][main_train.py][line:152][INFO] 
 Epoch:[14/200]	 loss=531.55574	 acc=49.714
[2024-09-17 13:30:48,798][main_train.py][line:155][INFO] Epoch:[14/200]	 Test acc=67.500

[2024-09-17 13:31:00,746][main_train.py][line:167][INFO] Best Test acc=67.500

[2024-09-17 13:34:34,668][main_train.py][line:152][INFO] 
 Epoch:[15/200]	 loss=525.41150	 acc=50.394
[2024-09-17 13:34:40,068][main_train.py][line:155][INFO] Epoch:[15/200]	 Test acc=67.540

[2024-09-17 13:34:52,964][main_train.py][line:167][INFO] Best Test acc=67.540

[2024-09-17 13:38:26,504][main_train.py][line:152][INFO] 
 Epoch:[16/200]	 loss=523.90851	 acc=50.848
[2024-09-17 13:38:32,301][main_train.py][line:155][INFO] Epoch:[16/200]	 Test acc=67.210

[2024-09-17 13:38:38,273][main_train.py][line:167][INFO] Best Test acc=67.540

[2024-09-17 13:42:11,070][main_train.py][line:152][INFO] 
 Epoch:[17/200]	 loss=517.29299	 acc=51.310
[2024-09-17 13:42:15,515][main_train.py][line:155][INFO] Epoch:[17/200]	 Test acc=65.670

[2024-09-17 13:42:18,148][main_train.py][line:167][INFO] Best Test acc=67.540

[2024-09-17 13:45:40,672][main_train.py][line:152][INFO] 
 Epoch:[18/200]	 loss=515.28588	 acc=51.422
[2024-09-17 13:45:44,387][main_train.py][line:155][INFO] Epoch:[18/200]	 Test acc=67.910

[2024-09-17 13:45:49,179][main_train.py][line:167][INFO] Best Test acc=67.910

[2024-09-17 13:49:11,532][main_train.py][line:152][INFO] 
 Epoch:[19/200]	 loss=511.47534	 acc=51.786
[2024-09-17 13:49:15,199][main_train.py][line:155][INFO] Epoch:[19/200]	 Test acc=67.270

[2024-09-17 13:49:17,479][main_train.py][line:167][INFO] Best Test acc=67.910

[2024-09-17 13:52:38,900][main_train.py][line:152][INFO] 
 Epoch:[20/200]	 loss=508.86584	 acc=52.006
[2024-09-17 13:52:43,567][main_train.py][line:155][INFO] Epoch:[20/200]	 Test acc=66.660

[2024-09-17 13:52:45,486][main_train.py][line:167][INFO] Best Test acc=67.910

[2024-09-17 13:56:07,003][main_train.py][line:152][INFO] 
 Epoch:[21/200]	 loss=508.10124	 acc=51.960
[2024-09-17 13:56:11,106][main_train.py][line:155][INFO] Epoch:[21/200]	 Test acc=69.790

[2024-09-17 13:56:16,007][main_train.py][line:167][INFO] Best Test acc=69.790

[2024-09-17 13:59:37,825][main_train.py][line:152][INFO] 
 Epoch:[22/200]	 loss=503.56576	 acc=52.484
[2024-09-17 13:59:41,774][main_train.py][line:155][INFO] Epoch:[22/200]	 Test acc=67.430

[2024-09-17 13:59:44,162][main_train.py][line:167][INFO] Best Test acc=69.790

[2024-09-17 14:03:06,592][main_train.py][line:152][INFO] 
 Epoch:[23/200]	 loss=503.56075	 acc=52.582
[2024-09-17 14:03:10,349][main_train.py][line:155][INFO] Epoch:[23/200]	 Test acc=68.420

[2024-09-17 14:03:12,661][main_train.py][line:167][INFO] Best Test acc=69.790

[2024-09-17 14:06:37,542][main_train.py][line:152][INFO] 
 Epoch:[24/200]	 loss=501.08216	 acc=52.658
[2024-09-17 14:06:41,463][main_train.py][line:155][INFO] Epoch:[24/200]	 Test acc=68.830

[2024-09-17 14:06:44,009][main_train.py][line:167][INFO] Best Test acc=69.790

[2024-09-17 14:10:05,490][main_train.py][line:152][INFO] 
 Epoch:[25/200]	 loss=500.02861	 acc=52.816
[2024-09-17 14:10:09,176][main_train.py][line:155][INFO] Epoch:[25/200]	 Test acc=68.290

[2024-09-17 14:10:11,431][main_train.py][line:167][INFO] Best Test acc=69.790

[2024-09-17 14:13:32,344][main_train.py][line:152][INFO] 
 Epoch:[26/200]	 loss=498.63940	 acc=53.114
[2024-09-17 14:13:36,044][main_train.py][line:155][INFO] Epoch:[26/200]	 Test acc=69.880

[2024-09-17 14:13:40,708][main_train.py][line:167][INFO] Best Test acc=69.880

[2024-09-17 14:17:01,336][main_train.py][line:152][INFO] 
 Epoch:[27/200]	 loss=495.06412	 acc=53.810
[2024-09-17 14:17:04,997][main_train.py][line:155][INFO] Epoch:[27/200]	 Test acc=69.610

[2024-09-17 14:17:07,948][main_train.py][line:167][INFO] Best Test acc=69.880

[2024-09-17 14:20:28,910][main_train.py][line:152][INFO] 
 Epoch:[28/200]	 loss=493.58684	 acc=53.598
[2024-09-17 14:20:32,581][main_train.py][line:155][INFO] Epoch:[28/200]	 Test acc=67.700

[2024-09-17 14:20:34,269][main_train.py][line:167][INFO] Best Test acc=69.880

[2024-09-17 14:23:55,217][main_train.py][line:152][INFO] 
 Epoch:[29/200]	 loss=493.75616	 acc=53.458
[2024-09-17 14:23:59,106][main_train.py][line:155][INFO] Epoch:[29/200]	 Test acc=69.590

[2024-09-17 14:24:01,370][main_train.py][line:167][INFO] Best Test acc=69.880

[2024-09-17 14:27:21,989][main_train.py][line:152][INFO] 
 Epoch:[30/200]	 loss=490.58832	 acc=53.974
[2024-09-17 14:27:25,828][main_train.py][line:155][INFO] Epoch:[30/200]	 Test acc=67.590

[2024-09-17 14:27:28,447][main_train.py][line:167][INFO] Best Test acc=69.880

[2024-09-17 14:30:49,550][main_train.py][line:152][INFO] 
 Epoch:[31/200]	 loss=489.68195	 acc=54.002
[2024-09-17 14:30:53,158][main_train.py][line:155][INFO] Epoch:[31/200]	 Test acc=68.110

[2024-09-17 14:30:55,514][main_train.py][line:167][INFO] Best Test acc=69.880

[2024-09-17 14:34:16,101][main_train.py][line:152][INFO] 
 Epoch:[32/200]	 loss=487.37644	 acc=54.372
[2024-09-17 14:34:19,746][main_train.py][line:155][INFO] Epoch:[32/200]	 Test acc=68.560

[2024-09-17 14:34:22,295][main_train.py][line:167][INFO] Best Test acc=69.880

[2024-09-17 14:37:43,243][main_train.py][line:152][INFO] 
 Epoch:[33/200]	 loss=486.55234	 acc=54.466
[2024-09-17 14:37:46,855][main_train.py][line:155][INFO] Epoch:[33/200]	 Test acc=71.350

[2024-09-17 14:37:52,138][main_train.py][line:167][INFO] Best Test acc=71.350

[2024-09-17 14:41:13,103][main_train.py][line:152][INFO] 
 Epoch:[34/200]	 loss=486.23909	 acc=54.568
[2024-09-17 14:41:16,913][main_train.py][line:155][INFO] Epoch:[34/200]	 Test acc=69.930

[2024-09-17 14:41:20,647][main_train.py][line:167][INFO] Best Test acc=71.350

[2024-09-17 14:44:41,466][main_train.py][line:152][INFO] 
 Epoch:[35/200]	 loss=484.38768	 acc=54.570
[2024-09-17 14:44:45,163][main_train.py][line:155][INFO] Epoch:[35/200]	 Test acc=70.120

[2024-09-17 14:44:47,628][main_train.py][line:167][INFO] Best Test acc=71.350

[2024-09-17 14:48:08,811][main_train.py][line:152][INFO] 
 Epoch:[36/200]	 loss=482.36361	 acc=54.738
[2024-09-17 14:48:12,492][main_train.py][line:155][INFO] Epoch:[36/200]	 Test acc=69.260

[2024-09-17 14:48:15,053][main_train.py][line:167][INFO] Best Test acc=71.350

[2024-09-17 14:51:35,755][main_train.py][line:152][INFO] 
 Epoch:[37/200]	 loss=480.37254	 acc=54.968
[2024-09-17 14:51:39,417][main_train.py][line:155][INFO] Epoch:[37/200]	 Test acc=70.270

[2024-09-17 14:51:41,948][main_train.py][line:167][INFO] Best Test acc=71.350

[2024-09-17 14:55:02,988][main_train.py][line:152][INFO] 
 Epoch:[38/200]	 loss=480.81596	 acc=54.980
[2024-09-17 14:55:06,624][main_train.py][line:155][INFO] Epoch:[38/200]	 Test acc=70.900

[2024-09-17 14:55:09,038][main_train.py][line:167][INFO] Best Test acc=71.350

[2024-09-17 14:58:29,582][main_train.py][line:152][INFO] 
 Epoch:[39/200]	 loss=480.46360	 acc=54.804
[2024-09-17 14:58:33,333][main_train.py][line:155][INFO] Epoch:[39/200]	 Test acc=69.380

[2024-09-17 14:58:35,896][main_train.py][line:167][INFO] Best Test acc=71.350

[2024-09-17 15:01:57,135][main_train.py][line:152][INFO] 
 Epoch:[40/200]	 loss=479.61587	 acc=54.876
[2024-09-17 15:02:01,157][main_train.py][line:155][INFO] Epoch:[40/200]	 Test acc=70.320

[2024-09-17 15:02:03,752][main_train.py][line:167][INFO] Best Test acc=71.350

[2024-09-17 15:05:25,124][main_train.py][line:152][INFO] 
 Epoch:[41/200]	 loss=477.75981	 acc=55.220
[2024-09-17 15:05:29,030][main_train.py][line:155][INFO] Epoch:[41/200]	 Test acc=71.060

[2024-09-17 15:05:31,729][main_train.py][line:167][INFO] Best Test acc=71.350

[2024-09-17 15:08:52,649][main_train.py][line:152][INFO] 
 Epoch:[42/200]	 loss=477.40708	 acc=55.160
[2024-09-17 15:08:56,373][main_train.py][line:155][INFO] Epoch:[42/200]	 Test acc=69.440

[2024-09-17 15:08:58,893][main_train.py][line:167][INFO] Best Test acc=71.350

[2024-09-17 15:12:19,703][main_train.py][line:152][INFO] 
 Epoch:[43/200]	 loss=476.27109	 acc=55.288
[2024-09-17 15:12:23,659][main_train.py][line:155][INFO] Epoch:[43/200]	 Test acc=71.550

[2024-09-17 15:12:29,751][main_train.py][line:167][INFO] Best Test acc=71.550

[2024-09-17 15:15:51,011][main_train.py][line:152][INFO] 
 Epoch:[44/200]	 loss=474.09739	 acc=55.258
[2024-09-17 15:15:54,937][main_train.py][line:155][INFO] Epoch:[44/200]	 Test acc=70.730

[2024-09-17 15:15:57,779][main_train.py][line:167][INFO] Best Test acc=71.550

[2024-09-17 15:19:18,925][main_train.py][line:152][INFO] 
 Epoch:[45/200]	 loss=473.46986	 acc=55.566
[2024-09-17 15:19:22,577][main_train.py][line:155][INFO] Epoch:[45/200]	 Test acc=71.750

[2024-09-17 15:19:27,590][main_train.py][line:167][INFO] Best Test acc=71.750

[2024-09-17 15:22:48,648][main_train.py][line:152][INFO] 
 Epoch:[46/200]	 loss=469.75941	 acc=55.912
[2024-09-17 15:22:52,318][main_train.py][line:155][INFO] Epoch:[46/200]	 Test acc=71.210

[2024-09-17 15:22:55,227][main_train.py][line:167][INFO] Best Test acc=71.750

[2024-09-17 15:26:16,366][main_train.py][line:152][INFO] 
 Epoch:[47/200]	 loss=469.83281	 acc=55.468
[2024-09-17 15:26:20,211][main_train.py][line:155][INFO] Epoch:[47/200]	 Test acc=71.300

[2024-09-17 15:26:23,533][main_train.py][line:167][INFO] Best Test acc=71.750

[2024-09-17 15:29:44,591][main_train.py][line:152][INFO] 
 Epoch:[48/200]	 loss=468.05191	 acc=55.982
[2024-09-17 15:29:48,264][main_train.py][line:155][INFO] Epoch:[48/200]	 Test acc=72.070

[2024-09-17 15:29:54,256][main_train.py][line:167][INFO] Best Test acc=72.070

[2024-09-17 15:33:15,282][main_train.py][line:152][INFO] 
 Epoch:[49/200]	 loss=467.47067	 acc=56.074
[2024-09-17 15:33:19,308][main_train.py][line:155][INFO] Epoch:[49/200]	 Test acc=71.750

[2024-09-17 15:33:22,067][main_train.py][line:167][INFO] Best Test acc=72.070

[2024-09-17 15:36:43,412][main_train.py][line:152][INFO] 
 Epoch:[50/200]	 loss=467.54651	 acc=56.234
[2024-09-17 15:36:47,091][main_train.py][line:155][INFO] Epoch:[50/200]	 Test acc=69.140

[2024-09-17 15:36:49,736][main_train.py][line:167][INFO] Best Test acc=72.070

[2024-09-17 15:40:11,006][main_train.py][line:152][INFO] 
 Epoch:[51/200]	 loss=466.02018	 acc=56.084
[2024-09-17 15:40:14,912][main_train.py][line:155][INFO] Epoch:[51/200]	 Test acc=69.900

[2024-09-17 15:40:17,596][main_train.py][line:167][INFO] Best Test acc=72.070

[2024-09-17 15:43:38,548][main_train.py][line:152][INFO] 
 Epoch:[52/200]	 loss=464.85664	 acc=56.432
[2024-09-17 15:43:42,542][main_train.py][line:155][INFO] Epoch:[52/200]	 Test acc=73.480

[2024-09-17 15:43:47,821][main_train.py][line:167][INFO] Best Test acc=73.480

[2024-09-17 15:47:08,857][main_train.py][line:152][INFO] 
 Epoch:[53/200]	 loss=463.76549	 acc=56.460
[2024-09-17 15:47:12,507][main_train.py][line:155][INFO] Epoch:[53/200]	 Test acc=71.590

[2024-09-17 15:47:15,686][main_train.py][line:167][INFO] Best Test acc=73.480

[2024-09-17 15:50:36,840][main_train.py][line:152][INFO] 
 Epoch:[54/200]	 loss=461.65568	 acc=56.570
[2024-09-17 15:50:40,559][main_train.py][line:155][INFO] Epoch:[54/200]	 Test acc=71.160

[2024-09-17 15:50:43,205][main_train.py][line:167][INFO] Best Test acc=73.480

[2024-09-17 15:54:04,221][main_train.py][line:152][INFO] 
 Epoch:[55/200]	 loss=460.86889	 acc=56.958
[2024-09-17 15:54:08,212][main_train.py][line:155][INFO] Epoch:[55/200]	 Test acc=72.250

[2024-09-17 15:54:11,370][main_train.py][line:167][INFO] Best Test acc=73.480

[2024-09-17 15:57:32,623][main_train.py][line:152][INFO] 
 Epoch:[56/200]	 loss=460.34248	 acc=56.838
[2024-09-17 15:57:36,585][main_train.py][line:155][INFO] Epoch:[56/200]	 Test acc=71.000

[2024-09-17 15:57:39,546][main_train.py][line:167][INFO] Best Test acc=73.480

[2024-09-17 16:01:00,819][main_train.py][line:152][INFO] 
 Epoch:[57/200]	 loss=459.29838	 acc=56.982
[2024-09-17 16:01:04,813][main_train.py][line:155][INFO] Epoch:[57/200]	 Test acc=72.730

[2024-09-17 16:01:08,196][main_train.py][line:167][INFO] Best Test acc=73.480

[2024-09-17 16:04:29,475][main_train.py][line:152][INFO] 
 Epoch:[58/200]	 loss=458.01086	 acc=57.100
[2024-09-17 16:04:33,350][main_train.py][line:155][INFO] Epoch:[58/200]	 Test acc=68.280

[2024-09-17 16:04:36,747][main_train.py][line:167][INFO] Best Test acc=73.480

[2024-09-17 16:07:58,058][main_train.py][line:152][INFO] 
 Epoch:[59/200]	 loss=457.26951	 acc=56.738
[2024-09-17 16:08:01,948][main_train.py][line:155][INFO] Epoch:[59/200]	 Test acc=72.610

[2024-09-17 16:08:05,271][main_train.py][line:167][INFO] Best Test acc=73.480

[2024-09-17 16:11:26,687][main_train.py][line:152][INFO] 
 Epoch:[60/200]	 loss=454.67777	 acc=56.932
[2024-09-17 16:11:30,648][main_train.py][line:155][INFO] Epoch:[60/200]	 Test acc=73.650

[2024-09-17 16:11:37,750][main_train.py][line:167][INFO] Best Test acc=73.650

[2024-09-17 16:14:58,849][main_train.py][line:152][INFO] 
 Epoch:[61/200]	 loss=455.82480	 acc=57.142
[2024-09-17 16:15:02,773][main_train.py][line:155][INFO] Epoch:[61/200]	 Test acc=73.450

[2024-09-17 16:15:06,030][main_train.py][line:167][INFO] Best Test acc=73.650

[2024-09-17 16:18:27,193][main_train.py][line:152][INFO] 
 Epoch:[62/200]	 loss=452.13121	 acc=57.598
[2024-09-17 16:18:31,126][main_train.py][line:155][INFO] Epoch:[62/200]	 Test acc=68.360

[2024-09-17 16:18:34,289][main_train.py][line:167][INFO] Best Test acc=73.650

[2024-09-17 16:21:55,353][main_train.py][line:152][INFO] 
 Epoch:[63/200]	 loss=453.74202	 acc=57.318
[2024-09-17 16:21:59,112][main_train.py][line:155][INFO] Epoch:[63/200]	 Test acc=72.400

[2024-09-17 16:22:02,322][main_train.py][line:167][INFO] Best Test acc=73.650

[2024-09-17 16:25:23,594][main_train.py][line:152][INFO] 
 Epoch:[64/200]	 loss=451.28293	 acc=57.600
[2024-09-17 16:25:27,601][main_train.py][line:155][INFO] Epoch:[64/200]	 Test acc=71.130

[2024-09-17 16:25:31,126][main_train.py][line:167][INFO] Best Test acc=73.650

[2024-09-17 16:28:51,936][main_train.py][line:152][INFO] 
 Epoch:[65/200]	 loss=450.38457	 acc=57.802
[2024-09-17 16:28:55,746][main_train.py][line:155][INFO] Epoch:[65/200]	 Test acc=72.760

[2024-09-17 16:28:59,244][main_train.py][line:167][INFO] Best Test acc=73.650

[2024-09-17 16:32:20,361][main_train.py][line:152][INFO] 
 Epoch:[66/200]	 loss=448.89839	 acc=57.742
[2024-09-17 16:32:24,338][main_train.py][line:155][INFO] Epoch:[66/200]	 Test acc=72.130

[2024-09-17 16:32:27,703][main_train.py][line:167][INFO] Best Test acc=73.650

[2024-09-17 16:35:48,736][main_train.py][line:152][INFO] 
 Epoch:[67/200]	 loss=445.69566	 acc=58.334
[2024-09-17 16:35:52,809][main_train.py][line:155][INFO] Epoch:[67/200]	 Test acc=70.250

[2024-09-17 16:35:55,294][main_train.py][line:167][INFO] Best Test acc=73.650

[2024-09-17 16:39:16,373][main_train.py][line:152][INFO] 
 Epoch:[68/200]	 loss=445.06647	 acc=58.056
[2024-09-17 16:39:20,263][main_train.py][line:155][INFO] Epoch:[68/200]	 Test acc=73.170

[2024-09-17 16:39:22,979][main_train.py][line:167][INFO] Best Test acc=73.650

[2024-09-17 16:42:42,658][main_train.py][line:152][INFO] 
 Epoch:[69/200]	 loss=446.46168	 acc=57.914
[2024-09-17 16:42:46,304][main_train.py][line:155][INFO] Epoch:[69/200]	 Test acc=72.480

[2024-09-17 16:42:49,460][main_train.py][line:167][INFO] Best Test acc=73.650

[2024-09-17 16:46:09,142][main_train.py][line:152][INFO] 
 Epoch:[70/200]	 loss=442.94840	 acc=58.458
[2024-09-17 16:46:13,135][main_train.py][line:155][INFO] Epoch:[70/200]	 Test acc=72.290

[2024-09-17 16:46:16,463][main_train.py][line:167][INFO] Best Test acc=73.650

[2024-09-17 16:49:36,308][main_train.py][line:152][INFO] 
 Epoch:[71/200]	 loss=441.49213	 acc=58.578
[2024-09-17 16:49:40,287][main_train.py][line:155][INFO] Epoch:[71/200]	 Test acc=70.730

[2024-09-17 16:49:43,783][main_train.py][line:167][INFO] Best Test acc=73.650

[2024-09-17 16:53:03,747][main_train.py][line:152][INFO] 
 Epoch:[72/200]	 loss=440.33901	 acc=58.582
[2024-09-17 16:53:07,628][main_train.py][line:155][INFO] Epoch:[72/200]	 Test acc=73.530

[2024-09-17 16:53:11,095][main_train.py][line:167][INFO] Best Test acc=73.650

[2024-09-17 16:56:30,993][main_train.py][line:152][INFO] 
 Epoch:[73/200]	 loss=438.40406	 acc=58.696
[2024-09-17 16:56:34,596][main_train.py][line:155][INFO] Epoch:[73/200]	 Test acc=73.040

[2024-09-17 16:56:37,207][main_train.py][line:167][INFO] Best Test acc=73.650

[2024-09-17 16:59:58,014][main_train.py][line:152][INFO] 
 Epoch:[74/200]	 loss=437.75367	 acc=58.604
[2024-09-17 17:00:01,885][main_train.py][line:155][INFO] Epoch:[74/200]	 Test acc=73.870

[2024-09-17 17:00:07,415][main_train.py][line:167][INFO] Best Test acc=73.870

[2024-09-17 17:03:28,947][main_train.py][line:152][INFO] 
 Epoch:[75/200]	 loss=435.02407	 acc=58.836
[2024-09-17 17:03:32,970][main_train.py][line:155][INFO] Epoch:[75/200]	 Test acc=72.330

[2024-09-17 17:03:36,296][main_train.py][line:167][INFO] Best Test acc=73.870

[2024-09-17 17:09:41,258][main_train.py][line:152][INFO] 
 Epoch:[76/200]	 loss=436.05060	 acc=59.042
[2024-09-17 17:09:48,046][main_train.py][line:155][INFO] Epoch:[76/200]	 Test acc=75.020

[2024-09-17 17:09:55,419][main_train.py][line:167][INFO] Best Test acc=75.020

[2024-09-17 17:17:11,911][main_train.py][line:152][INFO] 
 Epoch:[77/200]	 loss=433.77891	 acc=59.246
[2024-09-17 17:17:18,681][main_train.py][line:155][INFO] Epoch:[77/200]	 Test acc=74.570

[2024-09-17 17:17:22,163][main_train.py][line:167][INFO] Best Test acc=75.020

[2024-09-17 17:24:39,929][main_train.py][line:152][INFO] 
 Epoch:[78/200]	 loss=429.16332	 acc=59.658
[2024-09-17 17:24:46,609][main_train.py][line:155][INFO] Epoch:[78/200]	 Test acc=74.910

[2024-09-17 17:24:49,566][main_train.py][line:167][INFO] Best Test acc=75.020

[2024-09-17 17:32:07,606][main_train.py][line:152][INFO] 
 Epoch:[79/200]	 loss=430.24329	 acc=59.544
[2024-09-17 17:32:14,288][main_train.py][line:155][INFO] Epoch:[79/200]	 Test acc=74.190

[2024-09-17 17:32:17,322][main_train.py][line:167][INFO] Best Test acc=75.020

[2024-09-17 17:39:36,267][main_train.py][line:152][INFO] 
 Epoch:[80/200]	 loss=429.22530	 acc=59.604
[2024-09-17 17:39:42,934][main_train.py][line:155][INFO] Epoch:[80/200]	 Test acc=72.550

[2024-09-17 17:39:45,810][main_train.py][line:167][INFO] Best Test acc=75.020

[2024-09-17 17:47:01,939][main_train.py][line:152][INFO] 
 Epoch:[81/200]	 loss=425.29634	 acc=59.850
[2024-09-17 17:47:08,638][main_train.py][line:155][INFO] Epoch:[81/200]	 Test acc=74.380

[2024-09-17 17:47:12,115][main_train.py][line:167][INFO] Best Test acc=75.020

[2024-09-17 17:54:30,736][main_train.py][line:152][INFO] 
 Epoch:[82/200]	 loss=425.31529	 acc=60.052
[2024-09-17 17:54:37,526][main_train.py][line:155][INFO] Epoch:[82/200]	 Test acc=74.500

[2024-09-17 17:54:40,907][main_train.py][line:167][INFO] Best Test acc=75.020

[2024-09-17 18:01:20,016][main_train.py][line:152][INFO] 
 Epoch:[83/200]	 loss=425.26121	 acc=59.774
[2024-09-17 18:01:26,839][main_train.py][line:155][INFO] Epoch:[83/200]	 Test acc=74.700

[2024-09-17 18:01:30,537][main_train.py][line:167][INFO] Best Test acc=75.020

[2024-09-17 18:08:47,434][main_train.py][line:152][INFO] 
 Epoch:[84/200]	 loss=422.41394	 acc=60.232
[2024-09-17 18:08:54,113][main_train.py][line:155][INFO] Epoch:[84/200]	 Test acc=73.740

[2024-09-17 18:08:57,413][main_train.py][line:167][INFO] Best Test acc=75.020

[2024-09-17 18:16:15,264][main_train.py][line:152][INFO] 
 Epoch:[85/200]	 loss=421.41553	 acc=60.354
[2024-09-17 18:16:21,942][main_train.py][line:155][INFO] Epoch:[85/200]	 Test acc=74.370

[2024-09-17 18:16:25,390][main_train.py][line:167][INFO] Best Test acc=75.020

[2024-09-17 18:23:42,227][main_train.py][line:152][INFO] 
 Epoch:[86/200]	 loss=416.49911	 acc=61.000
[2024-09-17 18:23:48,671][main_train.py][line:155][INFO] Epoch:[86/200]	 Test acc=75.220

[2024-09-17 18:23:55,811][main_train.py][line:167][INFO] Best Test acc=75.220

[2024-09-17 18:31:11,797][main_train.py][line:152][INFO] 
 Epoch:[87/200]	 loss=419.71990	 acc=60.344
[2024-09-17 18:31:18,653][main_train.py][line:155][INFO] Epoch:[87/200]	 Test acc=73.950

[2024-09-17 18:31:21,980][main_train.py][line:167][INFO] Best Test acc=75.220

[2024-09-17 18:38:39,429][main_train.py][line:152][INFO] 
 Epoch:[88/200]	 loss=416.58124	 acc=60.786
[2024-09-17 18:38:46,121][main_train.py][line:155][INFO] Epoch:[88/200]	 Test acc=74.180

[2024-09-17 18:38:49,345][main_train.py][line:167][INFO] Best Test acc=75.220

[2024-09-17 18:46:07,502][main_train.py][line:152][INFO] 
 Epoch:[89/200]	 loss=414.00668	 acc=60.892
[2024-09-17 18:46:14,152][main_train.py][line:155][INFO] Epoch:[89/200]	 Test acc=72.690

[2024-09-17 18:46:17,328][main_train.py][line:167][INFO] Best Test acc=75.220

[2024-09-17 18:53:36,055][main_train.py][line:152][INFO] 
 Epoch:[90/200]	 loss=415.21988	 acc=60.796
[2024-09-17 18:53:42,826][main_train.py][line:155][INFO] Epoch:[90/200]	 Test acc=74.530

[2024-09-17 18:53:46,276][main_train.py][line:167][INFO] Best Test acc=75.220

[2024-09-17 19:01:06,288][main_train.py][line:152][INFO] 
 Epoch:[91/200]	 loss=410.61596	 acc=61.284
[2024-09-17 19:01:12,794][main_train.py][line:155][INFO] Epoch:[91/200]	 Test acc=72.490

[2024-09-17 19:01:16,053][main_train.py][line:167][INFO] Best Test acc=75.220

[2024-09-17 19:08:36,433][main_train.py][line:152][INFO] 
 Epoch:[92/200]	 loss=408.15754	 acc=61.492
[2024-09-17 19:08:43,120][main_train.py][line:155][INFO] Epoch:[92/200]	 Test acc=73.290

[2024-09-17 19:08:46,594][main_train.py][line:167][INFO] Best Test acc=75.220

[2024-09-17 19:16:07,513][main_train.py][line:152][INFO] 
 Epoch:[93/200]	 loss=405.96251	 acc=61.714
[2024-09-17 19:16:13,730][main_train.py][line:155][INFO] Epoch:[93/200]	 Test acc=74.340

[2024-09-17 19:16:17,689][main_train.py][line:167][INFO] Best Test acc=75.220

[2024-09-17 19:23:37,784][main_train.py][line:152][INFO] 
 Epoch:[94/200]	 loss=402.97524	 acc=61.928
[2024-09-17 19:23:44,432][main_train.py][line:155][INFO] Epoch:[94/200]	 Test acc=74.560

[2024-09-17 19:23:47,805][main_train.py][line:167][INFO] Best Test acc=75.220

[2024-09-17 19:29:50,119][main_train.py][line:152][INFO] 
 Epoch:[95/200]	 loss=402.66096	 acc=62.024
[2024-09-17 19:29:56,821][main_train.py][line:155][INFO] Epoch:[95/200]	 Test acc=74.480

[2024-09-17 19:30:00,200][main_train.py][line:167][INFO] Best Test acc=75.220

[2024-09-17 19:37:17,397][main_train.py][line:152][INFO] 
 Epoch:[96/200]	 loss=401.21355	 acc=61.992
[2024-09-17 19:37:24,079][main_train.py][line:155][INFO] Epoch:[96/200]	 Test acc=75.710

[2024-09-17 19:37:30,599][main_train.py][line:167][INFO] Best Test acc=75.710

[2024-09-17 19:44:48,907][main_train.py][line:152][INFO] 
 Epoch:[97/200]	 loss=399.43823	 acc=62.030
[2024-09-17 19:44:55,626][main_train.py][line:155][INFO] Epoch:[97/200]	 Test acc=75.940

[2024-09-17 19:45:02,513][main_train.py][line:167][INFO] Best Test acc=75.940

[2024-09-17 19:52:19,405][main_train.py][line:152][INFO] 
 Epoch:[98/200]	 loss=394.63694	 acc=62.914
[2024-09-17 19:52:26,018][main_train.py][line:155][INFO] Epoch:[98/200]	 Test acc=74.040

[2024-09-17 19:52:29,343][main_train.py][line:167][INFO] Best Test acc=75.940

[2024-09-17 19:59:47,585][main_train.py][line:152][INFO] 
 Epoch:[99/200]	 loss=398.22573	 acc=62.440
[2024-09-17 19:59:54,379][main_train.py][line:155][INFO] Epoch:[99/200]	 Test acc=76.620

[2024-09-17 20:00:01,073][main_train.py][line:167][INFO] Best Test acc=76.620

[2024-09-17 20:07:20,154][main_train.py][line:152][INFO] 
 Epoch:[100/200]	 loss=393.15184	 acc=62.724
[2024-09-17 20:07:26,370][main_train.py][line:155][INFO] Epoch:[100/200]	 Test acc=73.670

[2024-09-17 20:07:29,922][main_train.py][line:167][INFO] Best Test acc=76.620

[2024-09-17 20:14:49,523][main_train.py][line:152][INFO] 
 Epoch:[101/200]	 loss=391.41332	 acc=63.124
[2024-09-17 20:14:56,187][main_train.py][line:155][INFO] Epoch:[101/200]	 Test acc=76.240

[2024-09-17 20:14:59,595][main_train.py][line:167][INFO] Best Test acc=76.620

[2024-09-17 20:22:18,399][main_train.py][line:152][INFO] 
 Epoch:[102/200]	 loss=387.43974	 acc=63.256
[2024-09-17 20:22:25,167][main_train.py][line:155][INFO] Epoch:[102/200]	 Test acc=75.250

[2024-09-17 20:22:28,591][main_train.py][line:167][INFO] Best Test acc=76.620

[2024-09-17 20:29:48,281][main_train.py][line:152][INFO] 
 Epoch:[103/200]	 loss=387.45031	 acc=63.400
[2024-09-17 20:29:54,938][main_train.py][line:155][INFO] Epoch:[103/200]	 Test acc=77.410

[2024-09-17 20:30:01,558][main_train.py][line:167][INFO] Best Test acc=77.410

[2024-09-17 20:37:21,174][main_train.py][line:152][INFO] 
 Epoch:[104/200]	 loss=385.07205	 acc=63.648
[2024-09-17 20:37:27,801][main_train.py][line:155][INFO] Epoch:[104/200]	 Test acc=76.840

[2024-09-17 20:37:31,133][main_train.py][line:167][INFO] Best Test acc=77.410

[2024-09-17 20:44:48,695][main_train.py][line:152][INFO] 
 Epoch:[105/200]	 loss=380.38450	 acc=63.910
[2024-09-17 20:44:55,341][main_train.py][line:155][INFO] Epoch:[105/200]	 Test acc=74.400

[2024-09-17 20:44:58,755][main_train.py][line:167][INFO] Best Test acc=77.410

[2024-09-17 20:52:16,647][main_train.py][line:152][INFO] 
 Epoch:[106/200]	 loss=380.49519	 acc=64.102
[2024-09-17 20:52:23,256][main_train.py][line:155][INFO] Epoch:[106/200]	 Test acc=75.920

[2024-09-17 20:52:26,570][main_train.py][line:167][INFO] Best Test acc=77.410

[2024-09-17 20:59:45,056][main_train.py][line:152][INFO] 
 Epoch:[107/200]	 loss=380.78798	 acc=63.898
[2024-09-17 20:59:51,688][main_train.py][line:155][INFO] Epoch:[107/200]	 Test acc=77.040

[2024-09-17 20:59:55,151][main_train.py][line:167][INFO] Best Test acc=77.410

[2024-09-17 21:07:13,137][main_train.py][line:152][INFO] 
 Epoch:[108/200]	 loss=375.23691	 acc=64.264
[2024-09-17 21:07:19,839][main_train.py][line:155][INFO] Epoch:[108/200]	 Test acc=76.540

[2024-09-17 21:07:23,734][main_train.py][line:167][INFO] Best Test acc=77.410

[2024-09-17 21:14:45,765][main_train.py][line:152][INFO] 
 Epoch:[109/200]	 loss=374.93169	 acc=64.344
[2024-09-17 21:14:53,669][main_train.py][line:155][INFO] Epoch:[109/200]	 Test acc=76.420

[2024-09-17 21:14:58,130][main_train.py][line:167][INFO] Best Test acc=77.410

[2024-09-17 21:22:20,619][main_train.py][line:152][INFO] 
 Epoch:[110/200]	 loss=369.36228	 acc=65.020
[2024-09-17 21:22:28,420][main_train.py][line:155][INFO] Epoch:[110/200]	 Test acc=76.570

[2024-09-17 21:22:32,527][main_train.py][line:167][INFO] Best Test acc=77.410

[2024-09-17 21:29:48,202][main_train.py][line:152][INFO] 
 Epoch:[111/200]	 loss=369.02466	 acc=64.732
[2024-09-17 21:29:55,663][main_train.py][line:155][INFO] Epoch:[111/200]	 Test acc=77.470

[2024-09-17 21:30:03,000][main_train.py][line:167][INFO] Best Test acc=77.470

[2024-09-17 21:37:13,661][main_train.py][line:152][INFO] 
 Epoch:[112/200]	 loss=367.93165	 acc=65.286
[2024-09-17 21:37:20,605][main_train.py][line:155][INFO] Epoch:[112/200]	 Test acc=77.250

[2024-09-17 21:37:24,026][main_train.py][line:167][INFO] Best Test acc=77.470

[2024-09-17 21:44:32,607][main_train.py][line:152][INFO] 
 Epoch:[113/200]	 loss=367.14351	 acc=64.924
[2024-09-17 21:44:39,559][main_train.py][line:155][INFO] Epoch:[113/200]	 Test acc=75.860

[2024-09-17 21:44:43,222][main_train.py][line:167][INFO] Best Test acc=77.470

[2024-09-17 21:52:00,616][main_train.py][line:152][INFO] 
 Epoch:[114/200]	 loss=360.92640	 acc=65.900
[2024-09-17 21:52:08,462][main_train.py][line:155][INFO] Epoch:[114/200]	 Test acc=76.410

[2024-09-17 21:52:12,307][main_train.py][line:167][INFO] Best Test acc=77.470

[2024-09-17 21:59:22,945][main_train.py][line:152][INFO] 
 Epoch:[115/200]	 loss=358.85573	 acc=65.738
[2024-09-17 21:59:29,499][main_train.py][line:155][INFO] Epoch:[115/200]	 Test acc=76.450

[2024-09-17 21:59:32,293][main_train.py][line:167][INFO] Best Test acc=77.470

[2024-09-17 22:06:41,375][main_train.py][line:152][INFO] 
 Epoch:[116/200]	 loss=357.93161	 acc=65.920
[2024-09-17 22:06:49,271][main_train.py][line:155][INFO] Epoch:[116/200]	 Test acc=77.030

[2024-09-17 22:06:54,089][main_train.py][line:167][INFO] Best Test acc=77.470

[2024-09-17 22:14:04,030][main_train.py][line:152][INFO] 
 Epoch:[117/200]	 loss=354.93593	 acc=66.174
[2024-09-17 22:14:10,551][main_train.py][line:155][INFO] Epoch:[117/200]	 Test acc=76.340

[2024-09-17 22:14:13,750][main_train.py][line:167][INFO] Best Test acc=77.470

[2024-09-17 22:21:29,810][main_train.py][line:152][INFO] 
 Epoch:[118/200]	 loss=351.31452	 acc=66.736
[2024-09-17 22:21:37,610][main_train.py][line:155][INFO] Epoch:[118/200]	 Test acc=77.740

[2024-09-17 22:21:45,996][main_train.py][line:167][INFO] Best Test acc=77.740

[2024-09-17 22:28:51,935][main_train.py][line:152][INFO] 
 Epoch:[119/200]	 loss=349.15644	 acc=66.808
[2024-09-17 22:28:58,487][main_train.py][line:155][INFO] Epoch:[119/200]	 Test acc=78.070

[2024-09-17 22:29:05,743][main_train.py][line:167][INFO] Best Test acc=78.070

[2024-09-17 22:35:19,917][main_train.py][line:152][INFO] 
 Epoch:[120/200]	 loss=346.39857	 acc=67.238
[2024-09-17 22:35:24,848][main_train.py][line:155][INFO] Epoch:[120/200]	 Test acc=77.300

[2024-09-17 22:35:29,416][main_train.py][line:167][INFO] Best Test acc=78.070

[2024-09-17 22:41:38,051][main_train.py][line:152][INFO] 
 Epoch:[121/200]	 loss=342.42278	 acc=67.638
[2024-09-17 22:41:44,977][main_train.py][line:155][INFO] Epoch:[121/200]	 Test acc=76.810

[2024-09-17 22:41:48,838][main_train.py][line:167][INFO] Best Test acc=78.070

[2024-09-17 22:48:20,123][main_train.py][line:152][INFO] 
 Epoch:[122/200]	 loss=342.66474	 acc=67.280
[2024-09-17 22:48:26,228][main_train.py][line:155][INFO] Epoch:[122/200]	 Test acc=77.590

[2024-09-17 22:48:30,212][main_train.py][line:167][INFO] Best Test acc=78.070

[2024-09-17 22:54:24,870][main_train.py][line:152][INFO] 
 Epoch:[123/200]	 loss=338.51601	 acc=67.836
[2024-09-17 22:54:31,789][main_train.py][line:155][INFO] Epoch:[123/200]	 Test acc=77.170

[2024-09-17 22:54:36,269][main_train.py][line:167][INFO] Best Test acc=78.070

[2024-09-17 23:00:19,529][main_train.py][line:152][INFO] 
 Epoch:[124/200]	 loss=335.62762	 acc=67.898
[2024-09-17 23:00:26,494][main_train.py][line:155][INFO] Epoch:[124/200]	 Test acc=78.030

[2024-09-17 23:00:30,521][main_train.py][line:167][INFO] Best Test acc=78.070

[2024-09-17 23:06:36,282][main_train.py][line:152][INFO] 
 Epoch:[125/200]	 loss=333.19214	 acc=68.306
[2024-09-17 23:06:43,880][main_train.py][line:155][INFO] Epoch:[125/200]	 Test acc=77.160

[2024-09-17 23:06:47,879][main_train.py][line:167][INFO] Best Test acc=78.070

[2024-09-17 23:12:46,996][main_train.py][line:152][INFO] 
 Epoch:[126/200]	 loss=328.94642	 acc=68.652
[2024-09-17 23:12:54,734][main_train.py][line:155][INFO] Epoch:[126/200]	 Test acc=77.770

[2024-09-17 23:12:58,649][main_train.py][line:167][INFO] Best Test acc=78.070

[2024-09-17 23:19:18,801][main_train.py][line:152][INFO] 
 Epoch:[127/200]	 loss=324.81614	 acc=69.082
[2024-09-17 23:19:23,313][main_train.py][line:155][INFO] Epoch:[127/200]	 Test acc=77.080

[2024-09-17 23:19:28,012][main_train.py][line:167][INFO] Best Test acc=78.070

[2024-09-17 23:24:49,227][main_train.py][line:152][INFO] 
 Epoch:[128/200]	 loss=323.17940	 acc=69.236
[2024-09-17 23:24:55,999][main_train.py][line:155][INFO] Epoch:[128/200]	 Test acc=77.930

[2024-09-17 23:25:01,175][main_train.py][line:167][INFO] Best Test acc=78.070

[2024-09-17 23:30:46,586][main_train.py][line:152][INFO] 
 Epoch:[129/200]	 loss=321.69400	 acc=69.374
[2024-09-17 23:30:51,636][main_train.py][line:155][INFO] Epoch:[129/200]	 Test acc=78.130

[2024-09-17 23:31:00,620][main_train.py][line:167][INFO] Best Test acc=78.130

[2024-09-17 23:37:29,431][main_train.py][line:152][INFO] 
 Epoch:[130/200]	 loss=319.82552	 acc=69.416
[2024-09-17 23:37:37,337][main_train.py][line:155][INFO] Epoch:[130/200]	 Test acc=77.430

[2024-09-17 23:37:41,699][main_train.py][line:167][INFO] Best Test acc=78.130

[2024-09-17 23:43:42,803][main_train.py][line:152][INFO] 
 Epoch:[131/200]	 loss=314.21676	 acc=69.996
[2024-09-17 23:43:50,532][main_train.py][line:155][INFO] Epoch:[131/200]	 Test acc=78.000

[2024-09-17 23:43:54,848][main_train.py][line:167][INFO] Best Test acc=78.130

[2024-09-17 23:49:57,147][main_train.py][line:152][INFO] 
 Epoch:[132/200]	 loss=310.55976	 acc=70.228
[2024-09-17 23:50:02,723][main_train.py][line:155][INFO] Epoch:[132/200]	 Test acc=77.710

[2024-09-17 23:50:07,159][main_train.py][line:167][INFO] Best Test acc=78.130

[2024-09-17 23:55:57,428][main_train.py][line:152][INFO] 
 Epoch:[133/200]	 loss=304.47145	 acc=70.642
[2024-09-17 23:56:02,205][main_train.py][line:155][INFO] Epoch:[133/200]	 Test acc=77.870

[2024-09-17 23:56:05,573][main_train.py][line:167][INFO] Best Test acc=78.130

[2024-09-18 00:02:04,842][main_train.py][line:152][INFO] 
 Epoch:[134/200]	 loss=304.13536	 acc=70.832
[2024-09-18 00:02:10,311][main_train.py][line:155][INFO] Epoch:[134/200]	 Test acc=78.740

[2024-09-18 00:02:17,867][main_train.py][line:167][INFO] Best Test acc=78.740

[2024-09-18 00:08:44,469][main_train.py][line:152][INFO] 
 Epoch:[135/200]	 loss=300.70022	 acc=71.282
[2024-09-18 00:08:50,106][main_train.py][line:155][INFO] Epoch:[135/200]	 Test acc=77.770

[2024-09-18 00:08:53,358][main_train.py][line:167][INFO] Best Test acc=78.740

[2024-09-18 00:14:52,001][main_train.py][line:152][INFO] 
 Epoch:[136/200]	 loss=296.92792	 acc=71.346
[2024-09-18 00:14:57,418][main_train.py][line:155][INFO] Epoch:[136/200]	 Test acc=77.800

[2024-09-18 00:15:01,337][main_train.py][line:167][INFO] Best Test acc=78.740

[2024-09-18 00:20:48,903][main_train.py][line:152][INFO] 
 Epoch:[137/200]	 loss=291.66425	 acc=72.136
[2024-09-18 00:20:54,384][main_train.py][line:155][INFO] Epoch:[137/200]	 Test acc=77.990

[2024-09-18 00:20:58,761][main_train.py][line:167][INFO] Best Test acc=78.740

[2024-09-18 00:27:13,975][main_train.py][line:152][INFO] 
 Epoch:[138/200]	 loss=288.61224	 acc=72.470
[2024-09-18 00:27:21,790][main_train.py][line:155][INFO] Epoch:[138/200]	 Test acc=78.330

[2024-09-18 00:27:25,751][main_train.py][line:167][INFO] Best Test acc=78.740

[2024-09-18 00:33:45,287][main_train.py][line:152][INFO] 
 Epoch:[139/200]	 loss=285.32492	 acc=72.730
[2024-09-18 00:33:53,081][main_train.py][line:155][INFO] Epoch:[139/200]	 Test acc=77.940

[2024-09-18 00:33:57,094][main_train.py][line:167][INFO] Best Test acc=78.740

[2024-09-18 00:39:57,310][main_train.py][line:152][INFO] 
 Epoch:[140/200]	 loss=282.39296	 acc=72.790
[2024-09-18 00:40:03,829][main_train.py][line:155][INFO] Epoch:[140/200]	 Test acc=78.440

[2024-09-18 00:40:08,192][main_train.py][line:167][INFO] Best Test acc=78.740

[2024-09-18 00:45:47,615][main_train.py][line:152][INFO] 
 Epoch:[141/200]	 loss=279.23567	 acc=73.330
[2024-09-18 00:45:54,067][main_train.py][line:155][INFO] Epoch:[141/200]	 Test acc=78.560

[2024-09-18 00:45:58,275][main_train.py][line:167][INFO] Best Test acc=78.740

[2024-09-18 00:52:00,270][main_train.py][line:152][INFO] 
 Epoch:[142/200]	 loss=274.85004	 acc=73.560
[2024-09-18 00:52:08,182][main_train.py][line:155][INFO] Epoch:[142/200]	 Test acc=77.860

[2024-09-18 00:52:11,963][main_train.py][line:167][INFO] Best Test acc=78.740

[2024-09-18 00:58:26,016][main_train.py][line:152][INFO] 
 Epoch:[143/200]	 loss=271.63187	 acc=73.936
[2024-09-18 00:58:33,798][main_train.py][line:155][INFO] Epoch:[143/200]	 Test acc=78.400

[2024-09-18 00:58:38,117][main_train.py][line:167][INFO] Best Test acc=78.740

[2024-09-18 01:04:45,369][main_train.py][line:152][INFO] 
 Epoch:[144/200]	 loss=267.97345	 acc=74.360
[2024-09-18 01:04:51,909][main_train.py][line:155][INFO] Epoch:[144/200]	 Test acc=78.610

[2024-09-18 01:04:55,820][main_train.py][line:167][INFO] Best Test acc=78.740

[2024-09-18 01:11:09,464][main_train.py][line:152][INFO] 
 Epoch:[145/200]	 loss=263.13034	 acc=74.832
[2024-09-18 01:11:15,744][main_train.py][line:155][INFO] Epoch:[145/200]	 Test acc=78.820

[2024-09-18 01:11:23,459][main_train.py][line:167][INFO] Best Test acc=78.820

[2024-09-18 01:17:11,257][main_train.py][line:152][INFO] 
 Epoch:[146/200]	 loss=261.25022	 acc=75.010
[2024-09-18 01:17:17,752][main_train.py][line:155][INFO] Epoch:[146/200]	 Test acc=78.260

[2024-09-18 01:17:21,845][main_train.py][line:167][INFO] Best Test acc=78.820

[2024-09-18 01:23:32,672][main_train.py][line:152][INFO] 
 Epoch:[147/200]	 loss=254.11167	 acc=75.532
[2024-09-18 01:23:40,106][main_train.py][line:155][INFO] Epoch:[147/200]	 Test acc=79.400

[2024-09-18 01:23:48,351][main_train.py][line:167][INFO] Best Test acc=79.400

[2024-09-18 01:29:39,670][main_train.py][line:152][INFO] 
 Epoch:[148/200]	 loss=251.39504	 acc=76.054
[2024-09-18 01:29:44,501][main_train.py][line:155][INFO] Epoch:[148/200]	 Test acc=79.710

[2024-09-18 01:29:51,881][main_train.py][line:167][INFO] Best Test acc=79.710

[2024-09-18 01:36:08,777][main_train.py][line:152][INFO] 
 Epoch:[149/200]	 loss=247.60205	 acc=76.168
[2024-09-18 01:36:15,812][main_train.py][line:155][INFO] Epoch:[149/200]	 Test acc=79.130

[2024-09-18 01:36:19,872][main_train.py][line:167][INFO] Best Test acc=79.710

[2024-09-18 01:42:31,554][main_train.py][line:152][INFO] 
 Epoch:[150/200]	 loss=243.21749	 acc=76.658
[2024-09-18 01:42:38,228][main_train.py][line:155][INFO] Epoch:[150/200]	 Test acc=79.470

[2024-09-18 01:42:42,364][main_train.py][line:167][INFO] Best Test acc=79.710

[2024-09-18 01:48:44,890][main_train.py][line:152][INFO] 
 Epoch:[151/200]	 loss=238.71811	 acc=76.996
[2024-09-18 01:48:50,258][main_train.py][line:155][INFO] Epoch:[151/200]	 Test acc=78.660

[2024-09-18 01:48:54,720][main_train.py][line:167][INFO] Best Test acc=79.710

[2024-09-18 01:55:02,633][main_train.py][line:152][INFO] 
 Epoch:[152/200]	 loss=236.13544	 acc=77.382
[2024-09-18 01:55:09,581][main_train.py][line:155][INFO] Epoch:[152/200]	 Test acc=78.390

[2024-09-18 01:55:12,432][main_train.py][line:167][INFO] Best Test acc=79.710

[2024-09-18 02:01:12,055][main_train.py][line:152][INFO] 
 Epoch:[153/200]	 loss=229.13265	 acc=77.948
[2024-09-18 02:01:18,768][main_train.py][line:155][INFO] Epoch:[153/200]	 Test acc=79.430

[2024-09-18 02:01:22,368][main_train.py][line:167][INFO] Best Test acc=79.710

[2024-09-18 02:07:36,016][main_train.py][line:152][INFO] 
 Epoch:[154/200]	 loss=226.63241	 acc=78.254
[2024-09-18 02:07:41,371][main_train.py][line:155][INFO] Epoch:[154/200]	 Test acc=79.290

[2024-09-18 02:07:44,010][main_train.py][line:167][INFO] Best Test acc=79.710

[2024-09-18 02:13:44,928][main_train.py][line:152][INFO] 
 Epoch:[155/200]	 loss=220.20656	 acc=78.900
[2024-09-18 02:13:51,449][main_train.py][line:155][INFO] Epoch:[155/200]	 Test acc=79.730

[2024-09-18 02:14:00,642][main_train.py][line:167][INFO] Best Test acc=79.730

[2024-09-18 02:20:07,506][main_train.py][line:152][INFO] 
 Epoch:[156/200]	 loss=215.86291	 acc=79.228
[2024-09-18 02:20:13,896][main_train.py][line:155][INFO] Epoch:[156/200]	 Test acc=79.080

[2024-09-18 02:20:17,239][main_train.py][line:167][INFO] Best Test acc=79.730

[2024-09-18 02:26:43,490][main_train.py][line:152][INFO] 
 Epoch:[157/200]	 loss=212.36214	 acc=79.552
[2024-09-18 02:26:49,549][main_train.py][line:155][INFO] Epoch:[157/200]	 Test acc=79.220

[2024-09-18 02:26:52,679][main_train.py][line:167][INFO] Best Test acc=79.730

[2024-09-18 02:32:58,568][main_train.py][line:152][INFO] 
 Epoch:[158/200]	 loss=208.07074	 acc=79.886
[2024-09-18 02:33:03,911][main_train.py][line:155][INFO] Epoch:[158/200]	 Test acc=78.620

[2024-09-18 02:33:08,084][main_train.py][line:167][INFO] Best Test acc=79.730

[2024-09-18 02:39:07,206][main_train.py][line:152][INFO] 
 Epoch:[159/200]	 loss=203.70464	 acc=80.458
[2024-09-18 02:39:12,487][main_train.py][line:155][INFO] Epoch:[159/200]	 Test acc=78.960

[2024-09-18 02:39:16,549][main_train.py][line:167][INFO] Best Test acc=79.730

[2024-09-18 02:45:38,883][main_train.py][line:152][INFO] 
 Epoch:[160/200]	 loss=199.76225	 acc=80.900
[2024-09-18 02:45:46,290][main_train.py][line:155][INFO] Epoch:[160/200]	 Test acc=78.900

[2024-09-18 02:45:50,241][main_train.py][line:167][INFO] Best Test acc=79.730

[2024-09-18 02:51:42,993][main_train.py][line:152][INFO] 
 Epoch:[161/200]	 loss=198.27022	 acc=81.000
[2024-09-18 02:51:48,920][main_train.py][line:155][INFO] Epoch:[161/200]	 Test acc=79.280

[2024-09-18 02:51:51,941][main_train.py][line:167][INFO] Best Test acc=79.730

[2024-09-18 02:57:46,936][main_train.py][line:152][INFO] 
 Epoch:[162/200]	 loss=190.16308	 acc=81.704
[2024-09-18 02:57:52,498][main_train.py][line:155][INFO] Epoch:[162/200]	 Test acc=79.430

[2024-09-18 02:57:56,312][main_train.py][line:167][INFO] Best Test acc=79.730

[2024-09-18 03:03:57,883][main_train.py][line:152][INFO] 
 Epoch:[163/200]	 loss=184.74865	 acc=82.492
[2024-09-18 03:04:05,443][main_train.py][line:155][INFO] Epoch:[163/200]	 Test acc=79.490

[2024-09-18 03:04:08,501][main_train.py][line:167][INFO] Best Test acc=79.730

[2024-09-18 03:10:37,940][main_train.py][line:152][INFO] 
 Epoch:[164/200]	 loss=180.43953	 acc=82.782
[2024-09-18 03:10:44,528][main_train.py][line:155][INFO] Epoch:[164/200]	 Test acc=79.740

[2024-09-18 03:10:51,171][main_train.py][line:167][INFO] Best Test acc=79.740

[2024-09-18 03:16:39,361][main_train.py][line:152][INFO] 
 Epoch:[165/200]	 loss=176.78879	 acc=83.026
[2024-09-18 03:16:45,321][main_train.py][line:155][INFO] Epoch:[165/200]	 Test acc=79.000

[2024-09-18 03:16:48,789][main_train.py][line:167][INFO] Best Test acc=79.740

[2024-09-18 03:23:09,194][main_train.py][line:152][INFO] 
 Epoch:[166/200]	 loss=171.51306	 acc=83.524
[2024-09-18 03:23:15,653][main_train.py][line:155][INFO] Epoch:[166/200]	 Test acc=79.320

[2024-09-18 03:23:18,957][main_train.py][line:167][INFO] Best Test acc=79.740

[2024-09-18 03:29:49,161][main_train.py][line:152][INFO] 
 Epoch:[167/200]	 loss=166.75480	 acc=84.128
[2024-09-18 03:29:55,565][main_train.py][line:155][INFO] Epoch:[167/200]	 Test acc=79.710

[2024-09-18 03:29:58,982][main_train.py][line:167][INFO] Best Test acc=79.740

[2024-09-18 03:36:20,857][main_train.py][line:152][INFO] 
 Epoch:[168/200]	 loss=161.13079	 acc=84.578
[2024-09-18 03:36:26,769][main_train.py][line:155][INFO] Epoch:[168/200]	 Test acc=79.600

[2024-09-18 03:36:30,140][main_train.py][line:167][INFO] Best Test acc=79.740

[2024-09-18 03:43:11,599][main_train.py][line:152][INFO] 
 Epoch:[169/200]	 loss=158.24550	 acc=84.990
[2024-09-18 03:43:18,566][main_train.py][line:155][INFO] Epoch:[169/200]	 Test acc=79.740

[2024-09-18 03:43:22,255][main_train.py][line:167][INFO] Best Test acc=79.740

[2024-09-18 03:49:35,168][main_train.py][line:152][INFO] 
 Epoch:[170/200]	 loss=153.32515	 acc=85.466
[2024-09-18 03:49:42,130][main_train.py][line:155][INFO] Epoch:[170/200]	 Test acc=79.910

[2024-09-18 03:49:49,059][main_train.py][line:167][INFO] Best Test acc=79.910

[2024-09-18 03:56:12,309][main_train.py][line:152][INFO] 
 Epoch:[171/200]	 loss=147.63748	 acc=86.076
[2024-09-18 03:56:18,706][main_train.py][line:155][INFO] Epoch:[171/200]	 Test acc=79.210

[2024-09-18 03:56:22,120][main_train.py][line:167][INFO] Best Test acc=79.910

[2024-09-18 04:03:07,323][main_train.py][line:152][INFO] 
 Epoch:[172/200]	 loss=142.07171	 acc=86.366
[2024-09-18 04:03:13,962][main_train.py][line:155][INFO] Epoch:[172/200]	 Test acc=79.610

[2024-09-18 04:03:17,404][main_train.py][line:167][INFO] Best Test acc=79.910

[2024-09-18 04:10:09,169][main_train.py][line:152][INFO] 
 Epoch:[173/200]	 loss=137.20065	 acc=87.038
[2024-09-18 04:10:15,779][main_train.py][line:155][INFO] Epoch:[173/200]	 Test acc=79.810

[2024-09-18 04:10:19,335][main_train.py][line:167][INFO] Best Test acc=79.910

[2024-09-18 04:17:20,817][main_train.py][line:152][INFO] 
 Epoch:[174/200]	 loss=132.78503	 acc=87.344
[2024-09-18 04:17:27,230][main_train.py][line:155][INFO] Epoch:[174/200]	 Test acc=79.560

[2024-09-18 04:17:30,658][main_train.py][line:167][INFO] Best Test acc=79.910

[2024-09-18 04:24:27,440][main_train.py][line:152][INFO] 
 Epoch:[175/200]	 loss=127.32875	 acc=88.020
[2024-09-18 04:24:34,066][main_train.py][line:155][INFO] Epoch:[175/200]	 Test acc=79.710

[2024-09-18 04:24:37,596][main_train.py][line:167][INFO] Best Test acc=79.910

[2024-09-18 04:31:34,424][main_train.py][line:152][INFO] 
 Epoch:[176/200]	 loss=122.38645	 acc=88.528
[2024-09-18 04:31:41,112][main_train.py][line:155][INFO] Epoch:[176/200]	 Test acc=79.900

[2024-09-18 04:31:44,440][main_train.py][line:167][INFO] Best Test acc=79.910

[2024-09-18 04:38:43,258][main_train.py][line:152][INFO] 
 Epoch:[177/200]	 loss=117.37739	 acc=88.822
[2024-09-18 04:38:49,848][main_train.py][line:155][INFO] Epoch:[177/200]	 Test acc=80.030

[2024-09-18 04:38:56,797][main_train.py][line:167][INFO] Best Test acc=80.030

[2024-09-18 04:45:58,077][main_train.py][line:152][INFO] 
 Epoch:[178/200]	 loss=113.73336	 acc=89.220
[2024-09-18 04:46:03,765][main_train.py][line:155][INFO] Epoch:[178/200]	 Test acc=80.060

[2024-09-18 04:46:11,203][main_train.py][line:167][INFO] Best Test acc=80.060

[2024-09-18 04:53:16,045][main_train.py][line:152][INFO] 
 Epoch:[179/200]	 loss=110.64282	 acc=89.620
[2024-09-18 04:53:22,623][main_train.py][line:155][INFO] Epoch:[179/200]	 Test acc=79.810

[2024-09-18 04:53:26,089][main_train.py][line:167][INFO] Best Test acc=80.060

[2024-09-18 05:00:21,132][main_train.py][line:152][INFO] 
 Epoch:[180/200]	 loss=105.57308	 acc=90.088
[2024-09-18 05:00:27,753][main_train.py][line:155][INFO] Epoch:[180/200]	 Test acc=79.580

[2024-09-18 05:00:31,290][main_train.py][line:167][INFO] Best Test acc=80.060

[2024-09-18 05:07:26,965][main_train.py][line:152][INFO] 
 Epoch:[181/200]	 loss=102.09350	 acc=90.416
[2024-09-18 05:07:33,536][main_train.py][line:155][INFO] Epoch:[181/200]	 Test acc=79.290

[2024-09-18 05:07:37,067][main_train.py][line:167][INFO] Best Test acc=80.060

[2024-09-18 05:14:32,457][main_train.py][line:152][INFO] 
 Epoch:[182/200]	 loss=98.38177	 acc=90.816
[2024-09-18 05:14:38,860][main_train.py][line:155][INFO] Epoch:[182/200]	 Test acc=79.580

[2024-09-18 05:14:42,312][main_train.py][line:167][INFO] Best Test acc=80.060

[2024-09-18 05:21:45,465][main_train.py][line:152][INFO] 
 Epoch:[183/200]	 loss=95.07269	 acc=91.124
[2024-09-18 05:21:52,111][main_train.py][line:155][INFO] Epoch:[183/200]	 Test acc=80.080

[2024-09-18 05:21:58,945][main_train.py][line:167][INFO] Best Test acc=80.080

[2024-09-18 05:28:59,193][main_train.py][line:152][INFO] 
 Epoch:[184/200]	 loss=90.76568	 acc=91.678
[2024-09-18 05:29:05,855][main_train.py][line:155][INFO] Epoch:[184/200]	 Test acc=80.100

[2024-09-18 05:29:12,716][main_train.py][line:167][INFO] Best Test acc=80.100

[2024-09-18 05:36:06,681][main_train.py][line:152][INFO] 
 Epoch:[185/200]	 loss=88.06106	 acc=91.930
[2024-09-18 05:36:13,100][main_train.py][line:155][INFO] Epoch:[185/200]	 Test acc=79.880

[2024-09-18 05:36:16,613][main_train.py][line:167][INFO] Best Test acc=80.100

[2024-09-18 05:43:11,957][main_train.py][line:152][INFO] 
 Epoch:[186/200]	 loss=83.16656	 acc=92.220
[2024-09-18 05:43:18,520][main_train.py][line:155][INFO] Epoch:[186/200]	 Test acc=79.670

[2024-09-18 05:43:21,942][main_train.py][line:167][INFO] Best Test acc=80.100

[2024-09-18 05:50:21,398][main_train.py][line:152][INFO] 
 Epoch:[187/200]	 loss=80.16560	 acc=92.564
[2024-09-18 05:50:27,751][main_train.py][line:155][INFO] Epoch:[187/200]	 Test acc=80.330

[2024-09-18 05:50:35,292][main_train.py][line:167][INFO] Best Test acc=80.330

[2024-09-18 05:57:38,062][main_train.py][line:152][INFO] 
 Epoch:[188/200]	 loss=80.36884	 acc=92.644
[2024-09-18 05:57:44,691][main_train.py][line:155][INFO] Epoch:[188/200]	 Test acc=79.290

[2024-09-18 05:57:48,278][main_train.py][line:167][INFO] Best Test acc=80.330

[2024-09-18 06:04:44,258][main_train.py][line:152][INFO] 
 Epoch:[189/200]	 loss=75.43297	 acc=93.106
[2024-09-18 06:04:50,760][main_train.py][line:155][INFO] Epoch:[189/200]	 Test acc=79.970

[2024-09-18 06:04:54,302][main_train.py][line:167][INFO] Best Test acc=80.330

[2024-09-18 06:11:50,327][main_train.py][line:152][INFO] 
 Epoch:[190/200]	 loss=73.42542	 acc=93.278
[2024-09-18 06:11:56,889][main_train.py][line:155][INFO] Epoch:[190/200]	 Test acc=80.470

[2024-09-18 06:12:03,837][main_train.py][line:167][INFO] Best Test acc=80.470

[2024-09-18 06:18:58,431][main_train.py][line:152][INFO] 
 Epoch:[191/200]	 loss=72.70679	 acc=93.268
[2024-09-18 06:19:05,045][main_train.py][line:155][INFO] Epoch:[191/200]	 Test acc=79.670

[2024-09-18 06:19:08,492][main_train.py][line:167][INFO] Best Test acc=80.470

[2024-09-18 06:26:12,496][main_train.py][line:152][INFO] 
 Epoch:[192/200]	 loss=70.30898	 acc=93.498
[2024-09-18 06:26:19,088][main_train.py][line:155][INFO] Epoch:[192/200]	 Test acc=79.920

[2024-09-18 06:26:22,423][main_train.py][line:167][INFO] Best Test acc=80.470

[2024-09-18 06:33:18,527][main_train.py][line:152][INFO] 
 Epoch:[193/200]	 loss=68.37519	 acc=93.814
[2024-09-18 06:33:25,190][main_train.py][line:155][INFO] Epoch:[193/200]	 Test acc=79.680

[2024-09-18 06:33:28,662][main_train.py][line:167][INFO] Best Test acc=80.470

[2024-09-18 06:40:24,617][main_train.py][line:152][INFO] 
 Epoch:[194/200]	 loss=68.81317	 acc=93.760
[2024-09-18 06:40:31,073][main_train.py][line:155][INFO] Epoch:[194/200]	 Test acc=80.090

[2024-09-18 06:40:34,418][main_train.py][line:167][INFO] Best Test acc=80.470

[2024-09-18 06:47:29,608][main_train.py][line:152][INFO] 
 Epoch:[195/200]	 loss=67.03469	 acc=93.890
[2024-09-18 06:47:36,257][main_train.py][line:155][INFO] Epoch:[195/200]	 Test acc=80.160

[2024-09-18 06:47:39,772][main_train.py][line:167][INFO] Best Test acc=80.470

[2024-09-18 06:54:39,752][main_train.py][line:152][INFO] 
 Epoch:[196/200]	 loss=65.92379	 acc=94.100
[2024-09-18 06:54:46,012][main_train.py][line:155][INFO] Epoch:[196/200]	 Test acc=79.450

[2024-09-18 06:54:49,669][main_train.py][line:167][INFO] Best Test acc=80.470

[2024-09-18 07:01:48,908][main_train.py][line:152][INFO] 
 Epoch:[197/200]	 loss=67.18252	 acc=93.988
[2024-09-18 07:01:55,281][main_train.py][line:155][INFO] Epoch:[197/200]	 Test acc=79.820

[2024-09-18 07:01:58,822][main_train.py][line:167][INFO] Best Test acc=80.470

[2024-09-18 07:08:41,407][main_train.py][line:152][INFO] 
 Epoch:[198/200]	 loss=65.97195	 acc=94.072
[2024-09-18 07:08:48,340][main_train.py][line:155][INFO] Epoch:[198/200]	 Test acc=80.150

[2024-09-18 07:08:51,945][main_train.py][line:167][INFO] Best Test acc=80.470

[2024-09-18 07:15:04,903][main_train.py][line:152][INFO] 
 Epoch:[199/200]	 loss=64.66872	 acc=94.098
[2024-09-18 07:15:11,358][main_train.py][line:155][INFO] Epoch:[199/200]	 Test acc=80.390

[2024-09-18 07:15:14,810][main_train.py][line:167][INFO] Best Test acc=80.470

