[2024-09-17 13:07:40,296][main_train.py][line:137][INFO] {'workers': 8, 'batch_size': 128, 'seed': 42, 'optim': 'sgd', 'suffix': '', 'dataset': 'cifar100', 'model': 'vgg11', 'time': 4, 'epochs': 200, 'lr': 0.1, 'device': '2', 'special': 'l2', 'beta': 0.0005, 'attack': '', 'eps': 8, 'attack_mode': 'bptt', 'alpha': 2, 'steps': 4, 'encoding': 'rate', 'atk_encoding': 'rate', 'resume': False, 'INdatapath': '/home/gubin/bhaskar/datasets/Image100/', 'cache_dataset': False, 'distributed': False, 'TET': False, 'signed': True}
[2024-09-17 13:07:40,297][main_train.py][line:147][INFO] start training!
[2024-09-17 13:08:24,243][main_train.py][line:152][INFO] 
 Epoch:[0/200]	 loss=1655.49796	 acc=4.586
[2024-09-17 13:08:28,957][main_train.py][line:155][INFO] Epoch:[0/200]	 Test acc=7.920

[2024-09-17 13:08:32,951][main_train.py][line:167][INFO] Best Test acc=7.920

[2024-09-17 13:09:18,782][main_train.py][line:152][INFO] 
 Epoch:[1/200]	 loss=1489.47681	 acc=10.314
[2024-09-17 13:09:23,611][main_train.py][line:155][INFO] Epoch:[1/200]	 Test acc=12.390

[2024-09-17 13:09:33,998][main_train.py][line:167][INFO] Best Test acc=12.390

[2024-09-17 13:10:18,785][main_train.py][line:152][INFO] 
 Epoch:[2/200]	 loss=1387.86032	 acc=14.802
[2024-09-17 13:10:22,074][main_train.py][line:155][INFO] Epoch:[2/200]	 Test acc=16.690

[2024-09-17 13:10:26,943][main_train.py][line:167][INFO] Best Test acc=16.690

[2024-09-17 13:11:12,555][main_train.py][line:152][INFO] 
 Epoch:[3/200]	 loss=1310.38526	 acc=18.520
[2024-09-17 13:11:17,132][main_train.py][line:155][INFO] Epoch:[3/200]	 Test acc=20.050

[2024-09-17 13:11:24,483][main_train.py][line:167][INFO] Best Test acc=20.050

[2024-09-17 13:12:07,580][main_train.py][line:152][INFO] 
 Epoch:[4/200]	 loss=1245.88639	 acc=21.684
[2024-09-17 13:12:12,114][main_train.py][line:155][INFO] Epoch:[4/200]	 Test acc=23.380

[2024-09-17 13:12:22,614][main_train.py][line:167][INFO] Best Test acc=23.380

[2024-09-17 13:13:09,053][main_train.py][line:152][INFO] 
 Epoch:[5/200]	 loss=1190.52576	 acc=24.274
[2024-09-17 13:13:13,649][main_train.py][line:155][INFO] Epoch:[5/200]	 Test acc=22.500

[2024-09-17 13:13:18,988][main_train.py][line:167][INFO] Best Test acc=23.380

[2024-09-17 13:14:04,581][main_train.py][line:152][INFO] 
 Epoch:[6/200]	 loss=1142.91560	 acc=26.848
[2024-09-17 13:14:08,457][main_train.py][line:155][INFO] Epoch:[6/200]	 Test acc=25.570

[2024-09-17 13:14:14,513][main_train.py][line:167][INFO] Best Test acc=25.570

[2024-09-17 13:14:58,763][main_train.py][line:152][INFO] 
 Epoch:[7/200]	 loss=1093.15555	 acc=28.962
[2024-09-17 13:15:02,829][main_train.py][line:155][INFO] Epoch:[7/200]	 Test acc=28.410

[2024-09-17 13:15:09,108][main_train.py][line:167][INFO] Best Test acc=28.410

[2024-09-17 13:15:53,402][main_train.py][line:152][INFO] 
 Epoch:[8/200]	 loss=1059.12513	 acc=31.180
[2024-09-17 13:15:57,309][main_train.py][line:155][INFO] Epoch:[8/200]	 Test acc=29.540

[2024-09-17 13:16:03,496][main_train.py][line:167][INFO] Best Test acc=29.540

[2024-09-17 13:16:47,929][main_train.py][line:152][INFO] 
 Epoch:[9/200]	 loss=1027.73528	 acc=32.652
[2024-09-17 13:16:51,985][main_train.py][line:155][INFO] Epoch:[9/200]	 Test acc=33.720

[2024-09-17 13:16:58,346][main_train.py][line:167][INFO] Best Test acc=33.720

[2024-09-17 13:17:42,578][main_train.py][line:152][INFO] 
 Epoch:[10/200]	 loss=1003.67463	 acc=34.114
[2024-09-17 13:17:46,787][main_train.py][line:155][INFO] Epoch:[10/200]	 Test acc=33.630

[2024-09-17 13:17:50,198][main_train.py][line:167][INFO] Best Test acc=33.720

[2024-09-17 13:18:35,085][main_train.py][line:152][INFO] 
 Epoch:[11/200]	 loss=982.31333	 acc=35.394
[2024-09-17 13:18:39,373][main_train.py][line:155][INFO] Epoch:[11/200]	 Test acc=35.230

[2024-09-17 13:18:47,207][main_train.py][line:167][INFO] Best Test acc=35.230

[2024-09-17 13:19:32,036][main_train.py][line:152][INFO] 
 Epoch:[12/200]	 loss=964.30851	 acc=36.026
[2024-09-17 13:19:36,176][main_train.py][line:155][INFO] Epoch:[12/200]	 Test acc=35.710

[2024-09-17 13:19:43,338][main_train.py][line:167][INFO] Best Test acc=35.710

[2024-09-17 13:20:27,293][main_train.py][line:152][INFO] 
 Epoch:[13/200]	 loss=941.96501	 acc=37.290
[2024-09-17 13:20:32,628][main_train.py][line:155][INFO] Epoch:[13/200]	 Test acc=35.930

[2024-09-17 13:20:43,203][main_train.py][line:167][INFO] Best Test acc=35.930

[2024-09-17 13:21:32,107][main_train.py][line:152][INFO] 
 Epoch:[14/200]	 loss=932.55078	 acc=37.894
[2024-09-17 13:21:37,877][main_train.py][line:155][INFO] Epoch:[14/200]	 Test acc=36.680

[2024-09-17 13:21:50,762][main_train.py][line:167][INFO] Best Test acc=36.680

[2024-09-17 13:22:39,534][main_train.py][line:152][INFO] 
 Epoch:[15/200]	 loss=917.27329	 acc=38.914
[2024-09-17 13:22:44,760][main_train.py][line:155][INFO] Epoch:[15/200]	 Test acc=35.630

[2024-09-17 13:22:51,374][main_train.py][line:167][INFO] Best Test acc=36.680

[2024-09-17 13:23:40,522][main_train.py][line:152][INFO] 
 Epoch:[16/200]	 loss=906.45468	 acc=39.388
[2024-09-17 13:23:46,019][main_train.py][line:155][INFO] Epoch:[16/200]	 Test acc=37.330

[2024-09-17 13:23:58,454][main_train.py][line:167][INFO] Best Test acc=37.330

[2024-09-17 13:24:48,527][main_train.py][line:152][INFO] 
 Epoch:[17/200]	 loss=894.51252	 acc=40.076
[2024-09-17 13:24:54,537][main_train.py][line:155][INFO] Epoch:[17/200]	 Test acc=35.620

[2024-09-17 13:25:01,570][main_train.py][line:167][INFO] Best Test acc=37.330

[2024-09-17 13:25:51,169][main_train.py][line:152][INFO] 
 Epoch:[18/200]	 loss=883.90577	 acc=40.686
[2024-09-17 13:25:56,895][main_train.py][line:155][INFO] Epoch:[18/200]	 Test acc=37.430

[2024-09-17 13:26:08,132][main_train.py][line:167][INFO] Best Test acc=37.430

[2024-09-17 13:27:01,003][main_train.py][line:152][INFO] 
 Epoch:[19/200]	 loss=878.87824	 acc=40.834
[2024-09-17 13:27:07,546][main_train.py][line:155][INFO] Epoch:[19/200]	 Test acc=36.810

[2024-09-17 13:27:14,342][main_train.py][line:167][INFO] Best Test acc=37.430

[2024-09-17 13:28:06,223][main_train.py][line:152][INFO] 
 Epoch:[20/200]	 loss=868.68828	 acc=41.482
[2024-09-17 13:28:11,857][main_train.py][line:155][INFO] Epoch:[20/200]	 Test acc=35.580

[2024-09-17 13:28:18,570][main_train.py][line:167][INFO] Best Test acc=37.430

[2024-09-17 13:29:09,537][main_train.py][line:152][INFO] 
 Epoch:[21/200]	 loss=859.04265	 acc=42.040
[2024-09-17 13:29:14,824][main_train.py][line:155][INFO] Epoch:[21/200]	 Test acc=36.930

[2024-09-17 13:29:20,925][main_train.py][line:167][INFO] Best Test acc=37.430

[2024-09-17 13:30:09,587][main_train.py][line:152][INFO] 
 Epoch:[22/200]	 loss=853.95454	 acc=42.456
[2024-09-17 13:30:14,797][main_train.py][line:155][INFO] Epoch:[22/200]	 Test acc=39.620

[2024-09-17 13:30:27,342][main_train.py][line:167][INFO] Best Test acc=39.620

[2024-09-17 13:31:17,689][main_train.py][line:152][INFO] 
 Epoch:[23/200]	 loss=847.82007	 acc=42.892
[2024-09-17 13:31:23,380][main_train.py][line:155][INFO] Epoch:[23/200]	 Test acc=35.650

[2024-09-17 13:31:29,215][main_train.py][line:167][INFO] Best Test acc=39.620

[2024-09-17 13:32:18,461][main_train.py][line:152][INFO] 
 Epoch:[24/200]	 loss=842.21220	 acc=43.114
[2024-09-17 13:32:23,657][main_train.py][line:155][INFO] Epoch:[24/200]	 Test acc=39.910

[2024-09-17 13:32:35,139][main_train.py][line:167][INFO] Best Test acc=39.910

[2024-09-17 13:33:24,485][main_train.py][line:152][INFO] 
 Epoch:[25/200]	 loss=838.20650	 acc=43.522
[2024-09-17 13:33:29,846][main_train.py][line:155][INFO] Epoch:[25/200]	 Test acc=35.480

[2024-09-17 13:33:34,714][main_train.py][line:167][INFO] Best Test acc=39.910

[2024-09-17 13:34:21,458][main_train.py][line:152][INFO] 
 Epoch:[26/200]	 loss=829.92783	 acc=43.708
[2024-09-17 13:34:26,607][main_train.py][line:155][INFO] Epoch:[26/200]	 Test acc=39.960

[2024-09-17 13:34:39,956][main_train.py][line:167][INFO] Best Test acc=39.960

[2024-09-17 13:35:29,793][main_train.py][line:152][INFO] 
 Epoch:[27/200]	 loss=827.51818	 acc=43.966
[2024-09-17 13:35:35,279][main_train.py][line:155][INFO] Epoch:[27/200]	 Test acc=39.630

[2024-09-17 13:35:39,967][main_train.py][line:167][INFO] Best Test acc=39.960

[2024-09-17 13:36:03,543][main_train.py][line:152][INFO]
 Epoch:[28/200]	 loss=824.17882	 acc=44.294
[2024-09-17 13:36:32,053][main_train.py][line:155][INFO] Epoch:[28/200]	 Test acc=39.300

[2024-09-17 13:39:31,969][main_train.py][line:152][INFO] 
 Epoch:[31/200]	 loss=809.17488	 acc=44.782
[2024-09-17 13:39:37,408][main_train.py][line:155][INFO] Epoch:[31/200]	 Test acc=40.180

[2024-09-17 13:39:43,007][main_train.py][line:167][INFO] Best Test acc=41.990

[2024-09-17 13:41:18,723][main_train.py][line:152][INFO] 
 Epoch:[32/200]	 loss=801.39819	 acc=45.332
[2024-09-17 13:41:25,621][main_train.py][line:155][INFO] Epoch:[32/200]	 Test acc=39.930

[2024-09-17 13:41:28,527][main_train.py][line:167][INFO] Best Test acc=41.990

[2024-09-17 13:43:04,470][main_train.py][line:152][INFO] 
 Epoch:[33/200]	 loss=799.38990	 acc=45.508
[2024-09-17 13:43:11,420][main_train.py][line:155][INFO] Epoch:[33/200]	 Test acc=41.640

[2024-09-17 13:43:14,152][main_train.py][line:167][INFO] Best Test acc=41.990

[2024-09-17 13:44:50,932][main_train.py][line:152][INFO] 
 Epoch:[34/200]	 loss=794.95640	 acc=45.926
[2024-09-17 13:44:57,916][main_train.py][line:155][INFO] Epoch:[34/200]	 Test acc=40.720

[2024-09-17 13:45:00,261][main_train.py][line:167][INFO] Best Test acc=41.990

[2024-09-17 13:46:31,099][main_train.py][line:152][INFO] 
 Epoch:[35/200]	 loss=793.98306	 acc=45.862
[2024-09-17 13:46:38,476][main_train.py][line:155][INFO] Epoch:[35/200]	 Test acc=40.560

[2024-09-17 13:46:41,088][main_train.py][line:167][INFO] Best Test acc=41.990

[2024-09-17 13:48:16,825][main_train.py][line:152][INFO] 
 Epoch:[36/200]	 loss=790.11365	 acc=46.210
[2024-09-17 13:48:23,603][main_train.py][line:155][INFO] Epoch:[36/200]	 Test acc=39.040

[2024-09-17 13:48:26,016][main_train.py][line:167][INFO] Best Test acc=41.990

[2024-09-17 13:49:59,400][main_train.py][line:152][INFO] 
 Epoch:[37/200]	 loss=786.71308	 acc=46.470
[2024-09-17 13:50:05,677][main_train.py][line:155][INFO] Epoch:[37/200]	 Test acc=42.260

[2024-09-17 13:50:10,356][main_train.py][line:167][INFO] Best Test acc=42.260

[2024-09-17 13:51:44,276][main_train.py][line:152][INFO] 
 Epoch:[38/200]	 loss=779.63600	 acc=46.824
[2024-09-17 13:51:50,704][main_train.py][line:155][INFO] Epoch:[38/200]	 Test acc=42.370

[2024-09-17 13:51:55,546][main_train.py][line:167][INFO] Best Test acc=42.370

[2024-09-17 13:53:23,108][main_train.py][line:152][INFO] 
 Epoch:[39/200]	 loss=774.59795	 acc=47.304
[2024-09-17 13:53:29,416][main_train.py][line:155][INFO] Epoch:[39/200]	 Test acc=43.320

[2024-09-17 13:53:34,297][main_train.py][line:167][INFO] Best Test acc=43.320

[2024-09-17 13:55:08,620][main_train.py][line:152][INFO] 
 Epoch:[40/200]	 loss=768.43687	 acc=47.318
[2024-09-17 13:55:15,325][main_train.py][line:155][INFO] Epoch:[40/200]	 Test acc=42.630

[2024-09-17 13:55:18,044][main_train.py][line:167][INFO] Best Test acc=43.320

[2024-09-17 13:56:52,117][main_train.py][line:152][INFO] 
 Epoch:[41/200]	 loss=767.75859	 acc=47.190
[2024-09-17 13:56:58,370][main_train.py][line:155][INFO] Epoch:[41/200]	 Test acc=40.600

[2024-09-17 13:57:00,718][main_train.py][line:167][INFO] Best Test acc=43.320

[2024-09-17 13:58:35,221][main_train.py][line:152][INFO] 
 Epoch:[42/200]	 loss=766.73564	 acc=47.564
[2024-09-17 13:58:41,365][main_train.py][line:155][INFO] Epoch:[42/200]	 Test acc=41.610

[2024-09-17 13:58:43,707][main_train.py][line:167][INFO] Best Test acc=43.320

[2024-09-17 14:00:13,885][main_train.py][line:152][INFO] 
 Epoch:[43/200]	 loss=762.77379	 acc=47.736
[2024-09-17 14:00:20,367][main_train.py][line:155][INFO] Epoch:[43/200]	 Test acc=41.400

[2024-09-17 14:00:22,855][main_train.py][line:167][INFO] Best Test acc=43.320

[2024-09-17 14:01:55,211][main_train.py][line:152][INFO] 
 Epoch:[44/200]	 loss=760.52333	 acc=47.898
[2024-09-17 14:02:01,096][main_train.py][line:155][INFO] Epoch:[44/200]	 Test acc=42.030

[2024-09-17 14:02:03,527][main_train.py][line:167][INFO] Best Test acc=43.320

[2024-09-17 14:03:38,903][main_train.py][line:152][INFO] 
 Epoch:[45/200]	 loss=755.39536	 acc=48.006
[2024-09-17 14:03:46,854][main_train.py][line:155][INFO] Epoch:[45/200]	 Test acc=41.350

[2024-09-17 14:03:49,472][main_train.py][line:167][INFO] Best Test acc=43.320

[2024-09-17 14:05:25,563][main_train.py][line:152][INFO] 
 Epoch:[46/200]	 loss=748.03413	 acc=48.590
[2024-09-17 14:05:32,017][main_train.py][line:155][INFO] Epoch:[46/200]	 Test acc=42.350

[2024-09-17 14:05:35,287][main_train.py][line:167][INFO] Best Test acc=43.320

[2024-09-17 14:07:03,269][main_train.py][line:152][INFO] 
 Epoch:[47/200]	 loss=747.51888	 acc=48.806
[2024-09-17 14:07:09,858][main_train.py][line:155][INFO] Epoch:[47/200]	 Test acc=43.080

[2024-09-17 14:07:12,568][main_train.py][line:167][INFO] Best Test acc=43.320

[2024-09-17 14:08:19,881][main_train.py][line:152][INFO] 
 Epoch:[48/200]	 loss=742.88289	 acc=49.020
[2024-09-17 14:08:26,473][main_train.py][line:155][INFO] Epoch:[48/200]	 Test acc=44.180

[2024-09-17 14:08:31,673][main_train.py][line:167][INFO] Best Test acc=44.180

[2024-09-17 14:09:58,453][main_train.py][line:152][INFO] 
 Epoch:[49/200]	 loss=738.75864	 acc=49.070
[2024-09-17 14:10:04,975][main_train.py][line:155][INFO] Epoch:[49/200]	 Test acc=40.650

[2024-09-17 14:10:07,494][main_train.py][line:167][INFO] Best Test acc=44.180

[2024-09-17 14:11:35,799][main_train.py][line:152][INFO] 
 Epoch:[50/200]	 loss=737.54769	 acc=49.094
[2024-09-17 14:11:42,021][main_train.py][line:155][INFO] Epoch:[50/200]	 Test acc=41.390

[2024-09-17 14:11:44,551][main_train.py][line:167][INFO] Best Test acc=44.180

[2024-09-17 14:13:14,566][main_train.py][line:152][INFO] 
 Epoch:[51/200]	 loss=734.80800	 acc=49.384
[2024-09-17 14:13:20,395][main_train.py][line:155][INFO] Epoch:[51/200]	 Test acc=42.900

[2024-09-17 14:13:22,910][main_train.py][line:167][INFO] Best Test acc=44.180

[2024-09-17 14:14:45,042][main_train.py][line:152][INFO] 
 Epoch:[52/200]	 loss=732.85957	 acc=49.608
[2024-09-17 14:14:48,492][main_train.py][line:155][INFO] Epoch:[52/200]	 Test acc=42.550

[2024-09-17 14:14:51,075][main_train.py][line:167][INFO] Best Test acc=44.180

[2024-09-17 14:16:22,638][main_train.py][line:152][INFO] 
 Epoch:[53/200]	 loss=725.89451	 acc=49.972
[2024-09-17 14:16:29,079][main_train.py][line:155][INFO] Epoch:[53/200]	 Test acc=44.570

[2024-09-17 14:16:33,806][main_train.py][line:167][INFO] Best Test acc=44.570

[2024-09-17 14:18:05,197][main_train.py][line:152][INFO] 
 Epoch:[54/200]	 loss=723.04648	 acc=50.300
[2024-09-17 14:18:11,748][main_train.py][line:155][INFO] Epoch:[54/200]	 Test acc=43.610

[2024-09-17 14:18:14,175][main_train.py][line:167][INFO] Best Test acc=44.570

[2024-09-17 14:19:46,676][main_train.py][line:152][INFO] 
 Epoch:[55/200]	 loss=721.01148	 acc=50.422
[2024-09-17 14:19:52,906][main_train.py][line:155][INFO] Epoch:[55/200]	 Test acc=42.380

[2024-09-17 14:19:55,324][main_train.py][line:167][INFO] Best Test acc=44.570

[2024-09-17 14:21:22,337][main_train.py][line:152][INFO] 
 Epoch:[56/200]	 loss=720.29782	 acc=50.026
[2024-09-17 14:21:25,987][main_train.py][line:155][INFO] Epoch:[56/200]	 Test acc=42.170

[2024-09-17 14:21:28,452][main_train.py][line:167][INFO] Best Test acc=44.570

[2024-09-17 14:22:58,840][main_train.py][line:152][INFO] 
 Epoch:[57/200]	 loss=716.17304	 acc=50.438
[2024-09-17 14:23:05,193][main_train.py][line:155][INFO] Epoch:[57/200]	 Test acc=43.950

[2024-09-17 14:23:07,925][main_train.py][line:167][INFO] Best Test acc=44.570

[2024-09-17 14:24:41,121][main_train.py][line:152][INFO] 
 Epoch:[58/200]	 loss=712.85744	 acc=50.820
[2024-09-17 14:24:47,428][main_train.py][line:155][INFO] Epoch:[58/200]	 Test acc=42.830

[2024-09-17 14:24:49,988][main_train.py][line:167][INFO] Best Test acc=44.570

[2024-09-17 14:26:21,558][main_train.py][line:152][INFO] 
 Epoch:[59/200]	 loss=706.13562	 acc=51.014
[2024-09-17 14:26:27,727][main_train.py][line:155][INFO] Epoch:[59/200]	 Test acc=44.300

[2024-09-17 14:26:30,174][main_train.py][line:167][INFO] Best Test acc=44.570

[2024-09-17 14:27:57,536][main_train.py][line:152][INFO] 
 Epoch:[60/200]	 loss=702.64779	 acc=51.182
[2024-09-17 14:28:02,269][main_train.py][line:155][INFO] Epoch:[60/200]	 Test acc=43.640

[2024-09-17 14:28:04,837][main_train.py][line:167][INFO] Best Test acc=44.570

[2024-09-17 14:29:36,297][main_train.py][line:152][INFO] 
 Epoch:[61/200]	 loss=700.18869	 acc=51.610
[2024-09-17 14:29:42,553][main_train.py][line:155][INFO] Epoch:[61/200]	 Test acc=44.190

[2024-09-17 14:29:44,950][main_train.py][line:167][INFO] Best Test acc=44.570

[2024-09-17 14:31:16,910][main_train.py][line:152][INFO] 
 Epoch:[62/200]	 loss=692.68969	 acc=52.002
[2024-09-17 14:31:23,127][main_train.py][line:155][INFO] Epoch:[62/200]	 Test acc=43.700

[2024-09-17 14:31:25,614][main_train.py][line:167][INFO] Best Test acc=44.570

[2024-09-17 14:32:57,195][main_train.py][line:152][INFO] 
 Epoch:[63/200]	 loss=693.58517	 acc=51.730
[2024-09-17 14:33:03,412][main_train.py][line:155][INFO] Epoch:[63/200]	 Test acc=42.710

[2024-09-17 14:33:05,844][main_train.py][line:167][INFO] Best Test acc=44.570

[2024-09-17 14:34:31,231][main_train.py][line:152][INFO] 
 Epoch:[64/200]	 loss=692.59638	 acc=51.912
[2024-09-17 14:34:37,269][main_train.py][line:155][INFO] Epoch:[64/200]	 Test acc=42.920

[2024-09-17 14:34:39,825][main_train.py][line:167][INFO] Best Test acc=44.570

[2024-09-17 14:36:08,079][main_train.py][line:152][INFO] 
 Epoch:[65/200]	 loss=686.60366	 acc=52.278
[2024-09-17 14:36:14,332][main_train.py][line:155][INFO] Epoch:[65/200]	 Test acc=44.980

[2024-09-17 14:36:19,103][main_train.py][line:167][INFO] Best Test acc=44.980

[2024-09-17 14:37:50,397][main_train.py][line:152][INFO] 
 Epoch:[66/200]	 loss=679.95423	 acc=52.692
[2024-09-17 14:37:56,670][main_train.py][line:155][INFO] Epoch:[66/200]	 Test acc=44.380

[2024-09-17 14:37:59,087][main_train.py][line:167][INFO] Best Test acc=44.980

[2024-09-17 14:39:31,662][main_train.py][line:152][INFO] 
 Epoch:[67/200]	 loss=682.36246	 acc=52.530
[2024-09-17 14:39:38,156][main_train.py][line:155][INFO] Epoch:[67/200]	 Test acc=44.880

[2024-09-17 14:39:40,665][main_train.py][line:167][INFO] Best Test acc=44.980

[2024-09-17 14:41:09,914][main_train.py][line:152][INFO] 
 Epoch:[68/200]	 loss=672.21622	 acc=52.956
[2024-09-17 14:41:16,062][main_train.py][line:155][INFO] Epoch:[68/200]	 Test acc=42.480

[2024-09-17 14:41:19,760][main_train.py][line:167][INFO] Best Test acc=44.980

[2024-09-17 14:42:52,668][main_train.py][line:152][INFO] 
 Epoch:[69/200]	 loss=669.60317	 acc=53.432
[2024-09-17 14:42:59,126][main_train.py][line:155][INFO] Epoch:[69/200]	 Test acc=44.430

[2024-09-17 14:43:01,803][main_train.py][line:167][INFO] Best Test acc=44.980

[2024-09-17 14:44:34,304][main_train.py][line:152][INFO] 
 Epoch:[70/200]	 loss=668.55817	 acc=53.302
[2024-09-17 14:44:40,543][main_train.py][line:155][INFO] Epoch:[70/200]	 Test acc=44.050

[2024-09-17 14:44:43,054][main_train.py][line:167][INFO] Best Test acc=44.980

[2024-09-17 14:46:15,639][main_train.py][line:152][INFO] 
 Epoch:[71/200]	 loss=663.70482	 acc=53.788
[2024-09-17 14:46:21,905][main_train.py][line:155][INFO] Epoch:[71/200]	 Test acc=45.710

[2024-09-17 14:46:26,665][main_train.py][line:167][INFO] Best Test acc=45.710

[2024-09-17 14:47:51,689][main_train.py][line:152][INFO] 
 Epoch:[72/200]	 loss=661.81572	 acc=53.698
[2024-09-17 14:47:57,912][main_train.py][line:155][INFO] Epoch:[72/200]	 Test acc=44.130

[2024-09-17 14:48:00,370][main_train.py][line:167][INFO] Best Test acc=45.710

[2024-09-17 14:49:32,748][main_train.py][line:152][INFO] 
 Epoch:[73/200]	 loss=656.44247	 acc=53.918
[2024-09-17 14:49:39,351][main_train.py][line:155][INFO] Epoch:[73/200]	 Test acc=45.550

[2024-09-17 14:49:41,841][main_train.py][line:167][INFO] Best Test acc=45.710

[2024-09-17 14:51:14,526][main_train.py][line:152][INFO] 
 Epoch:[74/200]	 loss=651.78321	 acc=54.528
[2024-09-17 14:51:21,134][main_train.py][line:155][INFO] Epoch:[74/200]	 Test acc=45.830

[2024-09-17 14:51:25,929][main_train.py][line:167][INFO] Best Test acc=45.830

[2024-09-17 14:52:58,640][main_train.py][line:152][INFO] 
 Epoch:[75/200]	 loss=645.58508	 acc=54.696
[2024-09-17 14:53:05,146][main_train.py][line:155][INFO] Epoch:[75/200]	 Test acc=45.330

[2024-09-17 14:53:07,695][main_train.py][line:167][INFO] Best Test acc=45.830

[2024-09-17 14:54:32,772][main_train.py][line:152][INFO] 
 Epoch:[76/200]	 loss=643.39563	 acc=54.920
[2024-09-17 14:54:39,037][main_train.py][line:155][INFO] Epoch:[76/200]	 Test acc=43.860

[2024-09-17 14:54:41,607][main_train.py][line:167][INFO] Best Test acc=45.830

[2024-09-17 14:56:14,077][main_train.py][line:152][INFO] 
 Epoch:[77/200]	 loss=634.47811	 acc=55.240
[2024-09-17 14:56:20,371][main_train.py][line:155][INFO] Epoch:[77/200]	 Test acc=44.130

[2024-09-17 14:56:22,888][main_train.py][line:167][INFO] Best Test acc=45.830

[2024-09-17 14:57:55,412][main_train.py][line:152][INFO] 
 Epoch:[78/200]	 loss=635.19923	 acc=55.182
[2024-09-17 14:58:01,648][main_train.py][line:155][INFO] Epoch:[78/200]	 Test acc=46.730

[2024-09-17 14:58:06,736][main_train.py][line:167][INFO] Best Test acc=46.730

[2024-09-17 14:59:39,574][main_train.py][line:152][INFO] 
 Epoch:[79/200]	 loss=628.52292	 acc=55.862
[2024-09-17 14:59:46,167][main_train.py][line:155][INFO] Epoch:[79/200]	 Test acc=46.170

[2024-09-17 14:59:48,555][main_train.py][line:167][INFO] Best Test acc=46.730

[2024-09-17 15:01:13,964][main_train.py][line:152][INFO] 
 Epoch:[80/200]	 loss=623.37271	 acc=55.866
[2024-09-17 15:01:20,260][main_train.py][line:155][INFO] Epoch:[80/200]	 Test acc=45.010

[2024-09-17 15:01:23,061][main_train.py][line:167][INFO] Best Test acc=46.730

[2024-09-17 15:02:56,782][main_train.py][line:152][INFO] 
 Epoch:[81/200]	 loss=621.76403	 acc=55.998
[2024-09-17 15:03:03,489][main_train.py][line:155][INFO] Epoch:[81/200]	 Test acc=45.400

[2024-09-17 15:03:06,191][main_train.py][line:167][INFO] Best Test acc=46.730

[2024-09-17 15:04:39,598][main_train.py][line:152][INFO] 
 Epoch:[82/200]	 loss=614.79273	 acc=56.550
[2024-09-17 15:04:46,233][main_train.py][line:155][INFO] Epoch:[82/200]	 Test acc=45.950

[2024-09-17 15:04:48,956][main_train.py][line:167][INFO] Best Test acc=46.730

[2024-09-17 15:06:22,198][main_train.py][line:152][INFO] 
 Epoch:[83/200]	 loss=616.04916	 acc=56.428
[2024-09-17 15:06:28,697][main_train.py][line:155][INFO] Epoch:[83/200]	 Test acc=44.650

[2024-09-17 15:06:31,213][main_train.py][line:167][INFO] Best Test acc=46.730

[2024-09-17 15:07:56,833][main_train.py][line:152][INFO] 
 Epoch:[84/200]	 loss=607.84705	 acc=57.102
[2024-09-17 15:08:03,412][main_train.py][line:155][INFO] Epoch:[84/200]	 Test acc=42.800

[2024-09-17 15:08:07,491][main_train.py][line:167][INFO] Best Test acc=46.730

[2024-09-17 15:09:40,792][main_train.py][line:152][INFO] 
 Epoch:[85/200]	 loss=601.62843	 acc=57.300
[2024-09-17 15:09:47,467][main_train.py][line:155][INFO] Epoch:[85/200]	 Test acc=47.400

[2024-09-17 15:09:53,136][main_train.py][line:167][INFO] Best Test acc=47.400

[2024-09-17 15:11:26,517][main_train.py][line:152][INFO] 
 Epoch:[86/200]	 loss=597.80461	 acc=57.398
[2024-09-17 15:11:33,090][main_train.py][line:155][INFO] Epoch:[86/200]	 Test acc=45.550

[2024-09-17 15:11:35,960][main_train.py][line:167][INFO] Best Test acc=47.400

[2024-09-17 15:13:07,621][main_train.py][line:152][INFO] 
 Epoch:[87/200]	 loss=589.02105	 acc=57.878
[2024-09-17 15:13:13,693][main_train.py][line:155][INFO] Epoch:[87/200]	 Test acc=45.970

[2024-09-17 15:13:17,454][main_train.py][line:167][INFO] Best Test acc=47.400

[2024-09-17 15:14:46,992][main_train.py][line:152][INFO] 
 Epoch:[88/200]	 loss=589.45038	 acc=58.002
[2024-09-17 15:14:53,665][main_train.py][line:155][INFO] Epoch:[88/200]	 Test acc=46.170

[2024-09-17 15:14:57,987][main_train.py][line:167][INFO] Best Test acc=47.400

[2024-09-17 15:16:31,679][main_train.py][line:152][INFO] 
 Epoch:[89/200]	 loss=580.94047	 acc=58.916
[2024-09-17 15:16:37,976][main_train.py][line:155][INFO] Epoch:[89/200]	 Test acc=46.140

[2024-09-17 15:16:41,374][main_train.py][line:167][INFO] Best Test acc=47.400

[2024-09-17 15:18:14,261][main_train.py][line:152][INFO] 
 Epoch:[90/200]	 loss=574.45208	 acc=58.930
[2024-09-17 15:18:20,938][main_train.py][line:155][INFO] Epoch:[90/200]	 Test acc=47.510

[2024-09-17 15:18:27,091][main_train.py][line:167][INFO] Best Test acc=47.510

[2024-09-17 15:19:56,340][main_train.py][line:152][INFO] 
 Epoch:[91/200]	 loss=569.68408	 acc=59.204
[2024-09-17 15:20:01,900][main_train.py][line:155][INFO] Epoch:[91/200]	 Test acc=47.320

[2024-09-17 15:20:04,749][main_train.py][line:167][INFO] Best Test acc=47.510

[2024-09-17 15:21:38,145][main_train.py][line:152][INFO] 
 Epoch:[92/200]	 loss=567.73854	 acc=59.462
[2024-09-17 15:21:44,370][main_train.py][line:155][INFO] Epoch:[92/200]	 Test acc=45.050

[2024-09-17 15:21:46,961][main_train.py][line:167][INFO] Best Test acc=47.510

[2024-09-17 15:23:19,804][main_train.py][line:152][INFO] 
 Epoch:[93/200]	 loss=565.69946	 acc=59.568
[2024-09-17 15:23:26,417][main_train.py][line:155][INFO] Epoch:[93/200]	 Test acc=46.050

[2024-09-17 15:23:29,481][main_train.py][line:167][INFO] Best Test acc=47.510

[2024-09-17 15:25:02,447][main_train.py][line:152][INFO] 
 Epoch:[94/200]	 loss=559.25148	 acc=59.992
[2024-09-17 15:25:08,932][main_train.py][line:155][INFO] Epoch:[94/200]	 Test acc=47.940

[2024-09-17 15:25:15,216][main_train.py][line:167][INFO] Best Test acc=47.940

[2024-09-17 15:26:41,509][main_train.py][line:152][INFO] 
 Epoch:[95/200]	 loss=551.43153	 acc=60.318
[2024-09-17 15:26:48,145][main_train.py][line:155][INFO] Epoch:[95/200]	 Test acc=47.020

[2024-09-17 15:26:51,513][main_train.py][line:167][INFO] Best Test acc=47.940

[2024-09-17 15:28:24,642][main_train.py][line:152][INFO] 
 Epoch:[96/200]	 loss=545.62887	 acc=60.776
[2024-09-17 15:28:31,275][main_train.py][line:155][INFO] Epoch:[96/200]	 Test acc=46.070

[2024-09-17 15:28:35,220][main_train.py][line:167][INFO] Best Test acc=47.940

[2024-09-17 15:30:08,604][main_train.py][line:152][INFO] 
 Epoch:[97/200]	 loss=540.20718	 acc=61.130
[2024-09-17 15:30:14,866][main_train.py][line:155][INFO] Epoch:[97/200]	 Test acc=47.110

[2024-09-17 15:30:17,625][main_train.py][line:167][INFO] Best Test acc=47.940

[2024-09-17 15:31:50,191][main_train.py][line:152][INFO] 
 Epoch:[98/200]	 loss=531.03490	 acc=61.690
[2024-09-17 15:31:56,458][main_train.py][line:155][INFO] Epoch:[98/200]	 Test acc=47.320

[2024-09-17 15:31:59,511][main_train.py][line:167][INFO] Best Test acc=47.940

[2024-09-17 15:33:23,846][main_train.py][line:152][INFO] 
 Epoch:[99/200]	 loss=530.08276	 acc=61.812
[2024-09-17 15:33:30,433][main_train.py][line:155][INFO] Epoch:[99/200]	 Test acc=46.250

[2024-09-17 15:33:33,431][main_train.py][line:167][INFO] Best Test acc=47.940

[2024-09-17 15:35:06,231][main_train.py][line:152][INFO] 
 Epoch:[100/200]	 loss=525.01909	 acc=62.234
[2024-09-17 15:35:12,487][main_train.py][line:155][INFO] Epoch:[100/200]	 Test acc=46.980

[2024-09-17 15:35:15,256][main_train.py][line:167][INFO] Best Test acc=47.940

[2024-09-17 15:36:47,900][main_train.py][line:152][INFO] 
 Epoch:[101/200]	 loss=517.04172	 acc=62.702
[2024-09-17 15:36:54,256][main_train.py][line:155][INFO] Epoch:[101/200]	 Test acc=47.960

[2024-09-17 15:36:59,438][main_train.py][line:167][INFO] Best Test acc=47.960

[2024-09-17 15:38:32,082][main_train.py][line:152][INFO] 
 Epoch:[102/200]	 loss=510.47209	 acc=63.162
[2024-09-17 15:38:38,422][main_train.py][line:155][INFO] Epoch:[102/200]	 Test acc=46.690

[2024-09-17 15:38:40,947][main_train.py][line:167][INFO] Best Test acc=47.960

[2024-09-17 15:40:06,645][main_train.py][line:152][INFO] 
 Epoch:[103/200]	 loss=503.22504	 acc=63.814
[2024-09-17 15:40:12,996][main_train.py][line:155][INFO] Epoch:[103/200]	 Test acc=46.470

[2024-09-17 15:40:15,776][main_train.py][line:167][INFO] Best Test acc=47.960

[2024-09-17 15:41:48,524][main_train.py][line:152][INFO] 
 Epoch:[104/200]	 loss=499.91076	 acc=63.712
[2024-09-17 15:41:54,827][main_train.py][line:155][INFO] Epoch:[104/200]	 Test acc=48.370

[2024-09-17 15:41:59,895][main_train.py][line:167][INFO] Best Test acc=48.370

[2024-09-17 15:43:32,695][main_train.py][line:152][INFO] 
 Epoch:[105/200]	 loss=489.69224	 acc=64.212
[2024-09-17 15:43:38,984][main_train.py][line:155][INFO] Epoch:[105/200]	 Test acc=48.370

[2024-09-17 15:43:42,011][main_train.py][line:167][INFO] Best Test acc=48.370

[2024-09-17 15:45:15,344][main_train.py][line:152][INFO] 
 Epoch:[106/200]	 loss=484.56052	 acc=64.644
[2024-09-17 15:45:20,941][main_train.py][line:155][INFO] Epoch:[106/200]	 Test acc=46.500

[2024-09-17 15:45:24,323][main_train.py][line:167][INFO] Best Test acc=48.370

[2024-09-17 15:46:53,865][main_train.py][line:152][INFO] 
 Epoch:[107/200]	 loss=477.93507	 acc=65.274
[2024-09-17 15:47:00,137][main_train.py][line:155][INFO] Epoch:[107/200]	 Test acc=47.450

[2024-09-17 15:47:03,687][main_train.py][line:167][INFO] Best Test acc=48.370

[2024-09-17 15:48:36,635][main_train.py][line:152][INFO] 
 Epoch:[108/200]	 loss=472.54067	 acc=65.472
[2024-09-17 15:48:42,880][main_train.py][line:155][INFO] Epoch:[108/200]	 Test acc=47.800

[2024-09-17 15:48:46,155][main_train.py][line:167][INFO] Best Test acc=48.370

[2024-09-17 15:50:18,966][main_train.py][line:152][INFO] 
 Epoch:[109/200]	 loss=465.46617	 acc=66.026
[2024-09-17 15:50:25,529][main_train.py][line:155][INFO] Epoch:[109/200]	 Test acc=48.210

[2024-09-17 15:50:28,270][main_train.py][line:167][INFO] Best Test acc=48.370

[2024-09-17 15:51:57,431][main_train.py][line:152][INFO] 
 Epoch:[110/200]	 loss=461.37901	 acc=66.240
[2024-09-17 15:52:03,860][main_train.py][line:155][INFO] Epoch:[110/200]	 Test acc=47.150

[2024-09-17 15:52:07,315][main_train.py][line:167][INFO] Best Test acc=48.370

[2024-09-17 15:53:37,411][main_train.py][line:152][INFO] 
 Epoch:[111/200]	 loss=451.10669	 acc=67.004
[2024-09-17 15:53:43,779][main_train.py][line:155][INFO] Epoch:[111/200]	 Test acc=48.220

[2024-09-17 15:53:46,929][main_train.py][line:167][INFO] Best Test acc=48.370

[2024-09-17 15:55:20,083][main_train.py][line:152][INFO] 
 Epoch:[112/200]	 loss=448.68316	 acc=67.150
[2024-09-17 15:55:26,482][main_train.py][line:155][INFO] Epoch:[112/200]	 Test acc=47.340

[2024-09-17 15:55:29,577][main_train.py][line:167][INFO] Best Test acc=48.370

[2024-09-17 15:57:02,549][main_train.py][line:152][INFO] 
 Epoch:[113/200]	 loss=437.00696	 acc=67.812
[2024-09-17 15:57:09,238][main_train.py][line:155][INFO] Epoch:[113/200]	 Test acc=48.400

[2024-09-17 15:57:14,892][main_train.py][line:167][INFO] Best Test acc=48.400

[2024-09-17 15:58:42,954][main_train.py][line:152][INFO] 
 Epoch:[114/200]	 loss=430.46285	 acc=68.380
[2024-09-17 15:58:48,691][main_train.py][line:155][INFO] Epoch:[114/200]	 Test acc=48.860

[2024-09-17 15:58:55,714][main_train.py][line:167][INFO] Best Test acc=48.860

[2024-09-17 16:00:28,681][main_train.py][line:152][INFO] 
 Epoch:[115/200]	 loss=427.94643	 acc=68.546
[2024-09-17 16:00:35,379][main_train.py][line:155][INFO] Epoch:[115/200]	 Test acc=47.980

[2024-09-17 16:00:38,688][main_train.py][line:167][INFO] Best Test acc=48.860

[2024-09-17 16:02:12,048][main_train.py][line:152][INFO] 
 Epoch:[116/200]	 loss=420.16380	 acc=69.088
[2024-09-17 16:02:18,679][main_train.py][line:155][INFO] Epoch:[116/200]	 Test acc=48.400

[2024-09-17 16:02:22,215][main_train.py][line:167][INFO] Best Test acc=48.860

[2024-09-17 16:03:55,824][main_train.py][line:152][INFO] 
 Epoch:[117/200]	 loss=413.15059	 acc=69.496
[2024-09-17 16:04:02,182][main_train.py][line:155][INFO] Epoch:[117/200]	 Test acc=49.170

[2024-09-17 16:04:08,632][main_train.py][line:167][INFO] Best Test acc=49.170

[2024-09-17 16:05:35,686][main_train.py][line:152][INFO] 
 Epoch:[118/200]	 loss=404.37315	 acc=70.362
[2024-09-17 16:05:42,369][main_train.py][line:155][INFO] Epoch:[118/200]	 Test acc=48.590

[2024-09-17 16:05:45,583][main_train.py][line:167][INFO] Best Test acc=49.170

[2024-09-17 16:07:18,608][main_train.py][line:152][INFO] 
 Epoch:[119/200]	 loss=395.10529	 acc=70.932
[2024-09-17 16:07:25,315][main_train.py][line:155][INFO] Epoch:[119/200]	 Test acc=49.420

[2024-09-17 16:07:33,752][main_train.py][line:167][INFO] Best Test acc=49.420

[2024-09-17 16:09:07,112][main_train.py][line:152][INFO] 
 Epoch:[120/200]	 loss=391.18541	 acc=71.096
[2024-09-17 16:09:13,395][main_train.py][line:155][INFO] Epoch:[120/200]	 Test acc=48.720

[2024-09-17 16:09:16,609][main_train.py][line:167][INFO] Best Test acc=49.420

[2024-09-17 16:10:46,289][main_train.py][line:152][INFO] 
 Epoch:[121/200]	 loss=381.29582	 acc=71.860
[2024-09-17 16:10:50,112][main_train.py][line:155][INFO] Epoch:[121/200]	 Test acc=49.110

[2024-09-17 16:10:53,832][main_train.py][line:167][INFO] Best Test acc=49.420

[2024-09-17 16:12:00,020][main_train.py][line:152][INFO] 
 Epoch:[122/200]	 loss=370.40405	 acc=72.660
[2024-09-17 16:12:06,713][main_train.py][line:155][INFO] Epoch:[122/200]	 Test acc=49.520

[2024-09-17 16:12:13,428][main_train.py][line:167][INFO] Best Test acc=49.520

[2024-09-17 16:13:46,973][main_train.py][line:152][INFO] 
 Epoch:[123/200]	 loss=367.39409	 acc=72.622
[2024-09-17 16:13:53,643][main_train.py][line:155][INFO] Epoch:[123/200]	 Test acc=49.120

[2024-09-17 16:13:57,130][main_train.py][line:167][INFO] Best Test acc=49.520

[2024-09-17 16:15:30,493][main_train.py][line:152][INFO] 
 Epoch:[124/200]	 loss=360.37577	 acc=73.256
[2024-09-17 16:15:37,031][main_train.py][line:155][INFO] Epoch:[124/200]	 Test acc=49.000

[2024-09-17 16:15:40,665][main_train.py][line:167][INFO] Best Test acc=49.520

[2024-09-17 16:17:11,411][main_train.py][line:152][INFO] 
 Epoch:[125/200]	 loss=355.04023	 acc=73.686
[2024-09-17 16:17:17,025][main_train.py][line:155][INFO] Epoch:[125/200]	 Test acc=49.470

[2024-09-17 16:17:19,958][main_train.py][line:167][INFO] Best Test acc=49.520

[2024-09-17 16:18:45,403][main_train.py][line:152][INFO] 
 Epoch:[126/200]	 loss=344.81155	 acc=74.492
[2024-09-17 16:18:51,927][main_train.py][line:155][INFO] Epoch:[126/200]	 Test acc=49.170

[2024-09-17 16:18:55,243][main_train.py][line:167][INFO] Best Test acc=49.520

[2024-09-17 16:20:28,695][main_train.py][line:152][INFO] 
 Epoch:[127/200]	 loss=334.98934	 acc=75.188
[2024-09-17 16:20:34,988][main_train.py][line:155][INFO] Epoch:[127/200]	 Test acc=48.320

[2024-09-17 16:20:38,858][main_train.py][line:167][INFO] Best Test acc=49.520

[2024-09-17 16:22:12,070][main_train.py][line:152][INFO] 
 Epoch:[128/200]	 loss=326.79901	 acc=75.836
[2024-09-17 16:22:18,348][main_train.py][line:155][INFO] Epoch:[128/200]	 Test acc=48.070

[2024-09-17 16:22:22,801][main_train.py][line:167][INFO] Best Test acc=49.520

[2024-09-17 16:23:52,071][main_train.py][line:152][INFO] 
 Epoch:[129/200]	 loss=320.90459	 acc=76.078
[2024-09-17 16:23:58,587][main_train.py][line:155][INFO] Epoch:[129/200]	 Test acc=49.200

[2024-09-17 16:24:02,488][main_train.py][line:167][INFO] Best Test acc=49.520

[2024-09-17 16:25:32,694][main_train.py][line:152][INFO] 
 Epoch:[130/200]	 loss=313.69078	 acc=76.668
[2024-09-17 16:25:39,059][main_train.py][line:155][INFO] Epoch:[130/200]	 Test acc=50.330

[2024-09-17 16:25:46,483][main_train.py][line:167][INFO] Best Test acc=50.330

[2024-09-17 16:27:19,842][main_train.py][line:152][INFO] 
 Epoch:[131/200]	 loss=305.60875	 acc=77.398
[2024-09-17 16:27:26,588][main_train.py][line:155][INFO] Epoch:[131/200]	 Test acc=48.850

[2024-09-17 16:27:30,281][main_train.py][line:167][INFO] Best Test acc=50.330

[2024-09-17 16:29:03,093][main_train.py][line:152][INFO] 
 Epoch:[132/200]	 loss=299.24215	 acc=78.118
[2024-09-17 16:29:09,423][main_train.py][line:155][INFO] Epoch:[132/200]	 Test acc=49.850

[2024-09-17 16:29:12,828][main_train.py][line:167][INFO] Best Test acc=50.330

[2024-09-17 16:30:40,050][main_train.py][line:152][INFO] 
 Epoch:[133/200]	 loss=291.54262	 acc=78.434
[2024-09-17 16:30:45,425][main_train.py][line:155][INFO] Epoch:[133/200]	 Test acc=49.060

[2024-09-17 16:30:49,052][main_train.py][line:167][INFO] Best Test acc=50.330

[2024-09-17 16:32:22,873][main_train.py][line:152][INFO] 
 Epoch:[134/200]	 loss=285.44194	 acc=78.906
[2024-09-17 16:32:29,642][main_train.py][line:155][INFO] Epoch:[134/200]	 Test acc=50.450

[2024-09-17 16:32:36,413][main_train.py][line:167][INFO] Best Test acc=50.450

[2024-09-17 16:34:09,618][main_train.py][line:152][INFO] 
 Epoch:[135/200]	 loss=280.03232	 acc=79.314
[2024-09-17 16:34:16,266][main_train.py][line:155][INFO] Epoch:[135/200]	 Test acc=50.240

[2024-09-17 16:34:19,554][main_train.py][line:167][INFO] Best Test acc=50.450

[2024-09-17 16:35:52,625][main_train.py][line:152][INFO] 
 Epoch:[136/200]	 loss=269.94132	 acc=80.082
[2024-09-17 16:35:59,368][main_train.py][line:155][INFO] Epoch:[136/200]	 Test acc=49.460

[2024-09-17 16:36:02,153][main_train.py][line:167][INFO] Best Test acc=50.450

[2024-09-17 16:36:46,980][main_train.py][line:152][INFO] 
 Epoch:[137/200]	 loss=265.27212	 acc=80.488
[2024-09-17 16:36:50,745][main_train.py][line:155][INFO] Epoch:[137/200]	 Test acc=50.990

[2024-09-17 16:36:56,459][main_train.py][line:167][INFO] Best Test acc=50.990

[2024-09-17 16:37:39,536][main_train.py][line:152][INFO] 
 Epoch:[138/200]	 loss=255.64734	 acc=81.196
[2024-09-17 16:37:43,307][main_train.py][line:155][INFO] Epoch:[138/200]	 Test acc=49.880

[2024-09-17 16:37:46,072][main_train.py][line:167][INFO] Best Test acc=50.990

[2024-09-17 16:38:29,105][main_train.py][line:152][INFO] 
 Epoch:[139/200]	 loss=251.40505	 acc=81.404
[2024-09-17 16:38:32,822][main_train.py][line:155][INFO] Epoch:[139/200]	 Test acc=50.180

[2024-09-17 16:38:35,468][main_train.py][line:167][INFO] Best Test acc=50.990

[2024-09-17 16:39:18,406][main_train.py][line:152][INFO] 
 Epoch:[140/200]	 loss=242.42015	 acc=82.278
[2024-09-17 16:39:22,091][main_train.py][line:155][INFO] Epoch:[140/200]	 Test acc=50.880

[2024-09-17 16:39:25,076][main_train.py][line:167][INFO] Best Test acc=50.990

[2024-09-17 16:40:08,055][main_train.py][line:152][INFO] 
 Epoch:[141/200]	 loss=240.90704	 acc=82.422
[2024-09-17 16:40:11,794][main_train.py][line:155][INFO] Epoch:[141/200]	 Test acc=50.530

[2024-09-17 16:40:14,987][main_train.py][line:167][INFO] Best Test acc=50.990

[2024-09-17 16:40:58,074][main_train.py][line:152][INFO] 
 Epoch:[142/200]	 loss=229.16619	 acc=83.284
[2024-09-17 16:41:01,840][main_train.py][line:155][INFO] Epoch:[142/200]	 Test acc=51.320

[2024-09-17 16:41:08,194][main_train.py][line:167][INFO] Best Test acc=51.320

[2024-09-17 16:41:50,977][main_train.py][line:152][INFO] 
 Epoch:[143/200]	 loss=224.20928	 acc=83.706
[2024-09-17 16:41:54,737][main_train.py][line:155][INFO] Epoch:[143/200]	 Test acc=49.390

[2024-09-17 16:41:57,842][main_train.py][line:167][INFO] Best Test acc=51.320

[2024-09-17 16:42:40,784][main_train.py][line:152][INFO] 
 Epoch:[144/200]	 loss=217.37745	 acc=84.332
[2024-09-17 16:42:44,374][main_train.py][line:155][INFO] Epoch:[144/200]	 Test acc=50.680

[2024-09-17 16:42:47,538][main_train.py][line:167][INFO] Best Test acc=51.320

[2024-09-17 16:43:30,420][main_train.py][line:152][INFO] 
 Epoch:[145/200]	 loss=206.42970	 acc=84.966
[2024-09-17 16:43:33,854][main_train.py][line:155][INFO] Epoch:[145/200]	 Test acc=50.700

[2024-09-17 16:43:37,113][main_train.py][line:167][INFO] Best Test acc=51.320

[2024-09-17 16:44:19,911][main_train.py][line:152][INFO] 
 Epoch:[146/200]	 loss=203.80138	 acc=85.472
[2024-09-17 16:44:23,454][main_train.py][line:155][INFO] Epoch:[146/200]	 Test acc=50.800

[2024-09-17 16:44:26,724][main_train.py][line:167][INFO] Best Test acc=51.320

[2024-09-17 16:45:09,387][main_train.py][line:152][INFO] 
 Epoch:[147/200]	 loss=195.44919	 acc=85.956
[2024-09-17 16:45:12,935][main_train.py][line:155][INFO] Epoch:[147/200]	 Test acc=51.020

[2024-09-17 16:45:15,680][main_train.py][line:167][INFO] Best Test acc=51.320

[2024-09-17 16:45:58,645][main_train.py][line:152][INFO] 
 Epoch:[148/200]	 loss=191.80251	 acc=86.250
[2024-09-17 16:46:02,463][main_train.py][line:155][INFO] Epoch:[148/200]	 Test acc=51.630

[2024-09-17 16:46:08,911][main_train.py][line:167][INFO] Best Test acc=51.630

[2024-09-17 16:46:52,062][main_train.py][line:152][INFO] 
 Epoch:[149/200]	 loss=183.38530	 acc=86.986
[2024-09-17 16:46:55,884][main_train.py][line:155][INFO] Epoch:[149/200]	 Test acc=51.400

[2024-09-17 16:46:59,169][main_train.py][line:167][INFO] Best Test acc=51.630

[2024-09-17 16:47:42,236][main_train.py][line:152][INFO] 
 Epoch:[150/200]	 loss=177.61811	 acc=87.368
[2024-09-17 16:47:45,977][main_train.py][line:155][INFO] Epoch:[150/200]	 Test acc=51.370

[2024-09-17 16:47:49,705][main_train.py][line:167][INFO] Best Test acc=51.630

[2024-09-17 16:48:32,915][main_train.py][line:152][INFO] 
 Epoch:[151/200]	 loss=172.67992	 acc=87.888
[2024-09-17 16:48:36,623][main_train.py][line:155][INFO] Epoch:[151/200]	 Test acc=51.090

[2024-09-17 16:48:40,100][main_train.py][line:167][INFO] Best Test acc=51.630

[2024-09-17 16:49:23,175][main_train.py][line:152][INFO] 
 Epoch:[152/200]	 loss=166.79392	 acc=88.370
[2024-09-17 16:49:26,938][main_train.py][line:155][INFO] Epoch:[152/200]	 Test acc=51.390

[2024-09-17 16:49:30,352][main_train.py][line:167][INFO] Best Test acc=51.630

[2024-09-17 16:50:13,385][main_train.py][line:152][INFO] 
 Epoch:[153/200]	 loss=159.13849	 acc=88.970
[2024-09-17 16:50:17,129][main_train.py][line:155][INFO] Epoch:[153/200]	 Test acc=51.570

[2024-09-17 16:50:20,675][main_train.py][line:167][INFO] Best Test acc=51.630

[2024-09-17 16:51:03,684][main_train.py][line:152][INFO] 
 Epoch:[154/200]	 loss=155.97344	 acc=89.270
[2024-09-17 16:51:07,395][main_train.py][line:155][INFO] Epoch:[154/200]	 Test acc=51.380

[2024-09-17 16:51:10,828][main_train.py][line:167][INFO] Best Test acc=51.630

[2024-09-17 16:51:53,941][main_train.py][line:152][INFO] 
 Epoch:[155/200]	 loss=149.20603	 acc=89.838
[2024-09-17 16:51:57,673][main_train.py][line:155][INFO] Epoch:[155/200]	 Test acc=50.410

[2024-09-17 16:52:00,940][main_train.py][line:167][INFO] Best Test acc=51.630

[2024-09-17 16:52:43,881][main_train.py][line:152][INFO] 
 Epoch:[156/200]	 loss=140.24668	 acc=90.466
[2024-09-17 16:52:47,718][main_train.py][line:155][INFO] Epoch:[156/200]	 Test acc=50.800

[2024-09-17 16:52:51,103][main_train.py][line:167][INFO] Best Test acc=51.630

[2024-09-17 16:53:34,086][main_train.py][line:152][INFO] 
 Epoch:[157/200]	 loss=136.44555	 acc=90.936
[2024-09-17 16:53:37,804][main_train.py][line:155][INFO] Epoch:[157/200]	 Test acc=52.130

[2024-09-17 16:53:44,712][main_train.py][line:167][INFO] Best Test acc=52.130

[2024-09-17 16:54:29,551][main_train.py][line:152][INFO] 
 Epoch:[158/200]	 loss=130.88155	 acc=91.350
[2024-09-17 16:54:35,867][main_train.py][line:155][INFO] Epoch:[158/200]	 Test acc=51.890

[2024-09-17 16:54:39,179][main_train.py][line:167][INFO] Best Test acc=52.130

[2024-09-17 16:56:12,416][main_train.py][line:152][INFO] 
 Epoch:[159/200]	 loss=124.66230	 acc=91.746
[2024-09-17 16:56:19,022][main_train.py][line:155][INFO] Epoch:[159/200]	 Test acc=51.810

[2024-09-17 16:56:21,755][main_train.py][line:167][INFO] Best Test acc=52.130

[2024-09-17 16:57:54,478][main_train.py][line:152][INFO] 
 Epoch:[160/200]	 loss=119.54526	 acc=92.104
[2024-09-17 16:58:00,769][main_train.py][line:155][INFO] Epoch:[160/200]	 Test acc=52.200

[2024-09-17 16:58:05,793][main_train.py][line:167][INFO] Best Test acc=52.200

[2024-09-17 16:59:38,889][main_train.py][line:152][INFO] 
 Epoch:[161/200]	 loss=117.15038	 acc=92.384
[2024-09-17 16:59:45,501][main_train.py][line:155][INFO] Epoch:[161/200]	 Test acc=52.140

[2024-09-17 16:59:49,361][main_train.py][line:167][INFO] Best Test acc=52.200

[2024-09-17 17:01:10,785][main_train.py][line:152][INFO] 
 Epoch:[162/200]	 loss=111.49181	 acc=92.974
[2024-09-17 17:01:17,073][main_train.py][line:155][INFO] Epoch:[162/200]	 Test acc=52.140

[2024-09-17 17:01:19,662][main_train.py][line:167][INFO] Best Test acc=52.200

[2024-09-17 17:02:52,911][main_train.py][line:152][INFO] 
 Epoch:[163/200]	 loss=106.51675	 acc=93.366
[2024-09-17 17:02:59,584][main_train.py][line:155][INFO] Epoch:[163/200]	 Test acc=52.760

[2024-09-17 17:03:05,610][main_train.py][line:167][INFO] Best Test acc=52.760

[2024-09-17 17:04:38,944][main_train.py][line:152][INFO] 
 Epoch:[164/200]	 loss=103.44787	 acc=93.648
[2024-09-17 17:04:45,745][main_train.py][line:155][INFO] Epoch:[164/200]	 Test acc=52.600

[2024-09-17 17:04:49,469][main_train.py][line:167][INFO] Best Test acc=52.760

[2024-09-17 17:06:23,316][main_train.py][line:152][INFO] 
 Epoch:[165/200]	 loss=98.09234	 acc=93.918
[2024-09-17 17:06:30,040][main_train.py][line:155][INFO] Epoch:[165/200]	 Test acc=52.910

[2024-09-17 17:06:37,202][main_train.py][line:167][INFO] Best Test acc=52.910

[2024-09-17 17:07:52,922][main_train.py][line:152][INFO] 
 Epoch:[166/200]	 loss=93.47352	 acc=94.454
[2024-09-17 17:07:59,654][main_train.py][line:155][INFO] Epoch:[166/200]	 Test acc=52.320

[2024-09-17 17:08:03,117][main_train.py][line:167][INFO] Best Test acc=52.910

[2024-09-17 17:09:36,514][main_train.py][line:152][INFO] 
 Epoch:[167/200]	 loss=89.20011	 acc=94.708
[2024-09-17 17:09:42,836][main_train.py][line:155][INFO] Epoch:[167/200]	 Test acc=52.260

[2024-09-17 17:09:46,660][main_train.py][line:167][INFO] Best Test acc=52.910

[2024-09-17 17:11:19,610][main_train.py][line:152][INFO] 
 Epoch:[168/200]	 loss=85.43074	 acc=95.012
[2024-09-17 17:11:25,865][main_train.py][line:155][INFO] Epoch:[168/200]	 Test acc=53.250

[2024-09-17 17:11:32,558][main_train.py][line:167][INFO] Best Test acc=53.250

[2024-09-17 17:13:05,581][main_train.py][line:152][INFO] 
 Epoch:[169/200]	 loss=83.67265	 acc=95.162
[2024-09-17 17:13:12,013][main_train.py][line:155][INFO] Epoch:[169/200]	 Test acc=53.440

[2024-09-17 17:13:20,936][main_train.py][line:167][INFO] Best Test acc=53.440

[2024-09-17 17:14:52,125][main_train.py][line:152][INFO] 
 Epoch:[170/200]	 loss=78.21989	 acc=95.568
[2024-09-17 17:14:58,869][main_train.py][line:155][INFO] Epoch:[170/200]	 Test acc=53.370

[2024-09-17 17:15:02,491][main_train.py][line:167][INFO] Best Test acc=53.440

[2024-09-17 17:16:35,335][main_train.py][line:152][INFO] 
 Epoch:[171/200]	 loss=77.72105	 acc=95.636
[2024-09-17 17:16:42,077][main_train.py][line:155][INFO] Epoch:[171/200]	 Test acc=53.930

[2024-09-17 17:16:49,625][main_train.py][line:167][INFO] Best Test acc=53.930

[2024-09-17 17:18:23,038][main_train.py][line:152][INFO] 
 Epoch:[172/200]	 loss=72.40904	 acc=96.094
[2024-09-17 17:18:29,384][main_train.py][line:155][INFO] Epoch:[172/200]	 Test acc=53.150

[2024-09-17 17:18:32,650][main_train.py][line:167][INFO] Best Test acc=53.930

[2024-09-17 17:20:02,005][main_train.py][line:152][INFO] 
 Epoch:[173/200]	 loss=70.85598	 acc=96.096
[2024-09-17 17:20:08,201][main_train.py][line:155][INFO] Epoch:[173/200]	 Test acc=53.550

[2024-09-17 17:20:11,544][main_train.py][line:167][INFO] Best Test acc=53.930

[2024-09-17 17:21:44,221][main_train.py][line:152][INFO] 
 Epoch:[174/200]	 loss=67.73720	 acc=96.392
[2024-09-17 17:21:50,598][main_train.py][line:155][INFO] Epoch:[174/200]	 Test acc=53.270

[2024-09-17 17:21:54,272][main_train.py][line:167][INFO] Best Test acc=53.930

[2024-09-17 17:23:27,064][main_train.py][line:152][INFO] 
 Epoch:[175/200]	 loss=66.39867	 acc=96.534
[2024-09-17 17:23:33,381][main_train.py][line:155][INFO] Epoch:[175/200]	 Test acc=54.150

[2024-09-17 17:23:39,716][main_train.py][line:167][INFO] Best Test acc=54.150

[2024-09-17 17:25:12,481][main_train.py][line:152][INFO] 
 Epoch:[176/200]	 loss=62.49441	 acc=96.922
[2024-09-17 17:25:18,815][main_train.py][line:155][INFO] Epoch:[176/200]	 Test acc=53.230

[2024-09-17 17:25:21,864][main_train.py][line:167][INFO] Best Test acc=54.150

[2024-09-17 17:26:49,414][main_train.py][line:152][INFO] 
 Epoch:[177/200]	 loss=62.18486	 acc=96.860
[2024-09-17 17:26:55,722][main_train.py][line:155][INFO] Epoch:[177/200]	 Test acc=54.040

[2024-09-17 17:26:58,860][main_train.py][line:167][INFO] Best Test acc=54.150

[2024-09-17 17:28:31,848][main_train.py][line:152][INFO] 
 Epoch:[178/200]	 loss=59.26011	 acc=96.978
[2024-09-17 17:28:38,289][main_train.py][line:155][INFO] Epoch:[178/200]	 Test acc=53.220

[2024-09-17 17:28:41,488][main_train.py][line:167][INFO] Best Test acc=54.150

[2024-09-17 17:30:14,248][main_train.py][line:152][INFO] 
 Epoch:[179/200]	 loss=57.09962	 acc=97.178
[2024-09-17 17:30:20,534][main_train.py][line:155][INFO] Epoch:[179/200]	 Test acc=53.620

[2024-09-17 17:30:23,987][main_train.py][line:167][INFO] Best Test acc=54.150

[2024-09-17 17:31:56,759][main_train.py][line:152][INFO] 
 Epoch:[180/200]	 loss=55.73185	 acc=97.412
[2024-09-17 17:32:03,163][main_train.py][line:155][INFO] Epoch:[180/200]	 Test acc=53.800

[2024-09-17 17:32:06,358][main_train.py][line:167][INFO] Best Test acc=54.150

[2024-09-17 17:33:34,300][main_train.py][line:152][INFO] 
 Epoch:[181/200]	 loss=52.53280	 acc=97.638
[2024-09-17 17:33:40,617][main_train.py][line:155][INFO] Epoch:[181/200]	 Test acc=54.180

[2024-09-17 17:33:46,748][main_train.py][line:167][INFO] Best Test acc=54.180

[2024-09-17 17:35:20,026][main_train.py][line:152][INFO] 
 Epoch:[182/200]	 loss=52.82865	 acc=97.470
[2024-09-17 17:35:26,476][main_train.py][line:155][INFO] Epoch:[182/200]	 Test acc=54.140

[2024-09-17 17:35:29,463][main_train.py][line:167][INFO] Best Test acc=54.180

[2024-09-17 17:37:02,180][main_train.py][line:152][INFO] 
 Epoch:[183/200]	 loss=50.66660	 acc=97.650
[2024-09-17 17:37:08,483][main_train.py][line:155][INFO] Epoch:[183/200]	 Test acc=54.140

[2024-09-17 17:37:11,409][main_train.py][line:167][INFO] Best Test acc=54.180

[2024-09-17 17:38:44,452][main_train.py][line:152][INFO] 
 Epoch:[184/200]	 loss=49.12594	 acc=97.786
[2024-09-17 17:38:50,806][main_train.py][line:155][INFO] Epoch:[184/200]	 Test acc=54.580

[2024-09-17 17:38:57,876][main_train.py][line:167][INFO] Best Test acc=54.580

[2024-09-17 17:40:29,286][main_train.py][line:152][INFO] 
 Epoch:[185/200]	 loss=48.68043	 acc=97.800
[2024-09-17 17:40:35,971][main_train.py][line:155][INFO] Epoch:[185/200]	 Test acc=54.690

[2024-09-17 17:40:42,348][main_train.py][line:167][INFO] Best Test acc=54.690

[2024-09-17 17:42:15,420][main_train.py][line:152][INFO] 
 Epoch:[186/200]	 loss=47.08917	 acc=97.876
[2024-09-17 17:42:21,758][main_train.py][line:155][INFO] Epoch:[186/200]	 Test acc=54.030

[2024-09-17 17:42:24,799][main_train.py][line:167][INFO] Best Test acc=54.690

[2024-09-17 17:43:58,128][main_train.py][line:152][INFO] 
 Epoch:[187/200]	 loss=46.76581	 acc=98.002
[2024-09-17 17:44:04,791][main_train.py][line:155][INFO] Epoch:[187/200]	 Test acc=54.200

[2024-09-17 17:44:07,854][main_train.py][line:167][INFO] Best Test acc=54.690

[2024-09-17 17:45:36,956][main_train.py][line:152][INFO] 
 Epoch:[188/200]	 loss=44.62234	 acc=98.104
[2024-09-17 17:45:43,322][main_train.py][line:155][INFO] Epoch:[188/200]	 Test acc=54.040

[2024-09-17 17:45:46,621][main_train.py][line:167][INFO] Best Test acc=54.690

[2024-09-17 17:47:19,350][main_train.py][line:152][INFO] 
 Epoch:[189/200]	 loss=44.85956	 acc=98.068
[2024-09-17 17:47:25,880][main_train.py][line:155][INFO] Epoch:[189/200]	 Test acc=54.520

[2024-09-17 17:47:29,533][main_train.py][line:167][INFO] Best Test acc=54.690

[2024-09-17 17:49:02,201][main_train.py][line:152][INFO] 
 Epoch:[190/200]	 loss=43.88401	 acc=98.194
[2024-09-17 17:49:08,558][main_train.py][line:155][INFO] Epoch:[190/200]	 Test acc=54.730

[2024-09-17 17:49:15,609][main_train.py][line:167][INFO] Best Test acc=54.730

[2024-09-17 17:50:48,520][main_train.py][line:152][INFO] 
 Epoch:[191/200]	 loss=43.70035	 acc=98.176
[2024-09-17 17:50:55,092][main_train.py][line:155][INFO] Epoch:[191/200]	 Test acc=54.230

[2024-09-17 17:50:58,675][main_train.py][line:167][INFO] Best Test acc=54.730

[2024-09-17 17:52:27,873][main_train.py][line:152][INFO] 
 Epoch:[192/200]	 loss=42.99571	 acc=98.172
[2024-09-17 17:52:34,182][main_train.py][line:155][INFO] Epoch:[192/200]	 Test acc=54.200

[2024-09-17 17:52:37,671][main_train.py][line:167][INFO] Best Test acc=54.730

[2024-09-17 17:54:10,218][main_train.py][line:152][INFO] 
 Epoch:[193/200]	 loss=42.88701	 acc=98.146
[2024-09-17 17:54:16,827][main_train.py][line:155][INFO] Epoch:[193/200]	 Test acc=54.630

[2024-09-17 17:54:20,441][main_train.py][line:167][INFO] Best Test acc=54.730

[2024-09-17 17:55:53,575][main_train.py][line:152][INFO] 
 Epoch:[194/200]	 loss=41.81587	 acc=98.392
[2024-09-17 17:55:59,887][main_train.py][line:155][INFO] Epoch:[194/200]	 Test acc=54.460

[2024-09-17 17:56:03,384][main_train.py][line:167][INFO] Best Test acc=54.730

[2024-09-17 17:57:36,285][main_train.py][line:152][INFO] 
 Epoch:[195/200]	 loss=42.17279	 acc=98.260
[2024-09-17 17:57:42,637][main_train.py][line:155][INFO] Epoch:[195/200]	 Test acc=54.220

[2024-09-17 17:57:46,213][main_train.py][line:167][INFO] Best Test acc=54.730

[2024-09-17 17:59:15,405][main_train.py][line:152][INFO] 
 Epoch:[196/200]	 loss=41.96739	 acc=98.326
[2024-09-17 17:59:22,156][main_train.py][line:155][INFO] Epoch:[196/200]	 Test acc=54.000

[2024-09-17 17:59:25,986][main_train.py][line:167][INFO] Best Test acc=54.730

[2024-09-17 18:00:59,523][main_train.py][line:152][INFO] 
 Epoch:[197/200]	 loss=41.05041	 acc=98.382
[2024-09-17 18:01:06,161][main_train.py][line:155][INFO] Epoch:[197/200]	 Test acc=53.630

[2024-09-17 18:01:09,661][main_train.py][line:167][INFO] Best Test acc=54.730

[2024-09-17 18:02:42,452][main_train.py][line:152][INFO] 
 Epoch:[198/200]	 loss=41.46747	 acc=98.310
[2024-09-17 18:02:48,804][main_train.py][line:155][INFO] Epoch:[198/200]	 Test acc=54.370

[2024-09-17 18:02:52,219][main_train.py][line:167][INFO] Best Test acc=54.730

[2024-09-17 18:04:22,641][main_train.py][line:152][INFO] 
 Epoch:[199/200]	 loss=40.89579	 acc=98.396
[2024-09-17 18:04:28,907][main_train.py][line:155][INFO] Epoch:[199/200]	 Test acc=54.230

[2024-09-17 18:04:32,513][main_train.py][line:167][INFO] Best Test acc=54.730

