[2024-09-17 13:40:47,821][main_train.py][line:137][INFO] {'workers': 8, 'batch_size': 128, 'seed': 42, 'optim': 'sgd', 'suffix': '', 'dataset': 'cifar100', 'model': 'vgg11', 'time': 4, 'epochs': 200, 'lr': 0.1, 'device': '3', 'special': 'l2', 'beta': 0.0005, 'attack': '', 'eps': 8, 'attack_mode': 'bptt', 'alpha': 2, 'steps': 4, 'encoding': 'rate', 'atk_encoding': 'rate', 'resume': False, 'INdatapath': '/home/gubin/bhaskar/datasets/Image100/', 'cache_dataset': False, 'distributed': False, 'TET': False, 'signed': False}
[2024-09-17 13:40:47,822][main_train.py][line:147][INFO] start training!
[2024-09-17 13:41:57,141][main_train.py][line:152][INFO] 
 Epoch:[0/200]	 loss=1658.16495	 acc=4.486
[2024-09-17 13:42:02,041][main_train.py][line:155][INFO] Epoch:[0/200]	 Test acc=5.950

[2024-09-17 13:42:05,832][main_train.py][line:167][INFO] Best Test acc=5.950

[2024-09-17 13:43:09,103][main_train.py][line:152][INFO] 
 Epoch:[1/200]	 loss=1494.67656	 acc=10.246
[2024-09-17 13:43:14,093][main_train.py][line:155][INFO] Epoch:[1/200]	 Test acc=12.320

[2024-09-17 13:43:21,653][main_train.py][line:167][INFO] Best Test acc=12.320

[2024-09-17 13:44:25,210][main_train.py][line:152][INFO] 
 Epoch:[2/200]	 loss=1390.92665	 acc=14.790
[2024-09-17 13:44:30,149][main_train.py][line:155][INFO] Epoch:[2/200]	 Test acc=12.590

[2024-09-17 13:44:36,206][main_train.py][line:167][INFO] Best Test acc=12.590

[2024-09-17 13:45:38,488][main_train.py][line:152][INFO] 
 Epoch:[3/200]	 loss=1317.37896	 acc=18.060
[2024-09-17 13:45:43,092][main_train.py][line:155][INFO] Epoch:[3/200]	 Test acc=19.200

[2024-09-17 13:45:48,315][main_train.py][line:167][INFO] Best Test acc=19.200

[2024-09-17 13:46:50,916][main_train.py][line:152][INFO] 
 Epoch:[4/200]	 loss=1256.58184	 acc=21.226
[2024-09-17 13:46:55,227][main_train.py][line:155][INFO] Epoch:[4/200]	 Test acc=20.200

[2024-09-17 13:47:02,513][main_train.py][line:167][INFO] Best Test acc=20.200

[2024-09-17 13:48:04,303][main_train.py][line:152][INFO] 
 Epoch:[5/200]	 loss=1203.83224	 acc=23.814
[2024-09-17 13:48:08,061][main_train.py][line:155][INFO] Epoch:[5/200]	 Test acc=21.770

[2024-09-17 13:48:15,050][main_train.py][line:167][INFO] Best Test acc=21.770

[2024-09-17 13:49:12,841][main_train.py][line:152][INFO] 
 Epoch:[6/200]	 loss=1160.62515	 acc=25.918
[2024-09-17 13:49:16,742][main_train.py][line:155][INFO] Epoch:[6/200]	 Test acc=26.400

[2024-09-17 13:49:21,147][main_train.py][line:167][INFO] Best Test acc=26.400

[2024-09-17 13:50:18,121][main_train.py][line:152][INFO] 
 Epoch:[7/200]	 loss=1117.79096	 acc=28.002
[2024-09-17 13:50:22,092][main_train.py][line:155][INFO] Epoch:[7/200]	 Test acc=29.350

[2024-09-17 13:50:26,684][main_train.py][line:167][INFO] Best Test acc=29.350

[2024-09-17 13:51:24,165][main_train.py][line:152][INFO] 
 Epoch:[8/200]	 loss=1092.34061	 acc=29.688
[2024-09-17 13:51:27,854][main_train.py][line:155][INFO] Epoch:[8/200]	 Test acc=28.390

[2024-09-17 13:51:30,616][main_train.py][line:167][INFO] Best Test acc=29.350

[2024-09-17 13:52:29,536][main_train.py][line:152][INFO] 
 Epoch:[9/200]	 loss=1066.07750	 acc=30.850
[2024-09-17 13:52:33,676][main_train.py][line:155][INFO] Epoch:[9/200]	 Test acc=27.940

[2024-09-17 13:52:36,806][main_train.py][line:167][INFO] Best Test acc=29.350

[2024-09-17 13:53:32,745][main_train.py][line:152][INFO] 
 Epoch:[10/200]	 loss=1045.00177	 acc=32.032
[2024-09-17 13:53:36,216][main_train.py][line:155][INFO] Epoch:[10/200]	 Test acc=31.900

[2024-09-17 13:53:41,055][main_train.py][line:167][INFO] Best Test acc=31.900

[2024-09-17 13:54:39,896][main_train.py][line:152][INFO] 
 Epoch:[11/200]	 loss=1027.95557	 acc=32.908
[2024-09-17 13:54:44,594][main_train.py][line:155][INFO] Epoch:[11/200]	 Test acc=31.730

[2024-09-17 13:54:48,524][main_train.py][line:167][INFO] Best Test acc=31.900

[2024-09-17 13:55:51,137][main_train.py][line:152][INFO] 
 Epoch:[12/200]	 loss=1009.64860	 acc=33.946
[2024-09-17 13:55:55,655][main_train.py][line:155][INFO] Epoch:[12/200]	 Test acc=30.880

[2024-09-17 13:55:58,564][main_train.py][line:167][INFO] Best Test acc=31.900

[2024-09-17 13:56:57,639][main_train.py][line:152][INFO] 
 Epoch:[13/200]	 loss=992.73822	 acc=34.898
[2024-09-17 13:57:01,049][main_train.py][line:155][INFO] Epoch:[13/200]	 Test acc=31.020

[2024-09-17 13:57:02,814][main_train.py][line:167][INFO] Best Test acc=31.900

[2024-09-17 13:57:59,098][main_train.py][line:152][INFO] 
 Epoch:[14/200]	 loss=980.91122	 acc=35.392
[2024-09-17 13:58:03,325][main_train.py][line:155][INFO] Epoch:[14/200]	 Test acc=33.300

[2024-09-17 13:58:11,305][main_train.py][line:167][INFO] Best Test acc=33.300

[2024-09-17 13:59:10,522][main_train.py][line:152][INFO] 
 Epoch:[15/200]	 loss=967.19157	 acc=36.310
[2024-09-17 13:59:15,840][main_train.py][line:155][INFO] Epoch:[15/200]	 Test acc=31.620

[2024-09-17 13:59:19,088][main_train.py][line:167][INFO] Best Test acc=33.300

[2024-09-17 14:00:20,651][main_train.py][line:152][INFO] 
 Epoch:[16/200]	 loss=961.08440	 acc=36.418
[2024-09-17 14:00:24,899][main_train.py][line:155][INFO] Epoch:[16/200]	 Test acc=34.710

[2024-09-17 14:00:29,520][main_train.py][line:167][INFO] Best Test acc=34.710

[2024-09-17 14:01:22,754][main_train.py][line:152][INFO] 
 Epoch:[17/200]	 loss=948.52912	 acc=37.214
[2024-09-17 14:01:26,076][main_train.py][line:155][INFO] Epoch:[17/200]	 Test acc=35.320

[2024-09-17 14:01:30,989][main_train.py][line:167][INFO] Best Test acc=35.320

[2024-09-17 14:02:16,199][main_train.py][line:152][INFO] 
 Epoch:[18/200]	 loss=941.28065	 acc=37.488
[2024-09-17 14:02:20,064][main_train.py][line:155][INFO] Epoch:[18/200]	 Test acc=34.180

[2024-09-17 14:02:22,587][main_train.py][line:167][INFO] Best Test acc=35.320

[2024-09-17 14:03:12,310][main_train.py][line:152][INFO] 
 Epoch:[19/200]	 loss=937.08746	 acc=37.848
[2024-09-17 14:03:16,911][main_train.py][line:155][INFO] Epoch:[19/200]	 Test acc=37.740

[2024-09-17 14:03:22,012][main_train.py][line:167][INFO] Best Test acc=37.740

[2024-09-17 14:04:15,721][main_train.py][line:152][INFO] 
 Epoch:[20/200]	 loss=926.88022	 acc=38.230
[2024-09-17 14:04:21,823][main_train.py][line:155][INFO] Epoch:[20/200]	 Test acc=28.790

[2024-09-17 14:04:28,303][main_train.py][line:167][INFO] Best Test acc=37.740

[2024-09-17 14:05:22,766][main_train.py][line:152][INFO] 
 Epoch:[21/200]	 loss=919.93114	 acc=39.214
[2024-09-17 14:05:26,199][main_train.py][line:155][INFO] Epoch:[21/200]	 Test acc=34.170

[2024-09-17 14:05:29,605][main_train.py][line:167][INFO] Best Test acc=37.740

[2024-09-17 14:06:14,550][main_train.py][line:152][INFO] 
 Epoch:[22/200]	 loss=914.21965	 acc=39.330
[2024-09-17 14:06:17,987][main_train.py][line:155][INFO] Epoch:[22/200]	 Test acc=35.450

[2024-09-17 14:06:20,519][main_train.py][line:167][INFO] Best Test acc=37.740

[2024-09-17 14:07:04,378][main_train.py][line:152][INFO] 
 Epoch:[23/200]	 loss=903.79188	 acc=39.914
[2024-09-17 14:07:07,943][main_train.py][line:155][INFO] Epoch:[23/200]	 Test acc=34.900

[2024-09-17 14:07:10,599][main_train.py][line:167][INFO] Best Test acc=37.740

[2024-09-17 14:07:54,588][main_train.py][line:152][INFO] 
 Epoch:[24/200]	 loss=899.91357	 acc=40.262
[2024-09-17 14:07:58,073][main_train.py][line:155][INFO] Epoch:[24/200]	 Test acc=37.060

[2024-09-17 14:08:01,084][main_train.py][line:167][INFO] Best Test acc=37.740

[2024-09-17 14:08:44,736][main_train.py][line:152][INFO] 
 Epoch:[25/200]	 loss=894.78493	 acc=40.270
[2024-09-17 14:08:48,195][main_train.py][line:155][INFO] Epoch:[25/200]	 Test acc=33.480

[2024-09-17 14:08:50,743][main_train.py][line:167][INFO] Best Test acc=37.740

[2024-09-17 14:09:34,299][main_train.py][line:152][INFO] 
 Epoch:[26/200]	 loss=888.09916	 acc=40.772
[2024-09-17 14:09:37,556][main_train.py][line:155][INFO] Epoch:[26/200]	 Test acc=36.610

[2024-09-17 14:09:39,929][main_train.py][line:167][INFO] Best Test acc=37.740

[2024-09-17 14:10:23,269][main_train.py][line:152][INFO] 
 Epoch:[27/200]	 loss=886.12930	 acc=40.728
[2024-09-17 14:10:26,485][main_train.py][line:155][INFO] Epoch:[27/200]	 Test acc=36.710

[2024-09-17 14:10:28,939][main_train.py][line:167][INFO] Best Test acc=37.740

[2024-09-17 14:11:12,534][main_train.py][line:152][INFO] 
 Epoch:[28/200]	 loss=882.83130	 acc=40.996
[2024-09-17 14:11:15,788][main_train.py][line:155][INFO] Epoch:[28/200]	 Test acc=36.570

[2024-09-17 14:11:18,234][main_train.py][line:167][INFO] Best Test acc=37.740

[2024-09-17 14:12:01,610][main_train.py][line:152][INFO] 
 Epoch:[29/200]	 loss=875.13026	 acc=41.526
[2024-09-17 14:12:05,047][main_train.py][line:155][INFO] Epoch:[29/200]	 Test acc=37.920

[2024-09-17 14:12:10,082][main_train.py][line:167][INFO] Best Test acc=37.920

[2024-09-17 14:12:53,503][main_train.py][line:152][INFO] 
 Epoch:[30/200]	 loss=870.39262	 acc=41.756
[2024-09-17 14:12:56,750][main_train.py][line:155][INFO] Epoch:[30/200]	 Test acc=37.240

[2024-09-17 14:12:59,195][main_train.py][line:167][INFO] Best Test acc=37.920

[2024-09-17 14:13:42,470][main_train.py][line:152][INFO] 
 Epoch:[31/200]	 loss=866.53894	 acc=41.828
[2024-09-17 14:13:45,703][main_train.py][line:155][INFO] Epoch:[31/200]	 Test acc=35.480

[2024-09-17 14:13:48,072][main_train.py][line:167][INFO] Best Test acc=37.920

[2024-09-17 14:14:31,926][main_train.py][line:152][INFO] 
 Epoch:[32/200]	 loss=862.73029	 acc=42.322
[2024-09-17 14:14:35,477][main_train.py][line:155][INFO] Epoch:[32/200]	 Test acc=35.660

[2024-09-17 14:14:38,036][main_train.py][line:167][INFO] Best Test acc=37.920

[2024-09-17 14:15:21,294][main_train.py][line:152][INFO] 
 Epoch:[33/200]	 loss=862.83207	 acc=42.442
[2024-09-17 14:15:24,730][main_train.py][line:155][INFO] Epoch:[33/200]	 Test acc=36.490

[2024-09-17 14:15:27,127][main_train.py][line:167][INFO] Best Test acc=37.920

[2024-09-17 14:16:10,317][main_train.py][line:152][INFO] 
 Epoch:[34/200]	 loss=853.45640	 acc=42.696
[2024-09-17 14:16:13,563][main_train.py][line:155][INFO] Epoch:[34/200]	 Test acc=37.440

[2024-09-17 14:16:15,986][main_train.py][line:167][INFO] Best Test acc=37.920

[2024-09-17 14:16:59,474][main_train.py][line:152][INFO] 
 Epoch:[35/200]	 loss=856.98041	 acc=42.494
[2024-09-17 14:17:02,862][main_train.py][line:155][INFO] Epoch:[35/200]	 Test acc=40.300

[2024-09-17 14:17:08,345][main_train.py][line:167][INFO] Best Test acc=40.300

[2024-09-17 14:17:51,597][main_train.py][line:152][INFO] 
 Epoch:[36/200]	 loss=849.23181	 acc=43.000
[2024-09-17 14:17:54,823][main_train.py][line:155][INFO] Epoch:[36/200]	 Test acc=38.960

[2024-09-17 14:17:57,243][main_train.py][line:167][INFO] Best Test acc=40.300

[2024-09-17 14:18:40,661][main_train.py][line:152][INFO] 
 Epoch:[37/200]	 loss=844.36552	 acc=43.390
[2024-09-17 14:18:43,889][main_train.py][line:155][INFO] Epoch:[37/200]	 Test acc=37.210

[2024-09-17 14:18:46,411][main_train.py][line:167][INFO] Best Test acc=40.300

[2024-09-17 14:19:30,049][main_train.py][line:152][INFO] 
 Epoch:[38/200]	 loss=845.39459	 acc=43.210
[2024-09-17 14:19:33,411][main_train.py][line:155][INFO] Epoch:[38/200]	 Test acc=39.330

[2024-09-17 14:19:35,779][main_train.py][line:167][INFO] Best Test acc=40.300

[2024-09-17 14:20:19,159][main_train.py][line:152][INFO] 
 Epoch:[39/200]	 loss=835.84390	 acc=43.612
[2024-09-17 14:20:22,364][main_train.py][line:155][INFO] Epoch:[39/200]	 Test acc=40.290

[2024-09-17 14:20:24,671][main_train.py][line:167][INFO] Best Test acc=40.300

[2024-09-17 14:21:08,245][main_train.py][line:152][INFO] 
 Epoch:[40/200]	 loss=830.29316	 acc=43.986
[2024-09-17 14:21:11,763][main_train.py][line:155][INFO] Epoch:[40/200]	 Test acc=39.210

[2024-09-17 14:21:14,394][main_train.py][line:167][INFO] Best Test acc=40.300

[2024-09-17 14:21:57,832][main_train.py][line:152][INFO] 
 Epoch:[41/200]	 loss=830.01470	 acc=43.826
[2024-09-17 14:22:01,073][main_train.py][line:155][INFO] Epoch:[41/200]	 Test acc=38.760

[2024-09-17 14:22:03,468][main_train.py][line:167][INFO] Best Test acc=40.300

[2024-09-17 14:22:46,812][main_train.py][line:152][INFO] 
 Epoch:[42/200]	 loss=829.74462	 acc=43.932
[2024-09-17 14:22:50,148][main_train.py][line:155][INFO] Epoch:[42/200]	 Test acc=37.610

[2024-09-17 14:22:52,536][main_train.py][line:167][INFO] Best Test acc=40.300

[2024-09-17 14:23:35,915][main_train.py][line:152][INFO] 
 Epoch:[43/200]	 loss=826.24851	 acc=44.410
[2024-09-17 14:23:39,362][main_train.py][line:155][INFO] Epoch:[43/200]	 Test acc=38.440

[2024-09-17 14:23:41,928][main_train.py][line:167][INFO] Best Test acc=40.300

[2024-09-17 14:24:25,322][main_train.py][line:152][INFO] 
 Epoch:[44/200]	 loss=818.77009	 acc=44.586
[2024-09-17 14:24:28,772][main_train.py][line:155][INFO] Epoch:[44/200]	 Test acc=40.760

[2024-09-17 14:24:33,518][main_train.py][line:167][INFO] Best Test acc=40.760

[2024-09-17 14:25:16,533][main_train.py][line:152][INFO] 
 Epoch:[45/200]	 loss=817.55947	 acc=44.652
[2024-09-17 14:25:19,776][main_train.py][line:155][INFO] Epoch:[45/200]	 Test acc=38.220

[2024-09-17 14:25:22,036][main_train.py][line:167][INFO] Best Test acc=40.760

[2024-09-17 14:26:05,224][main_train.py][line:152][INFO] 
 Epoch:[46/200]	 loss=815.47407	 acc=44.792
[2024-09-17 14:26:08,503][main_train.py][line:155][INFO] Epoch:[46/200]	 Test acc=36.020

[2024-09-17 14:26:10,931][main_train.py][line:167][INFO] Best Test acc=40.760

[2024-09-17 14:26:54,377][main_train.py][line:152][INFO] 
 Epoch:[47/200]	 loss=812.03291	 acc=45.106
[2024-09-17 14:26:57,640][main_train.py][line:155][INFO] Epoch:[47/200]	 Test acc=39.210

[2024-09-17 14:26:59,983][main_train.py][line:167][INFO] Best Test acc=40.760

[2024-09-17 14:27:43,384][main_train.py][line:152][INFO] 
 Epoch:[48/200]	 loss=803.79906	 acc=45.590
[2024-09-17 14:27:46,794][main_train.py][line:155][INFO] Epoch:[48/200]	 Test acc=41.010

[2024-09-17 14:27:51,643][main_train.py][line:167][INFO] Best Test acc=41.010

[2024-09-17 14:28:35,143][main_train.py][line:152][INFO] 
 Epoch:[49/200]	 loss=810.35641	 acc=45.118
[2024-09-17 14:28:38,373][main_train.py][line:155][INFO] Epoch:[49/200]	 Test acc=39.380

[2024-09-17 14:28:40,783][main_train.py][line:167][INFO] Best Test acc=41.010

[2024-09-17 14:29:24,004][main_train.py][line:152][INFO] 
 Epoch:[50/200]	 loss=804.25575	 acc=45.716
[2024-09-17 14:29:27,233][main_train.py][line:155][INFO] Epoch:[50/200]	 Test acc=40.750

[2024-09-17 14:29:29,763][main_train.py][line:167][INFO] Best Test acc=41.010

[2024-09-17 14:30:13,016][main_train.py][line:152][INFO] 
 Epoch:[51/200]	 loss=798.72540	 acc=46.044
[2024-09-17 14:30:16,269][main_train.py][line:155][INFO] Epoch:[51/200]	 Test acc=39.970

[2024-09-17 14:30:18,728][main_train.py][line:167][INFO] Best Test acc=41.010

[2024-09-17 14:31:02,239][main_train.py][line:152][INFO] 
 Epoch:[52/200]	 loss=800.95113	 acc=45.898
[2024-09-17 14:31:05,485][main_train.py][line:155][INFO] Epoch:[52/200]	 Test acc=39.260

[2024-09-17 14:31:07,999][main_train.py][line:167][INFO] Best Test acc=41.010

[2024-09-17 14:31:51,247][main_train.py][line:152][INFO] 
 Epoch:[53/200]	 loss=795.68331	 acc=46.270
[2024-09-17 14:31:54,495][main_train.py][line:155][INFO] Epoch:[53/200]	 Test acc=35.040

[2024-09-17 14:31:56,937][main_train.py][line:167][INFO] Best Test acc=41.010

[2024-09-17 14:32:40,098][main_train.py][line:152][INFO] 
 Epoch:[54/200]	 loss=792.23840	 acc=46.174
[2024-09-17 14:32:43,374][main_train.py][line:155][INFO] Epoch:[54/200]	 Test acc=39.650

[2024-09-17 14:32:45,825][main_train.py][line:167][INFO] Best Test acc=41.010

[2024-09-17 14:33:28,981][main_train.py][line:152][INFO] 
 Epoch:[55/200]	 loss=787.37630	 acc=46.654
[2024-09-17 14:33:32,236][main_train.py][line:155][INFO] Epoch:[55/200]	 Test acc=36.570

[2024-09-17 14:33:34,600][main_train.py][line:167][INFO] Best Test acc=41.010

[2024-09-17 14:34:17,804][main_train.py][line:152][INFO] 
 Epoch:[56/200]	 loss=787.49319	 acc=46.500
[2024-09-17 14:34:21,082][main_train.py][line:155][INFO] Epoch:[56/200]	 Test acc=39.560

[2024-09-17 14:34:23,658][main_train.py][line:167][INFO] Best Test acc=41.010

[2024-09-17 14:35:06,985][main_train.py][line:152][INFO] 
 Epoch:[57/200]	 loss=781.40940	 acc=46.932
[2024-09-17 14:35:10,211][main_train.py][line:155][INFO] Epoch:[57/200]	 Test acc=40.410

[2024-09-17 14:35:12,484][main_train.py][line:167][INFO] Best Test acc=41.010

[2024-09-17 14:35:55,627][main_train.py][line:152][INFO] 
 Epoch:[58/200]	 loss=778.77711	 acc=47.134
[2024-09-17 14:35:58,849][main_train.py][line:155][INFO] Epoch:[58/200]	 Test acc=40.540

[2024-09-17 14:36:01,391][main_train.py][line:167][INFO] Best Test acc=41.010

[2024-09-17 14:36:44,875][main_train.py][line:152][INFO] 
 Epoch:[59/200]	 loss=774.53031	 acc=47.062
[2024-09-17 14:36:48,114][main_train.py][line:155][INFO] Epoch:[59/200]	 Test acc=40.590

[2024-09-17 14:36:50,483][main_train.py][line:167][INFO] Best Test acc=41.010

[2024-09-17 14:37:33,675][main_train.py][line:152][INFO] 
 Epoch:[60/200]	 loss=765.31960	 acc=47.588
[2024-09-17 14:37:36,958][main_train.py][line:155][INFO] Epoch:[60/200]	 Test acc=40.840

[2024-09-17 14:37:39,321][main_train.py][line:167][INFO] Best Test acc=41.010

[2024-09-17 14:38:22,655][main_train.py][line:152][INFO] 
 Epoch:[61/200]	 loss=766.98130	 acc=47.590
[2024-09-17 14:38:25,911][main_train.py][line:155][INFO] Epoch:[61/200]	 Test acc=40.600

[2024-09-17 14:38:28,401][main_train.py][line:167][INFO] Best Test acc=41.010

[2024-09-17 14:39:12,173][main_train.py][line:152][INFO] 
 Epoch:[62/200]	 loss=762.45776	 acc=47.982
[2024-09-17 14:39:15,485][main_train.py][line:155][INFO] Epoch:[62/200]	 Test acc=38.330

[2024-09-17 14:39:17,905][main_train.py][line:167][INFO] Best Test acc=41.010

[2024-09-17 14:40:02,046][main_train.py][line:152][INFO] 
 Epoch:[63/200]	 loss=763.24333	 acc=47.644
[2024-09-17 14:40:05,335][main_train.py][line:155][INFO] Epoch:[63/200]	 Test acc=40.780

[2024-09-17 14:40:07,790][main_train.py][line:167][INFO] Best Test acc=41.010

[2024-09-17 14:40:52,206][main_train.py][line:152][INFO] 
 Epoch:[64/200]	 loss=758.63187	 acc=48.246
[2024-09-17 14:40:55,536][main_train.py][line:155][INFO] Epoch:[64/200]	 Test acc=41.450

[2024-09-17 14:41:00,354][main_train.py][line:167][INFO] Best Test acc=41.450

[2024-09-17 14:41:44,866][main_train.py][line:152][INFO] 
 Epoch:[65/200]	 loss=754.72820	 acc=48.480
[2024-09-17 14:41:48,191][main_train.py][line:155][INFO] Epoch:[65/200]	 Test acc=41.820

[2024-09-17 14:41:53,022][main_train.py][line:167][INFO] Best Test acc=41.820

[2024-09-17 14:42:37,022][main_train.py][line:152][INFO] 
 Epoch:[66/200]	 loss=748.68109	 acc=48.678
[2024-09-17 14:42:40,323][main_train.py][line:155][INFO] Epoch:[66/200]	 Test acc=41.840

[2024-09-17 14:42:45,370][main_train.py][line:167][INFO] Best Test acc=41.840

[2024-09-17 14:43:29,709][main_train.py][line:152][INFO] 
 Epoch:[67/200]	 loss=750.74633	 acc=48.428
[2024-09-17 14:43:32,964][main_train.py][line:155][INFO] Epoch:[67/200]	 Test acc=42.060

[2024-09-17 14:43:37,851][main_train.py][line:167][INFO] Best Test acc=42.060

[2024-09-17 14:44:21,910][main_train.py][line:152][INFO] 
 Epoch:[68/200]	 loss=746.84021	 acc=49.092
[2024-09-17 14:44:25,258][main_train.py][line:155][INFO] Epoch:[68/200]	 Test acc=40.690

[2024-09-17 14:44:27,825][main_train.py][line:167][INFO] Best Test acc=42.060

[2024-09-17 14:45:12,094][main_train.py][line:152][INFO] 
 Epoch:[69/200]	 loss=740.89416	 acc=49.194
[2024-09-17 14:45:15,458][main_train.py][line:155][INFO] Epoch:[69/200]	 Test acc=40.160

[2024-09-17 14:45:17,940][main_train.py][line:167][INFO] Best Test acc=42.060

[2024-09-17 14:46:02,100][main_train.py][line:152][INFO] 
 Epoch:[70/200]	 loss=736.44017	 acc=49.282
[2024-09-17 14:46:05,449][main_train.py][line:155][INFO] Epoch:[70/200]	 Test acc=41.500

[2024-09-17 14:46:07,825][main_train.py][line:167][INFO] Best Test acc=42.060

[2024-09-17 14:46:51,910][main_train.py][line:152][INFO] 
 Epoch:[71/200]	 loss=735.71806	 acc=49.446
[2024-09-17 14:46:55,207][main_train.py][line:155][INFO] Epoch:[71/200]	 Test acc=42.500

[2024-09-17 14:47:00,074][main_train.py][line:167][INFO] Best Test acc=42.500

[2024-09-17 14:47:44,400][main_train.py][line:152][INFO] 
 Epoch:[72/200]	 loss=734.34882	 acc=49.454
[2024-09-17 14:47:47,897][main_train.py][line:155][INFO] Epoch:[72/200]	 Test acc=40.920

[2024-09-17 14:47:50,455][main_train.py][line:167][INFO] Best Test acc=42.500

[2024-09-17 14:48:34,539][main_train.py][line:152][INFO] 
 Epoch:[73/200]	 loss=727.63685	 acc=50.276
[2024-09-17 14:48:37,837][main_train.py][line:155][INFO] Epoch:[73/200]	 Test acc=40.490

[2024-09-17 14:48:40,375][main_train.py][line:167][INFO] Best Test acc=42.500

[2024-09-17 14:49:24,401][main_train.py][line:152][INFO] 
 Epoch:[74/200]	 loss=721.59674	 acc=50.456
[2024-09-17 14:49:27,688][main_train.py][line:155][INFO] Epoch:[74/200]	 Test acc=42.920

[2024-09-17 14:49:33,116][main_train.py][line:167][INFO] Best Test acc=42.920

[2024-09-17 14:50:17,321][main_train.py][line:152][INFO] 
 Epoch:[75/200]	 loss=718.54653	 acc=50.424
[2024-09-17 14:50:20,642][main_train.py][line:155][INFO] Epoch:[75/200]	 Test acc=41.940

[2024-09-17 14:50:23,361][main_train.py][line:167][INFO] Best Test acc=42.920

[2024-09-17 14:51:07,457][main_train.py][line:152][INFO] 
 Epoch:[76/200]	 loss=716.50791	 acc=50.758
[2024-09-17 14:51:10,759][main_train.py][line:155][INFO] Epoch:[76/200]	 Test acc=40.910

[2024-09-17 14:51:13,224][main_train.py][line:167][INFO] Best Test acc=42.920

[2024-09-17 14:51:57,588][main_train.py][line:152][INFO] 
 Epoch:[77/200]	 loss=711.45640	 acc=51.036
[2024-09-17 14:52:00,995][main_train.py][line:155][INFO] Epoch:[77/200]	 Test acc=42.530

[2024-09-17 14:52:03,467][main_train.py][line:167][INFO] Best Test acc=42.920

[2024-09-17 14:52:47,646][main_train.py][line:152][INFO] 
 Epoch:[78/200]	 loss=708.82992	 acc=51.116
[2024-09-17 14:52:51,072][main_train.py][line:155][INFO] Epoch:[78/200]	 Test acc=40.060

[2024-09-17 14:52:53,476][main_train.py][line:167][INFO] Best Test acc=42.920

[2024-09-17 14:53:37,620][main_train.py][line:152][INFO] 
 Epoch:[79/200]	 loss=701.52449	 acc=51.548
[2024-09-17 14:53:41,020][main_train.py][line:155][INFO] Epoch:[79/200]	 Test acc=44.240

[2024-09-17 14:53:46,006][main_train.py][line:167][INFO] Best Test acc=44.240

[2024-09-17 14:54:30,555][main_train.py][line:152][INFO] 
 Epoch:[80/200]	 loss=697.84789	 acc=51.772
[2024-09-17 14:54:34,062][main_train.py][line:155][INFO] Epoch:[80/200]	 Test acc=34.150

[2024-09-17 14:54:36,667][main_train.py][line:167][INFO] Best Test acc=44.240

[2024-09-17 14:55:20,823][main_train.py][line:152][INFO] 
 Epoch:[81/200]	 loss=693.62026	 acc=51.920
[2024-09-17 14:55:24,107][main_train.py][line:155][INFO] Epoch:[81/200]	 Test acc=43.510

[2024-09-17 14:55:26,577][main_train.py][line:167][INFO] Best Test acc=44.240

[2024-09-17 14:56:10,734][main_train.py][line:152][INFO] 
 Epoch:[82/200]	 loss=691.12549	 acc=51.916
[2024-09-17 14:56:14,047][main_train.py][line:155][INFO] Epoch:[82/200]	 Test acc=42.010

[2024-09-17 14:56:16,581][main_train.py][line:167][INFO] Best Test acc=44.240

[2024-09-17 14:57:00,724][main_train.py][line:152][INFO] 
 Epoch:[83/200]	 loss=685.27471	 acc=52.586
[2024-09-17 14:57:04,169][main_train.py][line:155][INFO] Epoch:[83/200]	 Test acc=41.770

[2024-09-17 14:57:06,769][main_train.py][line:167][INFO] Best Test acc=44.240

[2024-09-17 14:57:50,792][main_train.py][line:152][INFO] 
 Epoch:[84/200]	 loss=680.36204	 acc=52.630
[2024-09-17 14:57:54,116][main_train.py][line:155][INFO] Epoch:[84/200]	 Test acc=41.530

[2024-09-17 14:57:56,672][main_train.py][line:167][INFO] Best Test acc=44.240

[2024-09-17 14:58:40,735][main_train.py][line:152][INFO] 
 Epoch:[85/200]	 loss=672.15637	 acc=53.322
[2024-09-17 14:58:44,237][main_train.py][line:155][INFO] Epoch:[85/200]	 Test acc=40.060

[2024-09-17 14:58:46,912][main_train.py][line:167][INFO] Best Test acc=44.240

[2024-09-17 14:59:31,107][main_train.py][line:152][INFO] 
 Epoch:[86/200]	 loss=672.20377	 acc=53.450
[2024-09-17 14:59:34,381][main_train.py][line:155][INFO] Epoch:[86/200]	 Test acc=41.840

[2024-09-17 14:59:36,812][main_train.py][line:167][INFO] Best Test acc=44.240

[2024-09-17 15:00:21,178][main_train.py][line:152][INFO] 
 Epoch:[87/200]	 loss=664.17680	 acc=53.720
[2024-09-17 15:00:24,694][main_train.py][line:155][INFO] Epoch:[87/200]	 Test acc=43.210

[2024-09-17 15:00:27,298][main_train.py][line:167][INFO] Best Test acc=44.240

[2024-09-17 15:01:11,645][main_train.py][line:152][INFO] 
 Epoch:[88/200]	 loss=660.13519	 acc=54.010
[2024-09-17 15:01:14,974][main_train.py][line:155][INFO] Epoch:[88/200]	 Test acc=35.190

[2024-09-17 15:01:17,676][main_train.py][line:167][INFO] Best Test acc=44.240

[2024-09-17 15:02:02,205][main_train.py][line:152][INFO] 
 Epoch:[89/200]	 loss=655.68577	 acc=54.340
[2024-09-17 15:02:05,744][main_train.py][line:155][INFO] Epoch:[89/200]	 Test acc=42.350

[2024-09-17 15:02:08,408][main_train.py][line:167][INFO] Best Test acc=44.240

[2024-09-17 15:02:52,840][main_train.py][line:152][INFO] 
 Epoch:[90/200]	 loss=650.37898	 acc=54.772
[2024-09-17 15:02:56,354][main_train.py][line:155][INFO] Epoch:[90/200]	 Test acc=38.680

[2024-09-17 15:02:59,213][main_train.py][line:167][INFO] Best Test acc=44.240

[2024-09-17 15:03:43,706][main_train.py][line:152][INFO] 
 Epoch:[91/200]	 loss=644.91901	 acc=54.842
[2024-09-17 15:03:46,997][main_train.py][line:155][INFO] Epoch:[91/200]	 Test acc=40.780

[2024-09-17 15:03:49,656][main_train.py][line:167][INFO] Best Test acc=44.240

[2024-09-17 15:04:34,132][main_train.py][line:152][INFO] 
 Epoch:[92/200]	 loss=644.50962	 acc=54.946
[2024-09-17 15:04:37,480][main_train.py][line:155][INFO] Epoch:[92/200]	 Test acc=42.860

[2024-09-17 15:04:39,947][main_train.py][line:167][INFO] Best Test acc=44.240

[2024-09-17 15:05:24,597][main_train.py][line:152][INFO] 
 Epoch:[93/200]	 loss=639.33431	 acc=55.198
[2024-09-17 15:05:28,124][main_train.py][line:155][INFO] Epoch:[93/200]	 Test acc=43.470

[2024-09-17 15:05:30,779][main_train.py][line:167][INFO] Best Test acc=44.240

[2024-09-17 15:06:15,181][main_train.py][line:152][INFO] 
 Epoch:[94/200]	 loss=631.95015	 acc=55.662
[2024-09-17 15:06:18,713][main_train.py][line:155][INFO] Epoch:[94/200]	 Test acc=44.910

[2024-09-17 15:06:24,291][main_train.py][line:167][INFO] Best Test acc=44.910

[2024-09-17 15:07:08,943][main_train.py][line:152][INFO] 
 Epoch:[95/200]	 loss=626.36314	 acc=56.132
[2024-09-17 15:07:12,243][main_train.py][line:155][INFO] Epoch:[95/200]	 Test acc=43.730

[2024-09-17 15:07:15,226][main_train.py][line:167][INFO] Best Test acc=44.910

[2024-09-17 15:07:59,550][main_train.py][line:152][INFO] 
 Epoch:[96/200]	 loss=620.18929	 acc=56.610
[2024-09-17 15:08:03,200][main_train.py][line:155][INFO] Epoch:[96/200]	 Test acc=43.520

[2024-09-17 15:08:07,249][main_train.py][line:167][INFO] Best Test acc=44.910

[2024-09-17 15:08:51,693][main_train.py][line:152][INFO] 
 Epoch:[97/200]	 loss=616.58094	 acc=56.480
[2024-09-17 15:08:55,069][main_train.py][line:155][INFO] Epoch:[97/200]	 Test acc=41.260

[2024-09-17 15:08:57,682][main_train.py][line:167][INFO] Best Test acc=44.910

[2024-09-17 15:09:41,928][main_train.py][line:152][INFO] 
 Epoch:[98/200]	 loss=610.15961	 acc=56.960
[2024-09-17 15:09:45,581][main_train.py][line:155][INFO] Epoch:[98/200]	 Test acc=44.490

[2024-09-17 15:09:49,243][main_train.py][line:167][INFO] Best Test acc=44.910

[2024-09-17 15:10:33,832][main_train.py][line:152][INFO] 
 Epoch:[99/200]	 loss=602.19957	 acc=57.526
[2024-09-17 15:10:37,373][main_train.py][line:155][INFO] Epoch:[99/200]	 Test acc=44.400

[2024-09-17 15:10:40,008][main_train.py][line:167][INFO] Best Test acc=44.910

[2024-09-17 15:11:24,221][main_train.py][line:152][INFO] 
 Epoch:[100/200]	 loss=597.98559	 acc=57.754
[2024-09-17 15:11:27,812][main_train.py][line:155][INFO] Epoch:[100/200]	 Test acc=44.820

[2024-09-17 15:11:30,821][main_train.py][line:167][INFO] Best Test acc=44.910

[2024-09-17 15:12:15,224][main_train.py][line:152][INFO] 
 Epoch:[101/200]	 loss=591.19908	 acc=58.156
[2024-09-17 15:12:18,573][main_train.py][line:155][INFO] Epoch:[101/200]	 Test acc=42.510

[2024-09-17 15:12:21,657][main_train.py][line:167][INFO] Best Test acc=44.910

[2024-09-17 15:13:05,951][main_train.py][line:152][INFO] 
 Epoch:[102/200]	 loss=588.56825	 acc=58.172
[2024-09-17 15:13:09,841][main_train.py][line:155][INFO] Epoch:[102/200]	 Test acc=42.680

[2024-09-17 15:13:13,058][main_train.py][line:167][INFO] Best Test acc=44.910

[2024-09-17 15:13:58,366][main_train.py][line:152][INFO] 
 Epoch:[103/200]	 loss=583.64949	 acc=58.988
[2024-09-17 15:14:01,717][main_train.py][line:155][INFO] Epoch:[103/200]	 Test acc=44.000

[2024-09-17 15:14:04,586][main_train.py][line:167][INFO] Best Test acc=44.910

[2024-09-17 15:14:49,066][main_train.py][line:152][INFO] 
 Epoch:[104/200]	 loss=573.98896	 acc=59.344
[2024-09-17 15:14:52,683][main_train.py][line:155][INFO] Epoch:[104/200]	 Test acc=44.330

[2024-09-17 15:14:56,538][main_train.py][line:167][INFO] Best Test acc=44.910

[2024-09-17 15:15:41,226][main_train.py][line:152][INFO] 
 Epoch:[105/200]	 loss=572.94231	 acc=58.958
[2024-09-17 15:15:44,793][main_train.py][line:155][INFO] Epoch:[105/200]	 Test acc=44.580

[2024-09-17 15:15:48,175][main_train.py][line:167][INFO] Best Test acc=44.910

[2024-09-17 15:16:32,668][main_train.py][line:152][INFO] 
 Epoch:[106/200]	 loss=563.86814	 acc=59.888
[2024-09-17 15:16:36,038][main_train.py][line:155][INFO] Epoch:[106/200]	 Test acc=45.070

[2024-09-17 15:16:42,485][main_train.py][line:167][INFO] Best Test acc=45.070

[2024-09-17 15:17:26,550][main_train.py][line:152][INFO] 
 Epoch:[107/200]	 loss=557.30992	 acc=60.654
[2024-09-17 15:17:30,163][main_train.py][line:155][INFO] Epoch:[107/200]	 Test acc=45.390

[2024-09-17 15:17:35,475][main_train.py][line:167][INFO] Best Test acc=45.390

[2024-09-17 15:18:19,673][main_train.py][line:152][INFO] 
 Epoch:[108/200]	 loss=544.65712	 acc=61.264
[2024-09-17 15:18:23,258][main_train.py][line:155][INFO] Epoch:[108/200]	 Test acc=44.620

[2024-09-17 15:18:26,427][main_train.py][line:167][INFO] Best Test acc=45.390

[2024-09-17 15:19:10,535][main_train.py][line:152][INFO] 
 Epoch:[109/200]	 loss=540.78610	 acc=61.322
[2024-09-17 15:19:13,817][main_train.py][line:155][INFO] Epoch:[109/200]	 Test acc=43.670

[2024-09-17 15:19:16,665][main_train.py][line:167][INFO] Best Test acc=45.390

[2024-09-17 15:20:01,552][main_train.py][line:152][INFO] 
 Epoch:[110/200]	 loss=536.89455	 acc=61.816
[2024-09-17 15:20:05,276][main_train.py][line:155][INFO] Epoch:[110/200]	 Test acc=44.910

[2024-09-17 15:20:08,008][main_train.py][line:167][INFO] Best Test acc=45.390

[2024-09-17 15:20:52,341][main_train.py][line:152][INFO] 
 Epoch:[111/200]	 loss=532.11863	 acc=61.890
[2024-09-17 15:20:55,839][main_train.py][line:155][INFO] Epoch:[111/200]	 Test acc=45.990

[2024-09-17 15:21:01,301][main_train.py][line:167][INFO] Best Test acc=45.990

[2024-09-17 15:21:45,711][main_train.py][line:152][INFO] 
 Epoch:[112/200]	 loss=522.46969	 acc=62.684
[2024-09-17 15:21:49,040][main_train.py][line:155][INFO] Epoch:[112/200]	 Test acc=46.350

[2024-09-17 15:21:54,483][main_train.py][line:167][INFO] Best Test acc=46.350

[2024-09-17 15:22:38,716][main_train.py][line:152][INFO] 
 Epoch:[113/200]	 loss=516.40007	 acc=63.064
[2024-09-17 15:22:42,056][main_train.py][line:155][INFO] Epoch:[113/200]	 Test acc=45.620

[2024-09-17 15:22:45,026][main_train.py][line:167][INFO] Best Test acc=46.350

[2024-09-17 15:23:29,450][main_train.py][line:152][INFO] 
 Epoch:[114/200]	 loss=502.85241	 acc=63.954
[2024-09-17 15:23:32,967][main_train.py][line:155][INFO] Epoch:[114/200]	 Test acc=45.100

[2024-09-17 15:23:36,013][main_train.py][line:167][INFO] Best Test acc=46.350

[2024-09-17 15:24:20,295][main_train.py][line:152][INFO] 
 Epoch:[115/200]	 loss=496.98628	 acc=64.260
[2024-09-17 15:24:23,613][main_train.py][line:155][INFO] Epoch:[115/200]	 Test acc=44.800

[2024-09-17 15:24:26,922][main_train.py][line:167][INFO] Best Test acc=46.350

[2024-09-17 15:25:11,152][main_train.py][line:152][INFO] 
 Epoch:[116/200]	 loss=491.10550	 acc=64.694
[2024-09-17 15:25:14,656][main_train.py][line:155][INFO] Epoch:[116/200]	 Test acc=45.030

[2024-09-17 15:25:17,759][main_train.py][line:167][INFO] Best Test acc=46.350

[2024-09-17 15:26:02,279][main_train.py][line:152][INFO] 
 Epoch:[117/200]	 loss=487.42972	 acc=64.756
[2024-09-17 15:26:05,772][main_train.py][line:155][INFO] Epoch:[117/200]	 Test acc=46.390

[2024-09-17 15:26:12,386][main_train.py][line:167][INFO] Best Test acc=46.390

[2024-09-17 15:26:57,157][main_train.py][line:152][INFO] 
 Epoch:[118/200]	 loss=481.51846	 acc=65.408
[2024-09-17 15:27:00,728][main_train.py][line:155][INFO] Epoch:[118/200]	 Test acc=45.170

[2024-09-17 15:27:04,122][main_train.py][line:167][INFO] Best Test acc=46.390

[2024-09-17 15:27:48,600][main_train.py][line:152][INFO] 
 Epoch:[119/200]	 loss=465.66662	 acc=66.658
[2024-09-17 15:27:51,915][main_train.py][line:155][INFO] Epoch:[119/200]	 Test acc=45.020

[2024-09-17 15:27:54,877][main_train.py][line:167][INFO] Best Test acc=46.390

[2024-09-17 15:28:39,483][main_train.py][line:152][INFO] 
 Epoch:[120/200]	 loss=468.40193	 acc=66.174
[2024-09-17 15:28:43,040][main_train.py][line:155][INFO] Epoch:[120/200]	 Test acc=45.050

[2024-09-17 15:28:46,338][main_train.py][line:167][INFO] Best Test acc=46.390

[2024-09-17 15:29:30,945][main_train.py][line:152][INFO] 
 Epoch:[121/200]	 loss=458.66239	 acc=67.004
[2024-09-17 15:29:34,279][main_train.py][line:155][INFO] Epoch:[121/200]	 Test acc=45.030

[2024-09-17 15:29:37,102][main_train.py][line:167][INFO] Best Test acc=46.390

[2024-09-17 15:30:21,366][main_train.py][line:152][INFO] 
 Epoch:[122/200]	 loss=450.27551	 acc=67.562
[2024-09-17 15:30:24,760][main_train.py][line:155][INFO] Epoch:[122/200]	 Test acc=45.760

[2024-09-17 15:30:27,754][main_train.py][line:167][INFO] Best Test acc=46.390

[2024-09-17 15:31:11,996][main_train.py][line:152][INFO] 
 Epoch:[123/200]	 loss=442.16466	 acc=67.912
[2024-09-17 15:31:15,521][main_train.py][line:155][INFO] Epoch:[123/200]	 Test acc=45.720

[2024-09-17 15:31:18,637][main_train.py][line:167][INFO] Best Test acc=46.390

[2024-09-17 15:32:02,834][main_train.py][line:152][INFO] 
 Epoch:[124/200]	 loss=429.50580	 acc=68.902
[2024-09-17 15:32:06,361][main_train.py][line:155][INFO] Epoch:[124/200]	 Test acc=45.920

[2024-09-17 15:32:09,554][main_train.py][line:167][INFO] Best Test acc=46.390

[2024-09-17 15:32:54,977][main_train.py][line:152][INFO] 
 Epoch:[125/200]	 loss=427.43780	 acc=69.086
[2024-09-17 15:32:58,591][main_train.py][line:155][INFO] Epoch:[125/200]	 Test acc=46.110

[2024-09-17 15:33:01,920][main_train.py][line:167][INFO] Best Test acc=46.390

[2024-09-17 15:33:46,517][main_train.py][line:152][INFO] 
 Epoch:[126/200]	 loss=412.92798	 acc=70.282
[2024-09-17 15:33:49,825][main_train.py][line:155][INFO] Epoch:[126/200]	 Test acc=44.990

[2024-09-17 15:33:52,709][main_train.py][line:167][INFO] Best Test acc=46.390

[2024-09-17 15:34:37,180][main_train.py][line:152][INFO] 
 Epoch:[127/200]	 loss=406.20503	 acc=70.424
[2024-09-17 15:34:40,484][main_train.py][line:155][INFO] Epoch:[127/200]	 Test acc=46.090

[2024-09-17 15:34:43,393][main_train.py][line:167][INFO] Best Test acc=46.390

[2024-09-17 15:35:27,642][main_train.py][line:152][INFO] 
 Epoch:[128/200]	 loss=400.91406	 acc=70.912
[2024-09-17 15:35:30,961][main_train.py][line:155][INFO] Epoch:[128/200]	 Test acc=47.200

[2024-09-17 15:35:36,789][main_train.py][line:167][INFO] Best Test acc=47.200

[2024-09-17 15:36:21,080][main_train.py][line:152][INFO] 
 Epoch:[129/200]	 loss=391.32686	 acc=71.586
[2024-09-17 15:36:24,387][main_train.py][line:155][INFO] Epoch:[129/200]	 Test acc=45.600

[2024-09-17 15:36:27,201][main_train.py][line:167][INFO] Best Test acc=47.200

[2024-09-17 15:37:11,510][main_train.py][line:152][INFO] 
 Epoch:[130/200]	 loss=387.08629	 acc=71.998
[2024-09-17 15:37:14,822][main_train.py][line:155][INFO] Epoch:[130/200]	 Test acc=46.700

[2024-09-17 15:37:17,371][main_train.py][line:167][INFO] Best Test acc=47.200

[2024-09-17 15:38:01,542][main_train.py][line:152][INFO] 
 Epoch:[131/200]	 loss=379.24217	 acc=72.574
[2024-09-17 15:38:04,866][main_train.py][line:155][INFO] Epoch:[131/200]	 Test acc=46.340

[2024-09-17 15:38:07,355][main_train.py][line:167][INFO] Best Test acc=47.200

[2024-09-17 15:38:51,512][main_train.py][line:152][INFO] 
 Epoch:[132/200]	 loss=366.13565	 acc=73.432
[2024-09-17 15:38:55,464][main_train.py][line:155][INFO] Epoch:[132/200]	 Test acc=45.650

[2024-09-17 15:38:58,625][main_train.py][line:167][INFO] Best Test acc=47.200

[2024-09-17 15:39:43,535][main_train.py][line:152][INFO] 
 Epoch:[133/200]	 loss=357.64751	 acc=74.126
[2024-09-17 15:39:46,851][main_train.py][line:155][INFO] Epoch:[133/200]	 Test acc=46.300

[2024-09-17 15:39:49,479][main_train.py][line:167][INFO] Best Test acc=47.200

[2024-09-17 15:40:33,653][main_train.py][line:152][INFO] 
 Epoch:[134/200]	 loss=351.48866	 acc=74.386
[2024-09-17 15:40:37,069][main_train.py][line:155][INFO] Epoch:[134/200]	 Test acc=47.250

[2024-09-17 15:40:42,149][main_train.py][line:167][INFO] Best Test acc=47.250

[2024-09-17 15:41:26,450][main_train.py][line:152][INFO] 
 Epoch:[135/200]	 loss=348.34738	 acc=74.786
[2024-09-17 15:41:29,908][main_train.py][line:155][INFO] Epoch:[135/200]	 Test acc=46.620

[2024-09-17 15:41:32,485][main_train.py][line:167][INFO] Best Test acc=47.250

[2024-09-17 15:42:17,012][main_train.py][line:152][INFO] 
 Epoch:[136/200]	 loss=337.53055	 acc=75.480
[2024-09-17 15:42:20,360][main_train.py][line:155][INFO] Epoch:[136/200]	 Test acc=45.540

[2024-09-17 15:42:22,919][main_train.py][line:167][INFO] Best Test acc=47.250

[2024-09-17 15:43:07,213][main_train.py][line:152][INFO] 
 Epoch:[137/200]	 loss=328.73631	 acc=76.250
[2024-09-17 15:43:10,565][main_train.py][line:155][INFO] Epoch:[137/200]	 Test acc=45.520

[2024-09-17 15:43:13,121][main_train.py][line:167][INFO] Best Test acc=47.250

[2024-09-17 15:43:57,593][main_train.py][line:152][INFO] 
 Epoch:[138/200]	 loss=322.17354	 acc=76.768
[2024-09-17 15:44:01,146][main_train.py][line:155][INFO] Epoch:[138/200]	 Test acc=47.050

[2024-09-17 15:44:04,055][main_train.py][line:167][INFO] Best Test acc=47.250

[2024-09-17 15:44:48,302][main_train.py][line:152][INFO] 
 Epoch:[139/200]	 loss=315.11415	 acc=77.186
[2024-09-17 15:44:51,850][main_train.py][line:155][INFO] Epoch:[139/200]	 Test acc=47.300

[2024-09-17 15:44:57,994][main_train.py][line:167][INFO] Best Test acc=47.300

[2024-09-17 15:45:42,583][main_train.py][line:152][INFO] 
 Epoch:[140/200]	 loss=302.98114	 acc=78.088
[2024-09-17 15:45:46,109][main_train.py][line:155][INFO] Epoch:[140/200]	 Test acc=47.200

[2024-09-17 15:45:49,333][main_train.py][line:167][INFO] Best Test acc=47.300

[2024-09-17 15:46:33,776][main_train.py][line:152][INFO] 
 Epoch:[141/200]	 loss=298.81586	 acc=78.462
[2024-09-17 15:46:37,367][main_train.py][line:155][INFO] Epoch:[141/200]	 Test acc=45.690

[2024-09-17 15:46:41,146][main_train.py][line:167][INFO] Best Test acc=47.300

[2024-09-17 15:47:25,633][main_train.py][line:152][INFO] 
 Epoch:[142/200]	 loss=289.02909	 acc=79.290
[2024-09-17 15:47:28,974][main_train.py][line:155][INFO] Epoch:[142/200]	 Test acc=47.460

[2024-09-17 15:47:35,318][main_train.py][line:167][INFO] Best Test acc=47.460

[2024-09-17 15:48:19,457][main_train.py][line:152][INFO] 
 Epoch:[143/200]	 loss=283.37666	 acc=79.590
[2024-09-17 15:48:22,785][main_train.py][line:155][INFO] Epoch:[143/200]	 Test acc=47.000

[2024-09-17 15:48:25,892][main_train.py][line:167][INFO] Best Test acc=47.460

[2024-09-17 15:49:10,274][main_train.py][line:152][INFO] 
 Epoch:[144/200]	 loss=275.82750	 acc=80.398
[2024-09-17 15:49:13,613][main_train.py][line:155][INFO] Epoch:[144/200]	 Test acc=47.680

[2024-09-17 15:49:20,054][main_train.py][line:167][INFO] Best Test acc=47.680

[2024-09-17 15:50:04,251][main_train.py][line:152][INFO] 
 Epoch:[145/200]	 loss=264.91964	 acc=81.176
[2024-09-17 15:50:07,609][main_train.py][line:155][INFO] Epoch:[145/200]	 Test acc=46.790

[2024-09-17 15:50:13,259][main_train.py][line:167][INFO] Best Test acc=47.680

[2024-09-17 15:50:57,807][main_train.py][line:152][INFO] 
 Epoch:[146/200]	 loss=258.75561	 acc=81.706
[2024-09-17 15:51:01,127][main_train.py][line:155][INFO] Epoch:[146/200]	 Test acc=47.100

[2024-09-17 15:51:04,048][main_train.py][line:167][INFO] Best Test acc=47.680

[2024-09-17 15:51:48,360][main_train.py][line:152][INFO] 
 Epoch:[147/200]	 loss=252.41047	 acc=82.004
[2024-09-17 15:51:51,873][main_train.py][line:155][INFO] Epoch:[147/200]	 Test acc=47.310

[2024-09-17 15:51:55,281][main_train.py][line:167][INFO] Best Test acc=47.680

[2024-09-17 15:52:40,260][main_train.py][line:152][INFO] 
 Epoch:[148/200]	 loss=247.25562	 acc=82.484
[2024-09-17 15:52:43,873][main_train.py][line:155][INFO] Epoch:[148/200]	 Test acc=47.240

[2024-09-17 15:52:47,528][main_train.py][line:167][INFO] Best Test acc=47.680

[2024-09-17 15:53:31,964][main_train.py][line:152][INFO] 
 Epoch:[149/200]	 loss=237.79098	 acc=83.200
[2024-09-17 15:53:35,362][main_train.py][line:155][INFO] Epoch:[149/200]	 Test acc=47.590

[2024-09-17 15:53:38,646][main_train.py][line:167][INFO] Best Test acc=47.680

[2024-09-17 15:54:23,010][main_train.py][line:152][INFO] 
 Epoch:[150/200]	 loss=231.18177	 acc=83.688
[2024-09-17 15:54:26,322][main_train.py][line:155][INFO] Epoch:[150/200]	 Test acc=47.420

[2024-09-17 15:54:29,468][main_train.py][line:167][INFO] Best Test acc=47.680

[2024-09-17 15:55:13,762][main_train.py][line:152][INFO] 
 Epoch:[151/200]	 loss=225.31041	 acc=84.102
[2024-09-17 15:55:17,098][main_train.py][line:155][INFO] Epoch:[151/200]	 Test acc=46.630

[2024-09-17 15:55:20,637][main_train.py][line:167][INFO] Best Test acc=47.680

[2024-09-17 15:56:04,938][main_train.py][line:152][INFO] 
 Epoch:[152/200]	 loss=221.59968	 acc=84.518
[2024-09-17 15:56:08,504][main_train.py][line:155][INFO] Epoch:[152/200]	 Test acc=48.210

[2024-09-17 15:56:13,634][main_train.py][line:167][INFO] Best Test acc=48.210

[2024-09-17 15:56:57,864][main_train.py][line:152][INFO] 
 Epoch:[153/200]	 loss=207.97400	 acc=85.742
[2024-09-17 15:57:01,257][main_train.py][line:155][INFO] Epoch:[153/200]	 Test acc=48.040

[2024-09-17 15:57:03,787][main_train.py][line:167][INFO] Best Test acc=48.210

[2024-09-17 15:57:48,571][main_train.py][line:152][INFO] 
 Epoch:[154/200]	 loss=202.24101	 acc=86.210
[2024-09-17 15:57:52,087][main_train.py][line:155][INFO] Epoch:[154/200]	 Test acc=47.670

[2024-09-17 15:57:54,615][main_train.py][line:167][INFO] Best Test acc=48.210

[2024-09-17 15:58:39,469][main_train.py][line:152][INFO] 
 Epoch:[155/200]	 loss=196.34578	 acc=86.516
[2024-09-17 15:58:42,900][main_train.py][line:155][INFO] Epoch:[155/200]	 Test acc=48.520

[2024-09-17 15:58:47,907][main_train.py][line:167][INFO] Best Test acc=48.520

[2024-09-17 15:59:32,108][main_train.py][line:152][INFO] 
 Epoch:[156/200]	 loss=190.08255	 acc=87.002
[2024-09-17 15:59:35,736][main_train.py][line:155][INFO] Epoch:[156/200]	 Test acc=48.120

[2024-09-17 15:59:39,161][main_train.py][line:167][INFO] Best Test acc=48.520

[2024-09-17 16:00:23,557][main_train.py][line:152][INFO] 
 Epoch:[157/200]	 loss=184.56478	 acc=87.456
[2024-09-17 16:00:27,160][main_train.py][line:155][INFO] Epoch:[157/200]	 Test acc=47.740

[2024-09-17 16:00:30,740][main_train.py][line:167][INFO] Best Test acc=48.520

[2024-09-17 16:01:15,424][main_train.py][line:152][INFO] 
 Epoch:[158/200]	 loss=174.88538	 acc=88.174
[2024-09-17 16:01:18,788][main_train.py][line:155][INFO] Epoch:[158/200]	 Test acc=49.190

[2024-09-17 16:01:25,437][main_train.py][line:167][INFO] Best Test acc=49.190

[2024-09-17 16:02:09,826][main_train.py][line:152][INFO] 
 Epoch:[159/200]	 loss=171.42243	 acc=88.564
[2024-09-17 16:02:13,212][main_train.py][line:155][INFO] Epoch:[159/200]	 Test acc=48.960

[2024-09-17 16:02:16,615][main_train.py][line:167][INFO] Best Test acc=49.190

[2024-09-17 16:03:00,968][main_train.py][line:152][INFO] 
 Epoch:[160/200]	 loss=166.35950	 acc=88.942
[2024-09-17 16:03:04,536][main_train.py][line:155][INFO] Epoch:[160/200]	 Test acc=47.630

[2024-09-17 16:03:07,815][main_train.py][line:167][INFO] Best Test acc=49.190

[2024-09-17 16:03:52,299][main_train.py][line:152][INFO] 
 Epoch:[161/200]	 loss=158.76903	 acc=89.534
[2024-09-17 16:03:55,734][main_train.py][line:155][INFO] Epoch:[161/200]	 Test acc=49.120

[2024-09-17 16:03:59,484][main_train.py][line:167][INFO] Best Test acc=49.190

[2024-09-17 16:04:44,472][main_train.py][line:152][INFO] 
 Epoch:[162/200]	 loss=157.28182	 acc=89.778
[2024-09-17 16:04:47,889][main_train.py][line:155][INFO] Epoch:[162/200]	 Test acc=49.170

[2024-09-17 16:04:51,148][main_train.py][line:167][INFO] Best Test acc=49.190

[2024-09-17 16:05:35,699][main_train.py][line:152][INFO] 
 Epoch:[163/200]	 loss=152.59462	 acc=90.038
[2024-09-17 16:05:39,310][main_train.py][line:155][INFO] Epoch:[163/200]	 Test acc=49.190

[2024-09-17 16:05:42,652][main_train.py][line:167][INFO] Best Test acc=49.190

[2024-09-17 16:06:26,835][main_train.py][line:152][INFO] 
 Epoch:[164/200]	 loss=146.48736	 acc=90.650
[2024-09-17 16:06:30,413][main_train.py][line:155][INFO] Epoch:[164/200]	 Test acc=49.000

[2024-09-17 16:06:34,251][main_train.py][line:167][INFO] Best Test acc=49.190

[2024-09-17 16:07:18,673][main_train.py][line:152][INFO] 
 Epoch:[165/200]	 loss=140.52382	 acc=91.016
[2024-09-17 16:07:22,311][main_train.py][line:155][INFO] Epoch:[165/200]	 Test acc=49.480

[2024-09-17 16:07:31,011][main_train.py][line:167][INFO] Best Test acc=49.480

[2024-09-17 16:08:15,270][main_train.py][line:152][INFO] 
 Epoch:[166/200]	 loss=135.52758	 acc=91.582
[2024-09-17 16:08:18,861][main_train.py][line:155][INFO] Epoch:[166/200]	 Test acc=48.670

[2024-09-17 16:08:22,229][main_train.py][line:167][INFO] Best Test acc=49.480

[2024-09-17 16:09:06,466][main_train.py][line:152][INFO] 
 Epoch:[167/200]	 loss=131.18579	 acc=91.822
[2024-09-17 16:09:09,834][main_train.py][line:155][INFO] Epoch:[167/200]	 Test acc=48.570

[2024-09-17 16:09:13,215][main_train.py][line:167][INFO] Best Test acc=49.480

[2024-09-17 16:09:57,460][main_train.py][line:152][INFO] 
 Epoch:[168/200]	 loss=126.00074	 acc=92.242
[2024-09-17 16:10:01,030][main_train.py][line:155][INFO] Epoch:[168/200]	 Test acc=49.610

[2024-09-17 16:10:07,725][main_train.py][line:167][INFO] Best Test acc=49.610

[2024-09-17 16:10:51,783][main_train.py][line:152][INFO] 
 Epoch:[169/200]	 loss=122.39521	 acc=92.502
[2024-09-17 16:10:55,473][main_train.py][line:155][INFO] Epoch:[169/200]	 Test acc=49.590

[2024-09-17 16:10:59,176][main_train.py][line:167][INFO] Best Test acc=49.610

[2024-09-17 16:11:43,670][main_train.py][line:152][INFO] 
 Epoch:[170/200]	 loss=116.61683	 acc=93.090
[2024-09-17 16:11:47,337][main_train.py][line:155][INFO] Epoch:[170/200]	 Test acc=49.700

[2024-09-17 16:11:55,178][main_train.py][line:167][INFO] Best Test acc=49.700

[2024-09-17 16:12:39,759][main_train.py][line:152][INFO] 
 Epoch:[171/200]	 loss=114.17670	 acc=93.170
[2024-09-17 16:12:43,380][main_train.py][line:155][INFO] Epoch:[171/200]	 Test acc=49.820

[2024-09-17 16:12:49,900][main_train.py][line:167][INFO] Best Test acc=49.820

[2024-09-17 16:13:34,031][main_train.py][line:152][INFO] 
 Epoch:[172/200]	 loss=111.32135	 acc=93.506
[2024-09-17 16:13:37,530][main_train.py][line:155][INFO] Epoch:[172/200]	 Test acc=49.690

[2024-09-17 16:13:41,385][main_train.py][line:167][INFO] Best Test acc=49.820

[2024-09-17 16:14:25,959][main_train.py][line:152][INFO] 
 Epoch:[173/200]	 loss=105.83596	 acc=94.014
[2024-09-17 16:14:29,346][main_train.py][line:155][INFO] Epoch:[173/200]	 Test acc=49.460

[2024-09-17 16:14:32,714][main_train.py][line:167][INFO] Best Test acc=49.820

[2024-09-17 16:15:17,577][main_train.py][line:152][INFO] 
 Epoch:[174/200]	 loss=103.86116	 acc=93.920
[2024-09-17 16:15:20,944][main_train.py][line:155][INFO] Epoch:[174/200]	 Test acc=49.870

[2024-09-17 16:15:27,542][main_train.py][line:167][INFO] Best Test acc=49.870

[2024-09-17 16:16:11,832][main_train.py][line:152][INFO] 
 Epoch:[175/200]	 loss=101.01300	 acc=94.292
[2024-09-17 16:16:15,429][main_train.py][line:155][INFO] Epoch:[175/200]	 Test acc=50.160

[2024-09-17 16:16:20,781][main_train.py][line:167][INFO] Best Test acc=50.160

[2024-09-17 16:17:04,880][main_train.py][line:152][INFO] 
 Epoch:[176/200]	 loss=98.17876	 acc=94.390
[2024-09-17 16:17:08,387][main_train.py][line:155][INFO] Epoch:[176/200]	 Test acc=49.470

[2024-09-17 16:17:11,182][main_train.py][line:167][INFO] Best Test acc=50.160

[2024-09-17 16:17:56,628][main_train.py][line:152][INFO] 
 Epoch:[177/200]	 loss=96.37799	 acc=94.618
[2024-09-17 16:18:00,038][main_train.py][line:155][INFO] Epoch:[177/200]	 Test acc=49.920

[2024-09-17 16:18:02,592][main_train.py][line:167][INFO] Best Test acc=50.160

[2024-09-17 16:18:46,922][main_train.py][line:152][INFO] 
 Epoch:[178/200]	 loss=91.37283	 acc=94.960
[2024-09-17 16:18:50,550][main_train.py][line:155][INFO] Epoch:[178/200]	 Test acc=50.320

[2024-09-17 16:18:57,088][main_train.py][line:167][INFO] Best Test acc=50.320

[2024-09-17 16:19:41,329][main_train.py][line:152][INFO] 
 Epoch:[179/200]	 loss=89.75829	 acc=95.080
[2024-09-17 16:19:44,904][main_train.py][line:155][INFO] Epoch:[179/200]	 Test acc=50.300

[2024-09-17 16:19:48,273][main_train.py][line:167][INFO] Best Test acc=50.320

[2024-09-17 16:20:32,727][main_train.py][line:152][INFO] 
 Epoch:[180/200]	 loss=86.24610	 acc=95.512
[2024-09-17 16:20:36,285][main_train.py][line:155][INFO] Epoch:[180/200]	 Test acc=50.320

[2024-09-17 16:20:40,406][main_train.py][line:167][INFO] Best Test acc=50.320

[2024-09-17 16:21:24,658][main_train.py][line:152][INFO] 
 Epoch:[181/200]	 loss=83.96774	 acc=95.620
[2024-09-17 16:21:27,982][main_train.py][line:155][INFO] Epoch:[181/200]	 Test acc=49.920

[2024-09-17 16:21:31,416][main_train.py][line:167][INFO] Best Test acc=50.320

[2024-09-17 16:22:15,799][main_train.py][line:152][INFO] 
 Epoch:[182/200]	 loss=82.36565	 acc=95.724
[2024-09-17 16:22:19,194][main_train.py][line:155][INFO] Epoch:[182/200]	 Test acc=50.080

[2024-09-17 16:22:23,884][main_train.py][line:167][INFO] Best Test acc=50.320

[2024-09-17 16:23:08,173][main_train.py][line:152][INFO] 
 Epoch:[183/200]	 loss=79.71511	 acc=96.038
[2024-09-17 16:23:11,789][main_train.py][line:155][INFO] Epoch:[183/200]	 Test acc=50.560

[2024-09-17 16:23:19,027][main_train.py][line:167][INFO] Best Test acc=50.560

[2024-09-17 16:24:04,160][main_train.py][line:152][INFO] 
 Epoch:[184/200]	 loss=79.97907	 acc=95.828
[2024-09-17 16:24:07,955][main_train.py][line:155][INFO] Epoch:[184/200]	 Test acc=50.250

[2024-09-17 16:24:11,917][main_train.py][line:167][INFO] Best Test acc=50.560

[2024-09-17 16:24:56,499][main_train.py][line:152][INFO] 
 Epoch:[185/200]	 loss=77.88083	 acc=96.092
[2024-09-17 16:24:59,914][main_train.py][line:155][INFO] Epoch:[185/200]	 Test acc=50.470

[2024-09-17 16:25:03,424][main_train.py][line:167][INFO] Best Test acc=50.560

[2024-09-17 16:25:47,930][main_train.py][line:152][INFO] 
 Epoch:[186/200]	 loss=75.52393	 acc=96.294
[2024-09-17 16:25:51,413][main_train.py][line:155][INFO] Epoch:[186/200]	 Test acc=50.620

[2024-09-17 16:25:58,463][main_train.py][line:167][INFO] Best Test acc=50.620

[2024-09-17 16:26:42,793][main_train.py][line:152][INFO] 
 Epoch:[187/200]	 loss=73.37774	 acc=96.474
[2024-09-17 16:26:46,128][main_train.py][line:155][INFO] Epoch:[187/200]	 Test acc=50.100

[2024-09-17 16:26:49,715][main_train.py][line:167][INFO] Best Test acc=50.620

[2024-09-17 16:27:34,039][main_train.py][line:152][INFO] 
 Epoch:[188/200]	 loss=72.63738	 acc=96.488
[2024-09-17 16:27:37,361][main_train.py][line:155][INFO] Epoch:[188/200]	 Test acc=49.870

[2024-09-17 16:27:40,950][main_train.py][line:167][INFO] Best Test acc=50.620

[2024-09-17 16:28:25,301][main_train.py][line:152][INFO] 
 Epoch:[189/200]	 loss=72.18389	 acc=96.520
[2024-09-17 16:28:28,795][main_train.py][line:155][INFO] Epoch:[189/200]	 Test acc=50.140

[2024-09-17 16:28:32,485][main_train.py][line:167][INFO] Best Test acc=50.620

[2024-09-17 16:29:16,707][main_train.py][line:152][INFO] 
 Epoch:[190/200]	 loss=72.35845	 acc=96.490
[2024-09-17 16:29:20,047][main_train.py][line:155][INFO] Epoch:[190/200]	 Test acc=50.840

[2024-09-17 16:29:27,118][main_train.py][line:167][INFO] Best Test acc=50.840

[2024-09-17 16:30:11,515][main_train.py][line:152][INFO] 
 Epoch:[191/200]	 loss=70.95502	 acc=96.666
[2024-09-17 16:30:15,557][main_train.py][line:155][INFO] Epoch:[191/200]	 Test acc=50.560

[2024-09-17 16:30:19,445][main_train.py][line:167][INFO] Best Test acc=50.840

[2024-09-17 16:31:04,752][main_train.py][line:152][INFO] 
 Epoch:[192/200]	 loss=69.28344	 acc=96.774
[2024-09-17 16:31:08,362][main_train.py][line:155][INFO] Epoch:[192/200]	 Test acc=50.890

[2024-09-17 16:31:16,287][main_train.py][line:167][INFO] Best Test acc=50.890

[2024-09-17 16:32:00,925][main_train.py][line:152][INFO] 
 Epoch:[193/200]	 loss=70.41805	 acc=96.698
[2024-09-17 16:32:04,554][main_train.py][line:155][INFO] Epoch:[193/200]	 Test acc=50.350

[2024-09-17 16:32:08,542][main_train.py][line:167][INFO] Best Test acc=50.890

[2024-09-17 16:32:53,456][main_train.py][line:152][INFO] 
 Epoch:[194/200]	 loss=67.88143	 acc=96.892
[2024-09-17 16:32:56,915][main_train.py][line:155][INFO] Epoch:[194/200]	 Test acc=50.480

[2024-09-17 16:33:00,042][main_train.py][line:167][INFO] Best Test acc=50.890

[2024-09-17 16:33:44,641][main_train.py][line:152][INFO] 
 Epoch:[195/200]	 loss=69.39139	 acc=96.660
[2024-09-17 16:33:48,007][main_train.py][line:155][INFO] Epoch:[195/200]	 Test acc=50.270

[2024-09-17 16:33:51,323][main_train.py][line:167][INFO] Best Test acc=50.890

[2024-09-17 16:34:35,727][main_train.py][line:152][INFO] 
 Epoch:[196/200]	 loss=69.50846	 acc=96.708
[2024-09-17 16:34:39,156][main_train.py][line:155][INFO] Epoch:[196/200]	 Test acc=50.760

[2024-09-17 16:34:42,346][main_train.py][line:167][INFO] Best Test acc=50.890

[2024-09-17 16:35:26,652][main_train.py][line:152][INFO] 
 Epoch:[197/200]	 loss=68.64872	 acc=96.774
[2024-09-17 16:35:30,267][main_train.py][line:155][INFO] Epoch:[197/200]	 Test acc=50.480

[2024-09-17 16:35:33,522][main_train.py][line:167][INFO] Best Test acc=50.890

[2024-09-17 16:36:18,180][main_train.py][line:152][INFO] 
 Epoch:[198/200]	 loss=67.64458	 acc=96.882
[2024-09-17 16:36:21,617][main_train.py][line:155][INFO] Epoch:[198/200]	 Test acc=51.020

[2024-09-17 16:36:26,804][main_train.py][line:167][INFO] Best Test acc=51.020

[2024-09-17 16:37:10,827][main_train.py][line:152][INFO] 
 Epoch:[199/200]	 loss=68.87319	 acc=96.778
[2024-09-17 16:37:14,412][main_train.py][line:155][INFO] Epoch:[199/200]	 Test acc=50.630

[2024-09-17 16:37:17,162][main_train.py][line:167][INFO] Best Test acc=51.020

