[2024-09-13 22:39:20,602][main_train.py][line:137][INFO] {'workers': 8, 'batch_size': 128, 'seed': 42, 'optim': 'sgd', 'suffix': '', 'dataset': 'svhn', 'model': 'vgg11', 'time': 4, 'epochs': 200, 'lr': 0.1, 'device': '2', 'special': 'l2', 'beta': 0.0005, 'attack': 'pgd', 'eps': 2.0, 'attack_mode': 'bptt', 'alpha': 1.0, 'steps': 2, 'encoding': 'rate', 'atk_encoding': 'rate', 'resume': False, 'INdatapath': '/home/gubin/bhaskar/datasets/Image100/', 'cache_dataset': False, 'distributed': False, 'TET': False, 'signed': False}
[2024-09-13 22:39:20,603][main_train.py][line:147][INFO] start training!
[2024-09-13 22:42:14,444][main_train.py][line:152][INFO] Epoch:[0/200]	 loss=1278.36757	 acc=19.258
[2024-09-13 22:42:21,576][main_train.py][line:155][INFO] Epoch:[0/200]	 Test acc=19.307

[2024-09-13 22:42:23,943][main_train.py][line:167][INFO] Best Test acc=19.307
[2024-09-13 22:45:17,870][main_train.py][line:152][INFO] Epoch:[1/200]	 loss=1047.51467	 acc=36.032
[2024-09-13 22:45:25,013][main_train.py][line:155][INFO] Epoch:[1/200]	 Test acc=57.172

[2024-09-13 22:45:29,964][main_train.py][line:167][INFO] Best Test acc=57.172
[2024-09-13 22:48:24,085][main_train.py][line:152][INFO] Epoch:[2/200]	 loss=704.18732	 acc=58.766
[2024-09-13 22:48:31,340][main_train.py][line:155][INFO] Epoch:[2/200]	 Test acc=72.088

[2024-09-13 22:48:36,596][main_train.py][line:167][INFO] Best Test acc=72.088
[2024-09-13 22:51:30,731][main_train.py][line:152][INFO] Epoch:[3/200]	 loss=596.70975	 acc=66.185
[2024-09-13 22:51:37,939][main_train.py][line:155][INFO] Epoch:[3/200]	 Test acc=74.946

[2024-09-13 22:51:42,717][main_train.py][line:167][INFO] Best Test acc=74.946
[2024-09-13 22:54:36,629][main_train.py][line:152][INFO] Epoch:[4/200]	 loss=556.53224	 acc=68.826
[2024-09-13 22:54:43,807][main_train.py][line:155][INFO] Epoch:[4/200]	 Test acc=76.448

[2024-09-13 22:54:49,601][main_train.py][line:167][INFO] Best Test acc=76.448
[2024-09-13 22:57:43,522][main_train.py][line:152][INFO] Epoch:[5/200]	 loss=529.38451	 acc=70.377
[2024-09-13 22:57:50,723][main_train.py][line:155][INFO] Epoch:[5/200]	 Test acc=76.779

[2024-09-13 22:57:55,396][main_train.py][line:167][INFO] Best Test acc=76.779
[2024-09-13 23:00:49,069][main_train.py][line:152][INFO] Epoch:[6/200]	 loss=518.60922	 acc=71.246
[2024-09-13 23:00:56,474][main_train.py][line:155][INFO] Epoch:[6/200]	 Test acc=79.425

[2024-09-13 23:01:01,161][main_train.py][line:167][INFO] Best Test acc=79.425
[2024-09-13 23:03:54,753][main_train.py][line:152][INFO] Epoch:[7/200]	 loss=509.50019	 acc=71.855
[2024-09-13 23:04:01,895][main_train.py][line:155][INFO] Epoch:[7/200]	 Test acc=78.284

[2024-09-13 23:04:04,246][main_train.py][line:167][INFO] Best Test acc=79.425
[2024-09-13 23:06:57,820][main_train.py][line:152][INFO] Epoch:[8/200]	 loss=505.90114	 acc=71.933
[2024-09-13 23:07:05,006][main_train.py][line:155][INFO] Epoch:[8/200]	 Test acc=78.238

[2024-09-13 23:07:07,347][main_train.py][line:167][INFO] Best Test acc=79.425
[2024-09-13 23:10:01,080][main_train.py][line:152][INFO] Epoch:[9/200]	 loss=507.45934	 acc=71.645
[2024-09-13 23:10:08,216][main_train.py][line:155][INFO] Epoch:[9/200]	 Test acc=76.890

[2024-09-13 23:10:10,558][main_train.py][line:167][INFO] Best Test acc=79.425
[2024-09-13 23:13:04,288][main_train.py][line:152][INFO] Epoch:[10/200]	 loss=501.62216	 acc=72.192
[2024-09-13 23:13:11,407][main_train.py][line:155][INFO] Epoch:[10/200]	 Test acc=78.830

[2024-09-13 23:13:14,053][main_train.py][line:167][INFO] Best Test acc=79.425
[2024-09-13 23:16:07,793][main_train.py][line:152][INFO] Epoch:[11/200]	 loss=498.18666	 acc=72.270
[2024-09-13 23:16:14,950][main_train.py][line:155][INFO] Epoch:[11/200]	 Test acc=78.953

[2024-09-13 23:16:17,305][main_train.py][line:167][INFO] Best Test acc=79.425
[2024-09-13 23:19:10,882][main_train.py][line:152][INFO] Epoch:[12/200]	 loss=502.55584	 acc=72.030
[2024-09-13 23:19:18,030][main_train.py][line:155][INFO] Epoch:[12/200]	 Test acc=77.804

[2024-09-13 23:19:20,387][main_train.py][line:167][INFO] Best Test acc=79.425
[2024-09-13 23:22:13,974][main_train.py][line:152][INFO] Epoch:[13/200]	 loss=497.24405	 acc=72.310
[2024-09-13 23:22:21,096][main_train.py][line:155][INFO] Epoch:[13/200]	 Test acc=77.032

[2024-09-13 23:22:23,413][main_train.py][line:167][INFO] Best Test acc=79.425
[2024-09-13 23:25:16,957][main_train.py][line:152][INFO] Epoch:[14/200]	 loss=496.78435	 acc=72.564
[2024-09-13 23:25:24,128][main_train.py][line:155][INFO] Epoch:[14/200]	 Test acc=79.771

[2024-09-13 23:25:28,808][main_train.py][line:167][INFO] Best Test acc=79.771
[2024-09-13 23:28:22,538][main_train.py][line:152][INFO] Epoch:[15/200]	 loss=490.67992	 acc=72.659
[2024-09-13 23:28:29,951][main_train.py][line:155][INFO] Epoch:[15/200]	 Test acc=79.333

[2024-09-13 23:28:32,265][main_train.py][line:167][INFO] Best Test acc=79.771
[2024-09-13 23:31:25,900][main_train.py][line:152][INFO] Epoch:[16/200]	 loss=490.95827	 acc=72.771
[2024-09-13 23:31:33,004][main_train.py][line:155][INFO] Epoch:[16/200]	 Test acc=79.291

[2024-09-13 23:31:35,316][main_train.py][line:167][INFO] Best Test acc=79.771
[2024-09-13 23:34:28,950][main_train.py][line:152][INFO] Epoch:[17/200]	 loss=493.89941	 acc=72.525
[2024-09-13 23:34:36,274][main_train.py][line:155][INFO] Epoch:[17/200]	 Test acc=77.770

[2024-09-13 23:34:38,647][main_train.py][line:167][INFO] Best Test acc=79.771
[2024-09-13 23:37:32,259][main_train.py][line:152][INFO] Epoch:[18/200]	 loss=492.37023	 acc=72.515
[2024-09-13 23:37:39,387][main_train.py][line:155][INFO] Epoch:[18/200]	 Test acc=80.140

[2024-09-13 23:37:44,076][main_train.py][line:167][INFO] Best Test acc=80.140
[2024-09-13 23:40:37,806][main_train.py][line:152][INFO] Epoch:[19/200]	 loss=489.16207	 acc=73.017
[2024-09-13 23:40:44,925][main_train.py][line:155][INFO] Epoch:[19/200]	 Test acc=78.296

[2024-09-13 23:40:47,254][main_train.py][line:167][INFO] Best Test acc=80.140
[2024-09-13 23:43:40,974][main_train.py][line:152][INFO] Epoch:[20/200]	 loss=490.20529	 acc=72.829
[2024-09-13 23:43:48,148][main_train.py][line:155][INFO] Epoch:[20/200]	 Test acc=76.006

[2024-09-13 23:43:50,511][main_train.py][line:167][INFO] Best Test acc=80.140
[2024-09-13 23:46:44,066][main_train.py][line:152][INFO] Epoch:[21/200]	 loss=487.64345	 acc=72.949
[2024-09-13 23:46:51,224][main_train.py][line:155][INFO] Epoch:[21/200]	 Test acc=77.662

[2024-09-13 23:46:53,507][main_train.py][line:167][INFO] Best Test acc=80.140
[2024-09-13 23:49:47,084][main_train.py][line:152][INFO] Epoch:[22/200]	 loss=488.43575	 acc=72.830
[2024-09-13 23:49:54,210][main_train.py][line:155][INFO] Epoch:[22/200]	 Test acc=78.999

[2024-09-13 23:49:56,555][main_train.py][line:167][INFO] Best Test acc=80.140
[2024-09-13 23:52:50,128][main_train.py][line:152][INFO] Epoch:[23/200]	 loss=489.33228	 acc=72.950
[2024-09-13 23:52:57,293][main_train.py][line:155][INFO] Epoch:[23/200]	 Test acc=76.867

[2024-09-13 23:52:59,680][main_train.py][line:167][INFO] Best Test acc=80.140
[2024-09-13 23:55:53,200][main_train.py][line:152][INFO] Epoch:[24/200]	 loss=489.17373	 acc=73.032
[2024-09-13 23:56:00,780][main_train.py][line:155][INFO] Epoch:[24/200]	 Test acc=78.918

[2024-09-13 23:56:03,157][main_train.py][line:167][INFO] Best Test acc=80.140
[2024-09-13 23:58:56,755][main_train.py][line:152][INFO] Epoch:[25/200]	 loss=488.12752	 acc=72.826
[2024-09-13 23:59:03,915][main_train.py][line:155][INFO] Epoch:[25/200]	 Test acc=77.808

[2024-09-13 23:59:06,281][main_train.py][line:167][INFO] Best Test acc=80.140
[2024-09-14 00:01:59,793][main_train.py][line:152][INFO] Epoch:[26/200]	 loss=486.24439	 acc=73.046
[2024-09-14 00:02:06,901][main_train.py][line:155][INFO] Epoch:[26/200]	 Test acc=79.886

[2024-09-14 00:02:09,266][main_train.py][line:167][INFO] Best Test acc=80.140
[2024-09-14 00:05:02,839][main_train.py][line:152][INFO] Epoch:[27/200]	 loss=485.41706	 acc=73.122
[2024-09-14 00:05:10,022][main_train.py][line:155][INFO] Epoch:[27/200]	 Test acc=79.783

[2024-09-14 00:05:12,394][main_train.py][line:167][INFO] Best Test acc=80.140
[2024-09-14 00:08:05,959][main_train.py][line:152][INFO] Epoch:[28/200]	 loss=485.23573	 acc=73.114
[2024-09-14 00:08:13,111][main_train.py][line:155][INFO] Epoch:[28/200]	 Test acc=78.077

[2024-09-14 00:08:15,435][main_train.py][line:167][INFO] Best Test acc=80.140
[2024-09-14 00:11:09,160][main_train.py][line:152][INFO] Epoch:[29/200]	 loss=482.02912	 acc=73.167
[2024-09-14 00:11:16,626][main_train.py][line:155][INFO] Epoch:[29/200]	 Test acc=78.968

[2024-09-14 00:11:18,993][main_train.py][line:167][INFO] Best Test acc=80.140
[2024-09-14 00:14:12,469][main_train.py][line:152][INFO] Epoch:[30/200]	 loss=482.46821	 acc=73.230
[2024-09-14 00:14:19,611][main_train.py][line:155][INFO] Epoch:[30/200]	 Test acc=77.666

[2024-09-14 00:14:21,990][main_train.py][line:167][INFO] Best Test acc=80.140
[2024-09-14 00:17:15,536][main_train.py][line:152][INFO] Epoch:[31/200]	 loss=481.06826	 acc=73.223
[2024-09-14 00:17:22,698][main_train.py][line:155][INFO] Epoch:[31/200]	 Test acc=78.607

[2024-09-14 00:17:25,037][main_train.py][line:167][INFO] Best Test acc=80.140
[2024-09-14 00:20:18,666][main_train.py][line:152][INFO] Epoch:[32/200]	 loss=483.58090	 acc=73.153
[2024-09-14 00:20:25,800][main_train.py][line:155][INFO] Epoch:[32/200]	 Test acc=76.890

[2024-09-14 00:20:28,125][main_train.py][line:167][INFO] Best Test acc=80.140
[2024-09-14 00:23:21,599][main_train.py][line:152][INFO] Epoch:[33/200]	 loss=480.61679	 acc=73.413
[2024-09-14 00:23:28,737][main_train.py][line:155][INFO] Epoch:[33/200]	 Test acc=78.265

[2024-09-14 00:23:31,077][main_train.py][line:167][INFO] Best Test acc=80.140
[2024-09-14 00:26:24,868][main_train.py][line:152][INFO] Epoch:[34/200]	 loss=484.60929	 acc=73.242
[2024-09-14 00:26:32,105][main_train.py][line:155][INFO] Epoch:[34/200]	 Test acc=75.323

[2024-09-14 00:26:34,448][main_train.py][line:167][INFO] Best Test acc=80.140
[2024-09-14 00:29:28,094][main_train.py][line:152][INFO] Epoch:[35/200]	 loss=482.71919	 acc=73.306
[2024-09-14 00:29:35,300][main_train.py][line:155][INFO] Epoch:[35/200]	 Test acc=78.561

[2024-09-14 00:29:37,904][main_train.py][line:167][INFO] Best Test acc=80.140
[2024-09-14 00:32:31,549][main_train.py][line:152][INFO] Epoch:[36/200]	 loss=478.96684	 acc=73.420
[2024-09-14 00:32:38,667][main_train.py][line:155][INFO] Epoch:[36/200]	 Test acc=80.224

[2024-09-14 00:32:43,409][main_train.py][line:167][INFO] Best Test acc=80.224
[2024-09-14 00:35:37,138][main_train.py][line:152][INFO] Epoch:[37/200]	 loss=480.40008	 acc=73.375
[2024-09-14 00:35:44,308][main_train.py][line:155][INFO] Epoch:[37/200]	 Test acc=75.545

[2024-09-14 00:35:46,679][main_train.py][line:167][INFO] Best Test acc=80.224
[2024-09-14 00:38:40,237][main_train.py][line:152][INFO] Epoch:[38/200]	 loss=480.56534	 acc=73.596
[2024-09-14 00:38:47,430][main_train.py][line:155][INFO] Epoch:[38/200]	 Test acc=77.962

[2024-09-14 00:38:49,824][main_train.py][line:167][INFO] Best Test acc=80.224
[2024-09-14 00:41:43,446][main_train.py][line:152][INFO] Epoch:[39/200]	 loss=477.92122	 acc=73.618
[2024-09-14 00:41:50,633][main_train.py][line:155][INFO] Epoch:[39/200]	 Test acc=78.327

[2024-09-14 00:41:53,012][main_train.py][line:167][INFO] Best Test acc=80.224
[2024-09-14 00:44:46,535][main_train.py][line:152][INFO] Epoch:[40/200]	 loss=479.26404	 acc=73.634
[2024-09-14 00:44:53,693][main_train.py][line:155][INFO] Epoch:[40/200]	 Test acc=77.800

[2024-09-14 00:44:56,112][main_train.py][line:167][INFO] Best Test acc=80.224
[2024-09-14 00:47:49,539][main_train.py][line:152][INFO] Epoch:[41/200]	 loss=477.85664	 acc=73.502
[2024-09-14 00:47:56,624][main_train.py][line:155][INFO] Epoch:[41/200]	 Test acc=79.268

[2024-09-14 00:47:59,032][main_train.py][line:167][INFO] Best Test acc=80.224
[2024-09-14 00:50:52,608][main_train.py][line:152][INFO] Epoch:[42/200]	 loss=478.04260	 acc=73.641
[2024-09-14 00:50:59,757][main_train.py][line:155][INFO] Epoch:[42/200]	 Test acc=80.117

[2024-09-14 00:51:02,070][main_train.py][line:167][INFO] Best Test acc=80.224
[2024-09-14 00:53:55,627][main_train.py][line:152][INFO] Epoch:[43/200]	 loss=477.39673	 acc=73.540
[2024-09-14 00:54:03,040][main_train.py][line:155][INFO] Epoch:[43/200]	 Test acc=79.487

[2024-09-14 00:54:05,428][main_train.py][line:167][INFO] Best Test acc=80.224
[2024-09-14 00:56:59,015][main_train.py][line:152][INFO] Epoch:[44/200]	 loss=478.18464	 acc=73.493
[2024-09-14 00:57:06,171][main_train.py][line:155][INFO] Epoch:[44/200]	 Test acc=76.986

[2024-09-14 00:57:08,526][main_train.py][line:167][INFO] Best Test acc=80.224
[2024-09-14 01:00:02,177][main_train.py][line:152][INFO] Epoch:[45/200]	 loss=473.87083	 acc=73.839
[2024-09-14 01:00:09,333][main_train.py][line:155][INFO] Epoch:[45/200]	 Test acc=79.683

[2024-09-14 01:00:11,670][main_train.py][line:167][INFO] Best Test acc=80.224
[2024-09-14 01:03:05,142][main_train.py][line:152][INFO] Epoch:[46/200]	 loss=473.09796	 acc=73.815
[2024-09-14 01:03:12,316][main_train.py][line:155][INFO] Epoch:[46/200]	 Test acc=79.806

[2024-09-14 01:03:14,688][main_train.py][line:167][INFO] Best Test acc=80.224
[2024-09-14 01:06:08,198][main_train.py][line:152][INFO] Epoch:[47/200]	 loss=474.88506	 acc=73.691
[2024-09-14 01:06:15,338][main_train.py][line:155][INFO] Epoch:[47/200]	 Test acc=79.663

[2024-09-14 01:06:17,637][main_train.py][line:167][INFO] Best Test acc=80.224
[2024-09-14 01:09:11,304][main_train.py][line:152][INFO] Epoch:[48/200]	 loss=474.30720	 acc=73.709
[2024-09-14 01:09:18,439][main_train.py][line:155][INFO] Epoch:[48/200]	 Test acc=80.547

[2024-09-14 01:09:23,270][main_train.py][line:167][INFO] Best Test acc=80.547
[2024-09-14 01:12:16,572][main_train.py][line:152][INFO] Epoch:[49/200]	 loss=472.93473	 acc=73.671
[2024-09-14 01:12:23,710][main_train.py][line:155][INFO] Epoch:[49/200]	 Test acc=79.629

[2024-09-14 01:12:26,107][main_train.py][line:167][INFO] Best Test acc=80.547
[2024-09-14 01:15:19,680][main_train.py][line:152][INFO] Epoch:[50/200]	 loss=473.30616	 acc=73.768
[2024-09-14 01:15:26,799][main_train.py][line:155][INFO] Epoch:[50/200]	 Test acc=77.762

[2024-09-14 01:15:29,187][main_train.py][line:167][INFO] Best Test acc=80.547
[2024-09-14 01:18:22,733][main_train.py][line:152][INFO] Epoch:[51/200]	 loss=471.51811	 acc=74.018
[2024-09-14 01:18:29,963][main_train.py][line:155][INFO] Epoch:[51/200]	 Test acc=79.998

[2024-09-14 01:18:32,339][main_train.py][line:167][INFO] Best Test acc=80.547
[2024-09-14 01:21:25,878][main_train.py][line:152][INFO] Epoch:[52/200]	 loss=473.15198	 acc=73.548
[2024-09-14 01:21:33,048][main_train.py][line:155][INFO] Epoch:[52/200]	 Test acc=79.594

[2024-09-14 01:21:35,416][main_train.py][line:167][INFO] Best Test acc=80.547
[2024-09-14 01:24:29,038][main_train.py][line:152][INFO] Epoch:[53/200]	 loss=471.89132	 acc=73.740
[2024-09-14 01:24:36,176][main_train.py][line:155][INFO] Epoch:[53/200]	 Test acc=80.347

[2024-09-14 01:24:38,542][main_train.py][line:167][INFO] Best Test acc=80.547
[2024-09-14 01:27:32,057][main_train.py][line:152][INFO] Epoch:[54/200]	 loss=472.64504	 acc=73.899
[2024-09-14 01:27:39,191][main_train.py][line:155][INFO] Epoch:[54/200]	 Test acc=78.619

[2024-09-14 01:27:41,536][main_train.py][line:167][INFO] Best Test acc=80.547
[2024-09-14 01:30:34,945][main_train.py][line:152][INFO] Epoch:[55/200]	 loss=472.95510	 acc=73.757
[2024-09-14 01:30:42,105][main_train.py][line:155][INFO] Epoch:[55/200]	 Test acc=80.793

[2024-09-14 01:30:47,021][main_train.py][line:167][INFO] Best Test acc=80.793
[2024-09-14 01:33:40,346][main_train.py][line:152][INFO] Epoch:[56/200]	 loss=470.06384	 acc=74.026
[2024-09-14 01:33:47,507][main_train.py][line:155][INFO] Epoch:[56/200]	 Test acc=79.199

[2024-09-14 01:33:50,061][main_train.py][line:167][INFO] Best Test acc=80.793
[2024-09-14 01:36:43,634][main_train.py][line:152][INFO] Epoch:[57/200]	 loss=469.46506	 acc=73.881
[2024-09-14 01:36:50,767][main_train.py][line:155][INFO] Epoch:[57/200]	 Test acc=79.932

[2024-09-14 01:36:53,128][main_train.py][line:167][INFO] Best Test acc=80.793
[2024-09-14 01:39:46,591][main_train.py][line:152][INFO] Epoch:[58/200]	 loss=469.09958	 acc=73.998
[2024-09-14 01:39:53,750][main_train.py][line:155][INFO] Epoch:[58/200]	 Test acc=80.002

[2024-09-14 01:39:56,093][main_train.py][line:167][INFO] Best Test acc=80.793
[2024-09-14 01:42:49,539][main_train.py][line:152][INFO] Epoch:[59/200]	 loss=465.61532	 acc=74.258
[2024-09-14 01:42:56,672][main_train.py][line:155][INFO] Epoch:[59/200]	 Test acc=79.410

[2024-09-14 01:42:59,540][main_train.py][line:167][INFO] Best Test acc=80.793
[2024-09-14 01:45:52,958][main_train.py][line:152][INFO] Epoch:[60/200]	 loss=467.89687	 acc=74.255
[2024-09-14 01:46:00,101][main_train.py][line:155][INFO] Epoch:[60/200]	 Test acc=80.612

[2024-09-14 01:46:02,410][main_train.py][line:167][INFO] Best Test acc=80.793
[2024-09-14 01:48:55,859][main_train.py][line:152][INFO] Epoch:[61/200]	 loss=466.20566	 acc=74.310
[2024-09-14 01:49:02,960][main_train.py][line:155][INFO] Epoch:[61/200]	 Test acc=79.594

[2024-09-14 01:49:05,304][main_train.py][line:167][INFO] Best Test acc=80.793
[2024-09-14 01:51:58,716][main_train.py][line:152][INFO] Epoch:[62/200]	 loss=463.91010	 acc=74.353
[2024-09-14 01:52:05,840][main_train.py][line:155][INFO] Epoch:[62/200]	 Test acc=81.238

[2024-09-14 01:52:10,527][main_train.py][line:167][INFO] Best Test acc=81.238
[2024-09-14 01:55:04,027][main_train.py][line:152][INFO] Epoch:[63/200]	 loss=468.72982	 acc=74.113
[2024-09-14 01:55:11,423][main_train.py][line:155][INFO] Epoch:[63/200]	 Test acc=79.656

[2024-09-14 01:55:14,497][main_train.py][line:167][INFO] Best Test acc=81.238
[2024-09-14 01:58:07,838][main_train.py][line:152][INFO] Epoch:[64/200]	 loss=463.83616	 acc=74.377
[2024-09-14 01:58:14,982][main_train.py][line:155][INFO] Epoch:[64/200]	 Test acc=80.270

[2024-09-14 01:58:17,313][main_train.py][line:167][INFO] Best Test acc=81.238
[2024-09-14 02:01:10,788][main_train.py][line:152][INFO] Epoch:[65/200]	 loss=463.18293	 acc=74.447
[2024-09-14 02:01:17,941][main_train.py][line:155][INFO] Epoch:[65/200]	 Test acc=79.744

[2024-09-14 02:01:20,272][main_train.py][line:167][INFO] Best Test acc=81.238
[2024-09-14 02:04:13,769][main_train.py][line:152][INFO] Epoch:[66/200]	 loss=466.72152	 acc=74.127
[2024-09-14 02:04:21,022][main_train.py][line:155][INFO] Epoch:[66/200]	 Test acc=78.461

[2024-09-14 02:04:23,373][main_train.py][line:167][INFO] Best Test acc=81.238
[2024-09-14 02:07:16,803][main_train.py][line:152][INFO] Epoch:[67/200]	 loss=463.01965	 acc=74.475
[2024-09-14 02:07:23,958][main_train.py][line:155][INFO] Epoch:[67/200]	 Test acc=80.121

[2024-09-14 02:07:26,380][main_train.py][line:167][INFO] Best Test acc=81.238
[2024-09-14 02:10:19,773][main_train.py][line:152][INFO] Epoch:[68/200]	 loss=459.56211	 acc=74.591
[2024-09-14 02:10:26,861][main_train.py][line:155][INFO] Epoch:[68/200]	 Test acc=81.442

[2024-09-14 02:10:31,739][main_train.py][line:167][INFO] Best Test acc=81.442
[2024-09-14 02:13:25,235][main_train.py][line:152][INFO] Epoch:[69/200]	 loss=459.30501	 acc=74.516
[2024-09-14 02:13:32,372][main_train.py][line:155][INFO] Epoch:[69/200]	 Test acc=81.273

[2024-09-14 02:13:34,678][main_train.py][line:167][INFO] Best Test acc=81.442
[2024-09-14 02:16:28,037][main_train.py][line:152][INFO] Epoch:[70/200]	 loss=457.56654	 acc=74.643
[2024-09-14 02:16:35,191][main_train.py][line:155][INFO] Epoch:[70/200]	 Test acc=79.740

[2024-09-14 02:16:37,515][main_train.py][line:167][INFO] Best Test acc=81.442
[2024-09-14 02:19:31,013][main_train.py][line:152][INFO] Epoch:[71/200]	 loss=460.37325	 acc=74.499
[2024-09-14 02:19:38,144][main_train.py][line:155][INFO] Epoch:[71/200]	 Test acc=80.524

[2024-09-14 02:19:40,469][main_train.py][line:167][INFO] Best Test acc=81.442
[2024-09-14 02:22:33,904][main_train.py][line:152][INFO] Epoch:[72/200]	 loss=456.31002	 acc=74.741
[2024-09-14 02:22:41,021][main_train.py][line:155][INFO] Epoch:[72/200]	 Test acc=80.666

[2024-09-14 02:22:44,100][main_train.py][line:167][INFO] Best Test acc=81.442
[2024-09-14 02:25:37,650][main_train.py][line:152][INFO] Epoch:[73/200]	 loss=457.60137	 acc=74.794
[2024-09-14 02:25:44,782][main_train.py][line:155][INFO] Epoch:[73/200]	 Test acc=81.119

[2024-09-14 02:25:47,153][main_train.py][line:167][INFO] Best Test acc=81.442
[2024-09-14 02:28:40,599][main_train.py][line:152][INFO] Epoch:[74/200]	 loss=456.19095	 acc=74.869
[2024-09-14 02:28:47,727][main_train.py][line:155][INFO] Epoch:[74/200]	 Test acc=80.343

[2024-09-14 02:28:50,077][main_train.py][line:167][INFO] Best Test acc=81.442
[2024-09-14 02:31:43,646][main_train.py][line:152][INFO] Epoch:[75/200]	 loss=457.71574	 acc=74.587
[2024-09-14 02:31:50,815][main_train.py][line:155][INFO] Epoch:[75/200]	 Test acc=79.302

[2024-09-14 02:31:53,168][main_train.py][line:167][INFO] Best Test acc=81.442
[2024-09-14 02:34:46,820][main_train.py][line:152][INFO] Epoch:[76/200]	 loss=451.79511	 acc=74.770
[2024-09-14 02:34:53,973][main_train.py][line:155][INFO] Epoch:[76/200]	 Test acc=79.971

[2024-09-14 02:34:56,328][main_train.py][line:167][INFO] Best Test acc=81.442
[2024-09-14 02:37:49,789][main_train.py][line:152][INFO] Epoch:[77/200]	 loss=452.41718	 acc=75.018
[2024-09-14 02:37:56,930][main_train.py][line:155][INFO] Epoch:[77/200]	 Test acc=80.313

[2024-09-14 02:37:59,259][main_train.py][line:167][INFO] Best Test acc=81.442
[2024-09-14 02:40:52,730][main_train.py][line:152][INFO] Epoch:[78/200]	 loss=453.68819	 acc=74.730
[2024-09-14 02:40:59,870][main_train.py][line:155][INFO] Epoch:[78/200]	 Test acc=81.473

[2024-09-14 02:41:04,555][main_train.py][line:167][INFO] Best Test acc=81.473
[2024-09-14 02:43:58,088][main_train.py][line:152][INFO] Epoch:[79/200]	 loss=452.36586	 acc=74.940
[2024-09-14 02:44:05,539][main_train.py][line:155][INFO] Epoch:[79/200]	 Test acc=81.619

[2024-09-14 02:44:10,397][main_train.py][line:167][INFO] Best Test acc=81.619
[2024-09-14 02:47:03,862][main_train.py][line:152][INFO] Epoch:[80/200]	 loss=450.70494	 acc=74.901
[2024-09-14 02:47:11,366][main_train.py][line:155][INFO] Epoch:[80/200]	 Test acc=81.596

[2024-09-14 02:47:13,725][main_train.py][line:167][INFO] Best Test acc=81.619
[2024-09-14 02:50:07,096][main_train.py][line:152][INFO] Epoch:[81/200]	 loss=450.38086	 acc=75.026
[2024-09-14 02:50:14,250][main_train.py][line:155][INFO] Epoch:[81/200]	 Test acc=79.760

[2024-09-14 02:50:16,580][main_train.py][line:167][INFO] Best Test acc=81.619
[2024-09-14 02:53:09,790][main_train.py][line:152][INFO] Epoch:[82/200]	 loss=447.18849	 acc=75.135
[2024-09-14 02:53:16,937][main_train.py][line:155][INFO] Epoch:[82/200]	 Test acc=80.224

[2024-09-14 02:53:19,242][main_train.py][line:167][INFO] Best Test acc=81.619
[2024-09-14 02:56:12,567][main_train.py][line:152][INFO] Epoch:[83/200]	 loss=447.88184	 acc=75.086
[2024-09-14 02:56:19,685][main_train.py][line:155][INFO] Epoch:[83/200]	 Test acc=79.990

[2024-09-14 02:56:22,007][main_train.py][line:167][INFO] Best Test acc=81.619
[2024-09-14 02:59:15,191][main_train.py][line:152][INFO] Epoch:[84/200]	 loss=450.03951	 acc=75.017
[2024-09-14 02:59:22,309][main_train.py][line:155][INFO] Epoch:[84/200]	 Test acc=81.258

[2024-09-14 02:59:24,691][main_train.py][line:167][INFO] Best Test acc=81.619
[2024-09-14 03:02:17,890][main_train.py][line:152][INFO] Epoch:[85/200]	 loss=447.92489	 acc=75.058
[2024-09-14 03:02:25,034][main_train.py][line:155][INFO] Epoch:[85/200]	 Test acc=80.585

[2024-09-14 03:02:27,332][main_train.py][line:167][INFO] Best Test acc=81.619
[2024-09-14 03:05:20,549][main_train.py][line:152][INFO] Epoch:[86/200]	 loss=449.76547	 acc=75.145
[2024-09-14 03:05:27,694][main_train.py][line:155][INFO] Epoch:[86/200]	 Test acc=80.063

[2024-09-14 03:05:29,984][main_train.py][line:167][INFO] Best Test acc=81.619
[2024-09-14 03:08:23,278][main_train.py][line:152][INFO] Epoch:[87/200]	 loss=446.08675	 acc=75.220
[2024-09-14 03:08:30,391][main_train.py][line:155][INFO] Epoch:[87/200]	 Test acc=80.754

[2024-09-14 03:08:32,695][main_train.py][line:167][INFO] Best Test acc=81.619
[2024-09-14 03:11:25,728][main_train.py][line:152][INFO] Epoch:[88/200]	 loss=444.27063	 acc=75.295
[2024-09-14 03:11:32,864][main_train.py][line:155][INFO] Epoch:[88/200]	 Test acc=79.080

[2024-09-14 03:11:35,136][main_train.py][line:167][INFO] Best Test acc=81.619
[2024-09-14 03:14:28,332][main_train.py][line:152][INFO] Epoch:[89/200]	 loss=444.86293	 acc=75.429
[2024-09-14 03:14:35,472][main_train.py][line:155][INFO] Epoch:[89/200]	 Test acc=80.601

[2024-09-14 03:14:37,711][main_train.py][line:167][INFO] Best Test acc=81.619
[2024-09-14 03:17:30,986][main_train.py][line:152][INFO] Epoch:[90/200]	 loss=442.81119	 acc=75.555
[2024-09-14 03:17:38,355][main_train.py][line:155][INFO] Epoch:[90/200]	 Test acc=81.999

[2024-09-14 03:17:42,890][main_train.py][line:167][INFO] Best Test acc=81.999
[2024-09-14 03:20:36,045][main_train.py][line:152][INFO] Epoch:[91/200]	 loss=443.13228	 acc=75.456
[2024-09-14 03:20:43,481][main_train.py][line:155][INFO] Epoch:[91/200]	 Test acc=81.918

[2024-09-14 03:20:45,803][main_train.py][line:167][INFO] Best Test acc=81.999
[2024-09-14 03:23:39,046][main_train.py][line:152][INFO] Epoch:[92/200]	 loss=439.79015	 acc=75.469
[2024-09-14 03:23:46,231][main_train.py][line:155][INFO] Epoch:[92/200]	 Test acc=82.725

[2024-09-14 03:23:50,759][main_train.py][line:167][INFO] Best Test acc=82.725
[2024-09-14 03:26:43,998][main_train.py][line:152][INFO] Epoch:[93/200]	 loss=437.51384	 acc=75.650
[2024-09-14 03:26:51,135][main_train.py][line:155][INFO] Epoch:[93/200]	 Test acc=82.099

[2024-09-14 03:26:53,451][main_train.py][line:167][INFO] Best Test acc=82.725
[2024-09-14 03:29:46,717][main_train.py][line:152][INFO] Epoch:[94/200]	 loss=436.51555	 acc=75.859
[2024-09-14 03:29:53,806][main_train.py][line:155][INFO] Epoch:[94/200]	 Test acc=80.647

[2024-09-14 03:29:56,041][main_train.py][line:167][INFO] Best Test acc=82.725
[2024-09-14 03:32:49,189][main_train.py][line:152][INFO] Epoch:[95/200]	 loss=441.39433	 acc=75.346
[2024-09-14 03:32:56,329][main_train.py][line:155][INFO] Epoch:[95/200]	 Test acc=82.717

[2024-09-14 03:32:58,664][main_train.py][line:167][INFO] Best Test acc=82.725
[2024-09-14 03:35:51,868][main_train.py][line:152][INFO] Epoch:[96/200]	 loss=438.50314	 acc=75.609
[2024-09-14 03:35:59,043][main_train.py][line:155][INFO] Epoch:[96/200]	 Test acc=80.109

[2024-09-14 03:36:01,318][main_train.py][line:167][INFO] Best Test acc=82.725
[2024-09-14 03:38:54,621][main_train.py][line:152][INFO] Epoch:[97/200]	 loss=437.56795	 acc=75.597
[2024-09-14 03:39:01,816][main_train.py][line:155][INFO] Epoch:[97/200]	 Test acc=81.235

[2024-09-14 03:39:04,126][main_train.py][line:167][INFO] Best Test acc=82.725
[2024-09-14 03:41:57,335][main_train.py][line:152][INFO] Epoch:[98/200]	 loss=434.38805	 acc=75.785
[2024-09-14 03:42:04,560][main_train.py][line:155][INFO] Epoch:[98/200]	 Test acc=82.349

[2024-09-14 03:42:06,835][main_train.py][line:167][INFO] Best Test acc=82.725
[2024-09-14 03:45:00,266][main_train.py][line:152][INFO] Epoch:[99/200]	 loss=433.82156	 acc=75.810
[2024-09-14 03:45:07,517][main_train.py][line:155][INFO] Epoch:[99/200]	 Test acc=82.157

[2024-09-14 03:45:09,885][main_train.py][line:167][INFO] Best Test acc=82.725
[2024-09-14 03:48:03,163][main_train.py][line:152][INFO] Epoch:[100/200]	 loss=432.07361	 acc=75.975
[2024-09-14 03:48:10,310][main_train.py][line:155][INFO] Epoch:[100/200]	 Test acc=83.029

[2024-09-14 03:48:14,783][main_train.py][line:167][INFO] Best Test acc=83.029
[2024-09-14 03:51:08,038][main_train.py][line:152][INFO] Epoch:[101/200]	 loss=432.68730	 acc=75.950
[2024-09-14 03:51:15,178][main_train.py][line:155][INFO] Epoch:[101/200]	 Test acc=80.923

[2024-09-14 03:51:17,419][main_train.py][line:167][INFO] Best Test acc=83.029
[2024-09-14 03:54:10,613][main_train.py][line:152][INFO] Epoch:[102/200]	 loss=431.21512	 acc=75.919
[2024-09-14 03:54:17,990][main_train.py][line:155][INFO] Epoch:[102/200]	 Test acc=82.145

[2024-09-14 03:54:20,381][main_train.py][line:167][INFO] Best Test acc=83.029
[2024-09-14 03:57:13,591][main_train.py][line:152][INFO] Epoch:[103/200]	 loss=429.15257	 acc=76.275
[2024-09-14 03:57:20,701][main_train.py][line:155][INFO] Epoch:[103/200]	 Test acc=82.280

[2024-09-14 03:57:23,279][main_train.py][line:167][INFO] Best Test acc=83.029
[2024-09-14 04:00:16,712][main_train.py][line:152][INFO] Epoch:[104/200]	 loss=428.09487	 acc=76.139
[2024-09-14 04:00:23,872][main_train.py][line:155][INFO] Epoch:[104/200]	 Test acc=81.285

[2024-09-14 04:00:26,201][main_train.py][line:167][INFO] Best Test acc=83.029
[2024-09-14 04:03:19,496][main_train.py][line:152][INFO] Epoch:[105/200]	 loss=426.29723	 acc=76.221
[2024-09-14 04:03:26,655][main_train.py][line:155][INFO] Epoch:[105/200]	 Test acc=82.157

[2024-09-14 04:03:28,960][main_train.py][line:167][INFO] Best Test acc=83.029
[2024-09-14 04:06:22,152][main_train.py][line:152][INFO] Epoch:[106/200]	 loss=427.35683	 acc=76.165
[2024-09-14 04:06:29,300][main_train.py][line:155][INFO] Epoch:[106/200]	 Test acc=82.414

[2024-09-14 04:06:31,637][main_train.py][line:167][INFO] Best Test acc=83.029
[2024-09-14 04:09:24,849][main_train.py][line:152][INFO] Epoch:[107/200]	 loss=424.80234	 acc=76.200
[2024-09-14 04:09:31,997][main_train.py][line:155][INFO] Epoch:[107/200]	 Test acc=81.020

[2024-09-14 04:09:34,255][main_train.py][line:167][INFO] Best Test acc=83.029
[2024-09-14 04:12:27,342][main_train.py][line:152][INFO] Epoch:[108/200]	 loss=423.48944	 acc=76.468
[2024-09-14 04:12:34,495][main_train.py][line:155][INFO] Epoch:[108/200]	 Test acc=82.210

[2024-09-14 04:12:36,784][main_train.py][line:167][INFO] Best Test acc=83.029
[2024-09-14 04:15:30,044][main_train.py][line:152][INFO] Epoch:[109/200]	 loss=417.69725	 acc=76.885
[2024-09-14 04:15:37,181][main_train.py][line:155][INFO] Epoch:[109/200]	 Test acc=81.407

[2024-09-14 04:15:39,476][main_train.py][line:167][INFO] Best Test acc=83.029
[2024-09-14 04:18:32,634][main_train.py][line:152][INFO] Epoch:[110/200]	 loss=424.07021	 acc=76.521
[2024-09-14 04:18:39,776][main_train.py][line:155][INFO] Epoch:[110/200]	 Test acc=81.680

[2024-09-14 04:18:42,060][main_train.py][line:167][INFO] Best Test acc=83.029
[2024-09-14 04:21:35,335][main_train.py][line:152][INFO] Epoch:[111/200]	 loss=420.20086	 acc=76.554
[2024-09-14 04:21:42,471][main_train.py][line:155][INFO] Epoch:[111/200]	 Test acc=82.529

[2024-09-14 04:21:44,797][main_train.py][line:167][INFO] Best Test acc=83.029
[2024-09-14 04:24:38,034][main_train.py][line:152][INFO] Epoch:[112/200]	 loss=420.96334	 acc=76.506
[2024-09-14 04:24:45,187][main_train.py][line:155][INFO] Epoch:[112/200]	 Test acc=81.342

[2024-09-14 04:24:47,471][main_train.py][line:167][INFO] Best Test acc=83.029
[2024-09-14 04:27:40,741][main_train.py][line:152][INFO] Epoch:[113/200]	 loss=416.87679	 acc=76.799
[2024-09-14 04:27:47,913][main_train.py][line:155][INFO] Epoch:[113/200]	 Test acc=81.995

[2024-09-14 04:27:50,231][main_train.py][line:167][INFO] Best Test acc=83.029
[2024-09-14 04:30:43,429][main_train.py][line:152][INFO] Epoch:[114/200]	 loss=420.57737	 acc=76.451
[2024-09-14 04:30:50,546][main_train.py][line:155][INFO] Epoch:[114/200]	 Test acc=82.675

[2024-09-14 04:30:52,811][main_train.py][line:167][INFO] Best Test acc=83.029
[2024-09-14 04:33:46,227][main_train.py][line:152][INFO] Epoch:[115/200]	 loss=414.23639	 acc=77.019
[2024-09-14 04:33:53,635][main_train.py][line:155][INFO] Epoch:[115/200]	 Test acc=83.321

[2024-09-14 04:33:58,062][main_train.py][line:167][INFO] Best Test acc=83.321
[2024-09-14 04:36:51,448][main_train.py][line:152][INFO] Epoch:[116/200]	 loss=415.19892	 acc=76.901
[2024-09-14 04:36:58,632][main_train.py][line:155][INFO] Epoch:[116/200]	 Test acc=81.938

[2024-09-14 04:37:00,899][main_train.py][line:167][INFO] Best Test acc=83.321
[2024-09-14 04:39:54,055][main_train.py][line:152][INFO] Epoch:[117/200]	 loss=413.58785	 acc=76.958
[2024-09-14 04:40:01,217][main_train.py][line:155][INFO] Epoch:[117/200]	 Test acc=82.883

[2024-09-14 04:40:03,536][main_train.py][line:167][INFO] Best Test acc=83.321
[2024-09-14 04:42:56,754][main_train.py][line:152][INFO] Epoch:[118/200]	 loss=410.00921	 acc=77.053
[2024-09-14 04:43:03,903][main_train.py][line:155][INFO] Epoch:[118/200]	 Test acc=83.344

[2024-09-14 04:43:08,504][main_train.py][line:167][INFO] Best Test acc=83.344
[2024-09-14 04:46:01,683][main_train.py][line:152][INFO] Epoch:[119/200]	 loss=410.69141	 acc=77.113
[2024-09-14 04:46:08,840][main_train.py][line:155][INFO] Epoch:[119/200]	 Test acc=82.425

[2024-09-14 04:46:11,134][main_train.py][line:167][INFO] Best Test acc=83.344
[2024-09-14 04:49:04,385][main_train.py][line:152][INFO] Epoch:[120/200]	 loss=410.29756	 acc=76.985
[2024-09-14 04:49:11,529][main_train.py][line:155][INFO] Epoch:[120/200]	 Test acc=81.384

[2024-09-14 04:49:13,871][main_train.py][line:167][INFO] Best Test acc=83.344
[2024-09-14 04:52:07,049][main_train.py][line:152][INFO] Epoch:[121/200]	 loss=404.74177	 acc=77.448
[2024-09-14 04:52:14,187][main_train.py][line:155][INFO] Epoch:[121/200]	 Test acc=83.205

[2024-09-14 04:52:16,491][main_train.py][line:167][INFO] Best Test acc=83.344
[2024-09-14 04:55:09,896][main_train.py][line:152][INFO] Epoch:[122/200]	 loss=404.14786	 acc=77.429
[2024-09-14 04:55:17,279][main_train.py][line:155][INFO] Epoch:[122/200]	 Test acc=83.632

[2024-09-14 04:55:21,776][main_train.py][line:167][INFO] Best Test acc=83.632
[2024-09-14 04:58:14,972][main_train.py][line:152][INFO] Epoch:[123/200]	 loss=400.74510	 acc=77.564
[2024-09-14 04:58:22,192][main_train.py][line:155][INFO] Epoch:[123/200]	 Test acc=83.228

[2024-09-14 04:58:24,545][main_train.py][line:167][INFO] Best Test acc=83.632
[2024-09-14 05:01:17,759][main_train.py][line:152][INFO] Epoch:[124/200]	 loss=406.17201	 acc=77.281
[2024-09-14 05:01:24,858][main_train.py][line:155][INFO] Epoch:[124/200]	 Test acc=83.363

[2024-09-14 05:01:27,146][main_train.py][line:167][INFO] Best Test acc=83.632
[2024-09-14 05:04:20,327][main_train.py][line:152][INFO] Epoch:[125/200]	 loss=402.36266	 acc=77.542
[2024-09-14 05:04:27,505][main_train.py][line:155][INFO] Epoch:[125/200]	 Test acc=81.899

[2024-09-14 05:04:29,827][main_train.py][line:167][INFO] Best Test acc=83.632
[2024-09-14 05:07:23,109][main_train.py][line:152][INFO] Epoch:[126/200]	 loss=398.33896	 acc=77.655
[2024-09-14 05:07:30,214][main_train.py][line:155][INFO] Epoch:[126/200]	 Test acc=83.793

[2024-09-14 05:07:34,685][main_train.py][line:167][INFO] Best Test acc=83.793
[2024-09-14 05:10:27,897][main_train.py][line:152][INFO] Epoch:[127/200]	 loss=399.85409	 acc=77.661
[2024-09-14 05:10:35,054][main_train.py][line:155][INFO] Epoch:[127/200]	 Test acc=82.990

[2024-09-14 05:10:37,394][main_train.py][line:167][INFO] Best Test acc=83.793
[2024-09-14 05:13:30,794][main_train.py][line:152][INFO] Epoch:[128/200]	 loss=397.47628	 acc=77.860
[2024-09-14 05:13:38,035][main_train.py][line:155][INFO] Epoch:[128/200]	 Test acc=82.468

[2024-09-14 05:13:40,387][main_train.py][line:167][INFO] Best Test acc=83.793
[2024-09-14 05:16:33,787][main_train.py][line:152][INFO] Epoch:[129/200]	 loss=395.64112	 acc=77.909
[2024-09-14 05:16:41,266][main_train.py][line:155][INFO] Epoch:[129/200]	 Test acc=81.623

[2024-09-14 05:16:43,578][main_train.py][line:167][INFO] Best Test acc=83.793
[2024-09-14 05:19:36,755][main_train.py][line:152][INFO] Epoch:[130/200]	 loss=394.76345	 acc=77.877
[2024-09-14 05:19:43,897][main_train.py][line:155][INFO] Epoch:[130/200]	 Test acc=84.031

[2024-09-14 05:19:48,480][main_train.py][line:167][INFO] Best Test acc=84.031
[2024-09-14 05:22:41,675][main_train.py][line:152][INFO] Epoch:[131/200]	 loss=391.71090	 acc=78.166
[2024-09-14 05:22:48,848][main_train.py][line:155][INFO] Epoch:[131/200]	 Test acc=82.349

[2024-09-14 05:22:51,150][main_train.py][line:167][INFO] Best Test acc=84.031
[2024-09-14 05:25:44,273][main_train.py][line:152][INFO] Epoch:[132/200]	 loss=390.41785	 acc=78.137
[2024-09-14 05:25:51,392][main_train.py][line:155][INFO] Epoch:[132/200]	 Test acc=84.373

[2024-09-14 05:25:55,946][main_train.py][line:167][INFO] Best Test acc=84.373
[2024-09-14 05:28:49,167][main_train.py][line:152][INFO] Epoch:[133/200]	 loss=390.96927	 acc=78.193
[2024-09-14 05:28:56,358][main_train.py][line:155][INFO] Epoch:[133/200]	 Test acc=82.933

[2024-09-14 05:28:58,704][main_train.py][line:167][INFO] Best Test acc=84.373
[2024-09-14 05:31:52,048][main_train.py][line:152][INFO] Epoch:[134/200]	 loss=389.57809	 acc=78.200
[2024-09-14 05:31:59,223][main_train.py][line:155][INFO] Epoch:[134/200]	 Test acc=83.105

[2024-09-14 05:32:01,530][main_train.py][line:167][INFO] Best Test acc=84.373
[2024-09-14 05:34:54,878][main_train.py][line:152][INFO] Epoch:[135/200]	 loss=387.53809	 acc=78.357
[2024-09-14 05:35:02,088][main_train.py][line:155][INFO] Epoch:[135/200]	 Test acc=82.456

[2024-09-14 05:35:04,535][main_train.py][line:167][INFO] Best Test acc=84.373
[2024-09-14 05:37:58,214][main_train.py][line:152][INFO] Epoch:[136/200]	 loss=383.99923	 acc=78.513
[2024-09-14 05:38:05,330][main_train.py][line:155][INFO] Epoch:[136/200]	 Test acc=84.047

[2024-09-14 05:38:07,656][main_train.py][line:167][INFO] Best Test acc=84.373
[2024-09-14 05:41:01,011][main_train.py][line:152][INFO] Epoch:[137/200]	 loss=386.04108	 acc=78.510
[2024-09-14 05:41:08,162][main_train.py][line:155][INFO] Epoch:[137/200]	 Test acc=83.297

[2024-09-14 05:41:10,551][main_train.py][line:167][INFO] Best Test acc=84.373
[2024-09-14 05:44:04,021][main_train.py][line:152][INFO] Epoch:[138/200]	 loss=382.44931	 acc=78.600
[2024-09-14 05:44:11,269][main_train.py][line:155][INFO] Epoch:[138/200]	 Test acc=83.563

[2024-09-14 05:44:13,607][main_train.py][line:167][INFO] Best Test acc=84.373
[2024-09-14 05:47:07,035][main_train.py][line:152][INFO] Epoch:[139/200]	 loss=381.95073	 acc=78.581
[2024-09-14 05:47:14,219][main_train.py][line:155][INFO] Epoch:[139/200]	 Test acc=84.953

[2024-09-14 05:47:18,920][main_train.py][line:167][INFO] Best Test acc=84.953
[2024-09-14 05:50:12,329][main_train.py][line:152][INFO] Epoch:[140/200]	 loss=379.47305	 acc=78.787
[2024-09-14 05:50:19,494][main_train.py][line:155][INFO] Epoch:[140/200]	 Test acc=83.413

[2024-09-14 05:50:21,812][main_train.py][line:167][INFO] Best Test acc=84.953
[2024-09-14 05:53:14,927][main_train.py][line:152][INFO] Epoch:[141/200]	 loss=376.57518	 acc=79.007
[2024-09-14 05:53:22,045][main_train.py][line:155][INFO] Epoch:[141/200]	 Test acc=83.751

[2024-09-14 05:53:24,378][main_train.py][line:167][INFO] Best Test acc=84.953
[2024-09-14 05:56:17,536][main_train.py][line:152][INFO] Epoch:[142/200]	 loss=376.48560	 acc=78.937
[2024-09-14 05:56:24,706][main_train.py][line:155][INFO] Epoch:[142/200]	 Test acc=83.820

[2024-09-14 05:56:27,031][main_train.py][line:167][INFO] Best Test acc=84.953
[2024-09-14 05:59:20,051][main_train.py][line:152][INFO] Epoch:[143/200]	 loss=373.44590	 acc=79.050
[2024-09-14 05:59:27,178][main_train.py][line:155][INFO] Epoch:[143/200]	 Test acc=83.244

[2024-09-14 05:59:29,490][main_train.py][line:167][INFO] Best Test acc=84.953
[2024-09-14 06:02:22,591][main_train.py][line:152][INFO] Epoch:[144/200]	 loss=372.58371	 acc=78.997
[2024-09-14 06:02:29,657][main_train.py][line:155][INFO] Epoch:[144/200]	 Test acc=84.216

[2024-09-14 06:02:31,945][main_train.py][line:167][INFO] Best Test acc=84.953
[2024-09-14 06:05:25,370][main_train.py][line:152][INFO] Epoch:[145/200]	 loss=371.11391	 acc=79.247
[2024-09-14 06:05:32,527][main_train.py][line:155][INFO] Epoch:[145/200]	 Test acc=83.470

[2024-09-14 06:05:35,074][main_train.py][line:167][INFO] Best Test acc=84.953
[2024-09-14 06:08:28,369][main_train.py][line:152][INFO] Epoch:[146/200]	 loss=369.99931	 acc=79.242
[2024-09-14 06:08:35,585][main_train.py][line:155][INFO] Epoch:[146/200]	 Test acc=83.597

[2024-09-14 06:08:37,928][main_train.py][line:167][INFO] Best Test acc=84.953
[2024-09-14 06:11:30,958][main_train.py][line:152][INFO] Epoch:[147/200]	 loss=366.86747	 acc=79.293
[2024-09-14 06:11:38,073][main_train.py][line:155][INFO] Epoch:[147/200]	 Test acc=84.315

[2024-09-14 06:11:40,433][main_train.py][line:167][INFO] Best Test acc=84.953
[2024-09-14 06:14:33,611][main_train.py][line:152][INFO] Epoch:[148/200]	 loss=367.31261	 acc=79.369
[2024-09-14 06:14:40,745][main_train.py][line:155][INFO] Epoch:[148/200]	 Test acc=83.843

[2024-09-14 06:14:43,079][main_train.py][line:167][INFO] Best Test acc=84.953
[2024-09-14 06:17:36,235][main_train.py][line:152][INFO] Epoch:[149/200]	 loss=365.14509	 acc=79.370
[2024-09-14 06:17:43,414][main_train.py][line:155][INFO] Epoch:[149/200]	 Test acc=83.674

[2024-09-14 06:17:45,762][main_train.py][line:167][INFO] Best Test acc=84.953
[2024-09-14 06:20:38,988][main_train.py][line:152][INFO] Epoch:[150/200]	 loss=364.44112	 acc=79.475
[2024-09-14 06:20:46,053][main_train.py][line:155][INFO] Epoch:[150/200]	 Test acc=85.180

[2024-09-14 06:20:50,568][main_train.py][line:167][INFO] Best Test acc=85.180
[2024-09-14 06:23:43,670][main_train.py][line:152][INFO] Epoch:[151/200]	 loss=360.17668	 acc=79.696
[2024-09-14 06:23:50,807][main_train.py][line:155][INFO] Epoch:[151/200]	 Test acc=84.961

[2024-09-14 06:23:53,409][main_train.py][line:167][INFO] Best Test acc=85.180
[2024-09-14 06:26:46,778][main_train.py][line:152][INFO] Epoch:[152/200]	 loss=358.73417	 acc=79.897
[2024-09-14 06:26:54,070][main_train.py][line:155][INFO] Epoch:[152/200]	 Test acc=84.584

[2024-09-14 06:26:56,423][main_train.py][line:167][INFO] Best Test acc=85.180
[2024-09-14 06:29:49,595][main_train.py][line:152][INFO] Epoch:[153/200]	 loss=356.79956	 acc=79.886
[2024-09-14 06:29:56,775][main_train.py][line:155][INFO] Epoch:[153/200]	 Test acc=84.123

[2024-09-14 06:29:59,113][main_train.py][line:167][INFO] Best Test acc=85.180
[2024-09-14 06:32:52,294][main_train.py][line:152][INFO] Epoch:[154/200]	 loss=356.11157	 acc=80.017
[2024-09-14 06:32:59,427][main_train.py][line:155][INFO] Epoch:[154/200]	 Test acc=84.761

[2024-09-14 06:33:01,783][main_train.py][line:167][INFO] Best Test acc=85.180
[2024-09-14 06:35:55,094][main_train.py][line:152][INFO] Epoch:[155/200]	 loss=354.61686	 acc=79.925
[2024-09-14 06:36:02,259][main_train.py][line:155][INFO] Epoch:[155/200]	 Test acc=84.104

[2024-09-14 06:36:04,555][main_train.py][line:167][INFO] Best Test acc=85.180
[2024-09-14 06:38:57,624][main_train.py][line:152][INFO] Epoch:[156/200]	 loss=350.94278	 acc=80.091
[2024-09-14 06:39:04,752][main_train.py][line:155][INFO] Epoch:[156/200]	 Test acc=85.253

[2024-09-14 06:39:09,268][main_train.py][line:167][INFO] Best Test acc=85.253
[2024-09-14 06:42:02,502][main_train.py][line:152][INFO] Epoch:[157/200]	 loss=350.46955	 acc=80.380
[2024-09-14 06:42:09,730][main_train.py][line:155][INFO] Epoch:[157/200]	 Test acc=84.627

[2024-09-14 06:42:12,056][main_train.py][line:167][INFO] Best Test acc=85.253
[2024-09-14 06:45:05,281][main_train.py][line:152][INFO] Epoch:[158/200]	 loss=347.44467	 acc=80.518
[2024-09-14 06:45:12,459][main_train.py][line:155][INFO] Epoch:[158/200]	 Test acc=83.440

[2024-09-14 06:45:14,844][main_train.py][line:167][INFO] Best Test acc=85.253
[2024-09-14 06:48:07,975][main_train.py][line:152][INFO] Epoch:[159/200]	 loss=344.68533	 acc=80.583
[2024-09-14 06:48:15,121][main_train.py][line:155][INFO] Epoch:[159/200]	 Test acc=85.022

[2024-09-14 06:48:17,500][main_train.py][line:167][INFO] Best Test acc=85.253
[2024-09-14 06:51:10,684][main_train.py][line:152][INFO] Epoch:[160/200]	 loss=345.84145	 acc=80.512
[2024-09-14 06:51:17,838][main_train.py][line:155][INFO] Epoch:[160/200]	 Test acc=84.607

[2024-09-14 06:51:20,200][main_train.py][line:167][INFO] Best Test acc=85.253
[2024-09-14 06:54:13,350][main_train.py][line:152][INFO] Epoch:[161/200]	 loss=339.87201	 acc=80.878
[2024-09-14 06:54:20,459][main_train.py][line:155][INFO] Epoch:[161/200]	 Test acc=84.473

[2024-09-14 06:54:22,807][main_train.py][line:167][INFO] Best Test acc=85.253
[2024-09-14 06:57:15,912][main_train.py][line:152][INFO] Epoch:[162/200]	 loss=337.43518	 acc=80.968
[2024-09-14 06:57:23,062][main_train.py][line:155][INFO] Epoch:[162/200]	 Test acc=84.799

[2024-09-14 06:57:25,353][main_train.py][line:167][INFO] Best Test acc=85.253
[2024-09-14 07:00:18,479][main_train.py][line:152][INFO] Epoch:[163/200]	 loss=337.40011	 acc=80.885
[2024-09-14 07:00:25,665][main_train.py][line:155][INFO] Epoch:[163/200]	 Test acc=84.392

[2024-09-14 07:00:27,972][main_train.py][line:167][INFO] Best Test acc=85.253
[2024-09-14 07:03:21,127][main_train.py][line:152][INFO] Epoch:[164/200]	 loss=337.14009	 acc=80.937
[2024-09-14 07:03:28,220][main_train.py][line:155][INFO] Epoch:[164/200]	 Test acc=84.773

[2024-09-14 07:03:30,492][main_train.py][line:167][INFO] Best Test acc=85.253
[2024-09-14 07:06:23,947][main_train.py][line:152][INFO] Epoch:[165/200]	 loss=334.10697	 acc=81.030
[2024-09-14 07:06:31,153][main_train.py][line:155][INFO] Epoch:[165/200]	 Test acc=84.534

[2024-09-14 07:06:33,625][main_train.py][line:167][INFO] Best Test acc=85.253
[2024-09-14 07:09:26,955][main_train.py][line:152][INFO] Epoch:[166/200]	 loss=333.63138	 acc=81.125
[2024-09-14 07:09:34,101][main_train.py][line:155][INFO] Epoch:[166/200]	 Test acc=85.464

[2024-09-14 07:09:38,706][main_train.py][line:167][INFO] Best Test acc=85.464
[2024-09-14 07:12:31,869][main_train.py][line:152][INFO] Epoch:[167/200]	 loss=328.38279	 acc=81.531
[2024-09-14 07:12:38,989][main_train.py][line:155][INFO] Epoch:[167/200]	 Test acc=85.126

[2024-09-14 07:12:41,249][main_train.py][line:167][INFO] Best Test acc=85.464
[2024-09-14 07:15:34,506][main_train.py][line:152][INFO] Epoch:[168/200]	 loss=327.72545	 acc=81.476
[2024-09-14 07:15:41,685][main_train.py][line:155][INFO] Epoch:[168/200]	 Test acc=85.326

[2024-09-14 07:15:43,979][main_train.py][line:167][INFO] Best Test acc=85.464
[2024-09-14 07:18:37,245][main_train.py][line:152][INFO] Epoch:[169/200]	 loss=326.09859	 acc=81.491
[2024-09-14 07:18:44,413][main_train.py][line:155][INFO] Epoch:[169/200]	 Test acc=85.214

[2024-09-14 07:18:46,704][main_train.py][line:167][INFO] Best Test acc=85.464
[2024-09-14 07:21:39,934][main_train.py][line:152][INFO] Epoch:[170/200]	 loss=324.40677	 acc=81.644
[2024-09-14 07:21:47,113][main_train.py][line:155][INFO] Epoch:[170/200]	 Test acc=85.737

[2024-09-14 07:21:51,739][main_train.py][line:167][INFO] Best Test acc=85.737
[2024-09-14 07:24:44,835][main_train.py][line:152][INFO] Epoch:[171/200]	 loss=323.08147	 acc=81.755
[2024-09-14 07:24:52,171][main_train.py][line:155][INFO] Epoch:[171/200]	 Test acc=85.222

[2024-09-14 07:24:54,590][main_train.py][line:167][INFO] Best Test acc=85.737
[2024-09-14 07:27:47,682][main_train.py][line:152][INFO] Epoch:[172/200]	 loss=319.27944	 acc=81.913
[2024-09-14 07:27:54,740][main_train.py][line:155][INFO] Epoch:[172/200]	 Test acc=85.376

[2024-09-14 07:27:57,082][main_train.py][line:167][INFO] Best Test acc=85.737
[2024-09-14 07:30:50,147][main_train.py][line:152][INFO] Epoch:[173/200]	 loss=317.43601	 acc=82.036
[2024-09-14 07:30:57,304][main_train.py][line:155][INFO] Epoch:[173/200]	 Test acc=85.575

[2024-09-14 07:30:59,669][main_train.py][line:167][INFO] Best Test acc=85.737
[2024-09-14 07:33:52,801][main_train.py][line:152][INFO] Epoch:[174/200]	 loss=316.11124	 acc=82.138
[2024-09-14 07:33:59,954][main_train.py][line:155][INFO] Epoch:[174/200]	 Test acc=85.414

[2024-09-14 07:34:02,262][main_train.py][line:167][INFO] Best Test acc=85.737
[2024-09-14 07:36:55,410][main_train.py][line:152][INFO] Epoch:[175/200]	 loss=312.49359	 acc=82.346
[2024-09-14 07:37:02,573][main_train.py][line:155][INFO] Epoch:[175/200]	 Test acc=85.510

[2024-09-14 07:37:04,851][main_train.py][line:167][INFO] Best Test acc=85.737
[2024-09-14 07:39:57,960][main_train.py][line:152][INFO] Epoch:[176/200]	 loss=309.69405	 acc=82.339
[2024-09-14 07:40:05,101][main_train.py][line:155][INFO] Epoch:[176/200]	 Test acc=85.756

[2024-09-14 07:40:09,771][main_train.py][line:167][INFO] Best Test acc=85.756
[2024-09-14 07:43:02,886][main_train.py][line:152][INFO] Epoch:[177/200]	 loss=309.09013	 acc=82.447
[2024-09-14 07:43:10,008][main_train.py][line:155][INFO] Epoch:[177/200]	 Test acc=85.426

[2024-09-14 07:43:12,223][main_train.py][line:167][INFO] Best Test acc=85.756
[2024-09-14 07:46:05,459][main_train.py][line:152][INFO] Epoch:[178/200]	 loss=306.80097	 acc=82.495
[2024-09-14 07:46:12,806][main_train.py][line:155][INFO] Epoch:[178/200]	 Test acc=85.437

[2024-09-14 07:46:15,103][main_train.py][line:167][INFO] Best Test acc=85.756
[2024-09-14 07:49:08,188][main_train.py][line:152][INFO] Epoch:[179/200]	 loss=305.47011	 acc=82.774
[2024-09-14 07:49:15,321][main_train.py][line:155][INFO] Epoch:[179/200]	 Test acc=86.002

[2024-09-14 07:49:19,888][main_train.py][line:167][INFO] Best Test acc=86.002
[2024-09-14 07:52:13,271][main_train.py][line:152][INFO] Epoch:[180/200]	 loss=303.39023	 acc=82.697
[2024-09-14 07:52:20,378][main_train.py][line:155][INFO] Epoch:[180/200]	 Test acc=85.529

[2024-09-14 07:52:22,743][main_train.py][line:167][INFO] Best Test acc=86.002
[2024-09-14 07:55:16,129][main_train.py][line:152][INFO] Epoch:[181/200]	 loss=299.69348	 acc=83.050
[2024-09-14 07:55:23,292][main_train.py][line:155][INFO] Epoch:[181/200]	 Test acc=85.360

[2024-09-14 07:55:25,646][main_train.py][line:167][INFO] Best Test acc=86.002
[2024-09-14 07:58:18,911][main_train.py][line:152][INFO] Epoch:[182/200]	 loss=300.64635	 acc=82.934
[2024-09-14 07:58:26,117][main_train.py][line:155][INFO] Epoch:[182/200]	 Test acc=85.860

[2024-09-14 07:58:28,478][main_train.py][line:167][INFO] Best Test acc=86.002
[2024-09-14 08:01:21,718][main_train.py][line:152][INFO] Epoch:[183/200]	 loss=296.99332	 acc=83.026
[2024-09-14 08:01:28,887][main_train.py][line:155][INFO] Epoch:[183/200]	 Test acc=86.029

[2024-09-14 08:01:33,676][main_train.py][line:167][INFO] Best Test acc=86.029
[2024-09-14 08:04:26,945][main_train.py][line:152][INFO] Epoch:[184/200]	 loss=297.92361	 acc=82.990
[2024-09-14 08:04:34,334][main_train.py][line:155][INFO] Epoch:[184/200]	 Test acc=86.079

[2024-09-14 08:04:39,025][main_train.py][line:167][INFO] Best Test acc=86.079
[2024-09-14 08:07:32,379][main_train.py][line:152][INFO] Epoch:[185/200]	 loss=292.43941	 acc=83.406
[2024-09-14 08:07:39,555][main_train.py][line:155][INFO] Epoch:[185/200]	 Test acc=86.113

[2024-09-14 08:07:44,172][main_train.py][line:167][INFO] Best Test acc=86.113
[2024-09-14 08:10:37,385][main_train.py][line:152][INFO] Epoch:[186/200]	 loss=292.73569	 acc=83.333
[2024-09-14 08:10:44,601][main_train.py][line:155][INFO] Epoch:[186/200]	 Test acc=85.783

[2024-09-14 08:10:46,916][main_train.py][line:167][INFO] Best Test acc=86.113
[2024-09-14 08:13:40,232][main_train.py][line:152][INFO] Epoch:[187/200]	 loss=292.73073	 acc=83.408
[2024-09-14 08:13:47,393][main_train.py][line:155][INFO] Epoch:[187/200]	 Test acc=85.433

[2024-09-14 08:13:49,689][main_train.py][line:167][INFO] Best Test acc=86.113
[2024-09-14 08:16:42,861][main_train.py][line:152][INFO] Epoch:[188/200]	 loss=288.34823	 acc=83.460
[2024-09-14 08:16:49,974][main_train.py][line:155][INFO] Epoch:[188/200]	 Test acc=85.771

[2024-09-14 08:16:52,345][main_train.py][line:167][INFO] Best Test acc=86.113
[2024-09-14 08:19:45,413][main_train.py][line:152][INFO] Epoch:[189/200]	 loss=287.93890	 acc=83.802
[2024-09-14 08:19:52,613][main_train.py][line:155][INFO] Epoch:[189/200]	 Test acc=86.071

[2024-09-14 08:19:54,917][main_train.py][line:167][INFO] Best Test acc=86.113
[2024-09-14 08:22:48,071][main_train.py][line:152][INFO] Epoch:[190/200]	 loss=286.26036	 acc=83.827
[2024-09-14 08:22:55,263][main_train.py][line:155][INFO] Epoch:[190/200]	 Test acc=85.733

[2024-09-14 08:22:57,627][main_train.py][line:167][INFO] Best Test acc=86.113
[2024-09-14 08:25:50,960][main_train.py][line:152][INFO] Epoch:[191/200]	 loss=286.26051	 acc=83.664
[2024-09-14 08:25:58,140][main_train.py][line:155][INFO] Epoch:[191/200]	 Test acc=85.983

[2024-09-14 08:26:00,437][main_train.py][line:167][INFO] Best Test acc=86.113
[2024-09-14 08:28:53,666][main_train.py][line:152][INFO] Epoch:[192/200]	 loss=285.14518	 acc=83.709
[2024-09-14 08:29:00,800][main_train.py][line:155][INFO] Epoch:[192/200]	 Test acc=85.810

[2024-09-14 08:29:03,112][main_train.py][line:167][INFO] Best Test acc=86.113
[2024-09-14 08:31:56,295][main_train.py][line:152][INFO] Epoch:[193/200]	 loss=282.01240	 acc=84.062
[2024-09-14 08:32:03,445][main_train.py][line:155][INFO] Epoch:[193/200]	 Test acc=85.721

[2024-09-14 08:32:05,733][main_train.py][line:167][INFO] Best Test acc=86.113
[2024-09-14 08:34:58,938][main_train.py][line:152][INFO] Epoch:[194/200]	 loss=282.99958	 acc=83.862
[2024-09-14 08:35:06,044][main_train.py][line:155][INFO] Epoch:[194/200]	 Test acc=86.013

[2024-09-14 08:35:08,350][main_train.py][line:167][INFO] Best Test acc=86.113
[2024-09-14 08:38:01,548][main_train.py][line:152][INFO] Epoch:[195/200]	 loss=280.98949	 acc=83.872
[2024-09-14 08:38:08,670][main_train.py][line:155][INFO] Epoch:[195/200]	 Test acc=85.783

[2024-09-14 08:38:11,035][main_train.py][line:167][INFO] Best Test acc=86.113
[2024-09-14 08:41:04,341][main_train.py][line:152][INFO] Epoch:[196/200]	 loss=281.08308	 acc=83.895
[2024-09-14 08:41:11,463][main_train.py][line:155][INFO] Epoch:[196/200]	 Test acc=86.228

[2024-09-14 08:41:16,142][main_train.py][line:167][INFO] Best Test acc=86.228
[2024-09-14 08:44:09,337][main_train.py][line:152][INFO] Epoch:[197/200]	 loss=280.36734	 acc=83.985
[2024-09-14 08:44:16,497][main_train.py][line:155][INFO] Epoch:[197/200]	 Test acc=85.668

[2024-09-14 08:44:18,800][main_train.py][line:167][INFO] Best Test acc=86.228
[2024-09-14 08:47:11,979][main_train.py][line:152][INFO] Epoch:[198/200]	 loss=279.31153	 acc=84.146
[2024-09-14 08:47:19,128][main_train.py][line:155][INFO] Epoch:[198/200]	 Test acc=85.783

[2024-09-14 08:47:21,439][main_train.py][line:167][INFO] Best Test acc=86.228
[2024-09-14 08:50:14,670][main_train.py][line:152][INFO] Epoch:[199/200]	 loss=278.51478	 acc=84.160
[2024-09-14 08:50:21,767][main_train.py][line:155][INFO] Epoch:[199/200]	 Test acc=86.006

[2024-09-14 08:50:24,078][main_train.py][line:167][INFO] Best Test acc=86.228
