[2024-09-10 20:42:35,144][main_train.py][line:138][INFO] {'workers': 8, 'batch_size': 128, 'seed': 42, 'optim': 'sgd', 'suffix': '', 'dataset': 'svhn', 'model': 'vgg11', 'time': 4, 'epochs': 200, 'lr': 0.1, 'device': '3', 'special': 'l2', 'beta': 0.0005, 'attack': 'pgd', 'eps': 2.0, 'attack_mode': 'bptt', 'alpha': 1.0, 'steps': 2, 'encoding': 'rate', 'atk_encoding': 'rate', 'resume': False, 'INdatapath': '/home/gubin/bhaskar/datasets/Image100/', 'cache_dataset': False, 'distributed': False, 'TET': False, 'normalized': True}
[2024-09-10 20:42:35,144][main_train.py][line:148][INFO] start training!
[2024-09-10 20:45:53,257][main_train.py][line:153][INFO] Epoch:[0/200]	 loss=1213.26163	 acc=24.224
[2024-09-10 20:46:00,663][main_train.py][line:156][INFO] Epoch:[0/200]	 Test acc=45.874

[2024-09-10 20:46:02,954][main_train.py][line:168][INFO] Best Test acc=45.874
[2024-09-10 20:49:22,760][main_train.py][line:153][INFO] Epoch:[1/200]	 loss=754.11541	 acc=54.556
[2024-09-10 20:49:30,130][main_train.py][line:156][INFO] Epoch:[1/200]	 Test acc=74.274

[2024-09-10 20:49:34,704][main_train.py][line:168][INFO] Best Test acc=74.274
[2024-09-10 20:52:53,275][main_train.py][line:153][INFO] Epoch:[2/200]	 loss=564.97843	 acc=67.888
[2024-09-10 20:53:00,599][main_train.py][line:156][INFO] Epoch:[2/200]	 Test acc=78.780

[2024-09-10 20:53:05,162][main_train.py][line:168][INFO] Best Test acc=78.780
[2024-09-10 20:56:24,156][main_train.py][line:153][INFO] Epoch:[3/200]	 loss=497.44814	 acc=72.040
[2024-09-10 20:56:31,544][main_train.py][line:156][INFO] Epoch:[3/200]	 Test acc=79.710

[2024-09-10 20:56:36,198][main_train.py][line:168][INFO] Best Test acc=79.710
[2024-09-10 20:59:55,049][main_train.py][line:153][INFO] Epoch:[4/200]	 loss=467.69290	 acc=73.982
[2024-09-10 21:00:02,471][main_train.py][line:156][INFO] Epoch:[4/200]	 Test acc=81.941

[2024-09-10 21:00:07,088][main_train.py][line:168][INFO] Best Test acc=81.941
[2024-09-10 21:03:25,864][main_train.py][line:153][INFO] Epoch:[5/200]	 loss=450.19619	 acc=74.954
[2024-09-10 21:03:33,290][main_train.py][line:156][INFO] Epoch:[5/200]	 Test acc=83.601

[2024-09-10 21:03:37,918][main_train.py][line:168][INFO] Best Test acc=83.601
[2024-09-10 21:06:56,802][main_train.py][line:153][INFO] Epoch:[6/200]	 loss=438.03466	 acc=75.664
[2024-09-10 21:07:04,249][main_train.py][line:156][INFO] Epoch:[6/200]	 Test acc=84.177

[2024-09-10 21:07:08,950][main_train.py][line:168][INFO] Best Test acc=84.177
[2024-09-10 21:10:27,864][main_train.py][line:153][INFO] Epoch:[7/200]	 loss=431.58053	 acc=76.050
[2024-09-10 21:10:35,265][main_train.py][line:156][INFO] Epoch:[7/200]	 Test acc=82.921

[2024-09-10 21:10:37,546][main_train.py][line:168][INFO] Best Test acc=84.177
[2024-09-10 21:13:56,552][main_train.py][line:153][INFO] Epoch:[8/200]	 loss=425.80854	 acc=76.464
[2024-09-10 21:14:03,915][main_train.py][line:156][INFO] Epoch:[8/200]	 Test acc=83.194

[2024-09-10 21:14:06,227][main_train.py][line:168][INFO] Best Test acc=84.177
[2024-09-10 21:17:24,979][main_train.py][line:153][INFO] Epoch:[9/200]	 loss=424.10383	 acc=76.664
[2024-09-10 21:17:32,388][main_train.py][line:156][INFO] Epoch:[9/200]	 Test acc=84.773

[2024-09-10 21:17:37,039][main_train.py][line:168][INFO] Best Test acc=84.773
[2024-09-10 21:20:55,870][main_train.py][line:153][INFO] Epoch:[10/200]	 loss=423.18606	 acc=76.795
[2024-09-10 21:21:03,270][main_train.py][line:156][INFO] Epoch:[10/200]	 Test acc=84.292

[2024-09-10 21:21:05,570][main_train.py][line:168][INFO] Best Test acc=84.773
[2024-09-10 21:24:24,610][main_train.py][line:153][INFO] Epoch:[11/200]	 loss=422.05093	 acc=76.640
[2024-09-10 21:24:31,978][main_train.py][line:156][INFO] Epoch:[11/200]	 Test acc=84.081

[2024-09-10 21:24:34,466][main_train.py][line:168][INFO] Best Test acc=84.773
[2024-09-10 21:27:53,083][main_train.py][line:153][INFO] Epoch:[12/200]	 loss=417.24539	 acc=77.154
[2024-09-10 21:28:00,449][main_train.py][line:156][INFO] Epoch:[12/200]	 Test acc=84.296

[2024-09-10 21:28:02,796][main_train.py][line:168][INFO] Best Test acc=84.773
[2024-09-10 21:31:21,798][main_train.py][line:153][INFO] Epoch:[13/200]	 loss=418.67624	 acc=76.946
[2024-09-10 21:31:29,199][main_train.py][line:156][INFO] Epoch:[13/200]	 Test acc=84.431

[2024-09-10 21:31:31,556][main_train.py][line:168][INFO] Best Test acc=84.773
[2024-09-10 21:34:50,146][main_train.py][line:153][INFO] Epoch:[14/200]	 loss=415.79460	 acc=77.072
[2024-09-10 21:34:57,566][main_train.py][line:156][INFO] Epoch:[14/200]	 Test acc=85.499

[2024-09-10 21:35:02,250][main_train.py][line:168][INFO] Best Test acc=85.499
[2024-09-10 21:38:20,989][main_train.py][line:153][INFO] Epoch:[15/200]	 loss=412.06708	 acc=77.243
[2024-09-10 21:38:28,406][main_train.py][line:156][INFO] Epoch:[15/200]	 Test acc=83.532

[2024-09-10 21:38:30,834][main_train.py][line:168][INFO] Best Test acc=85.499
[2024-09-10 21:41:49,655][main_train.py][line:153][INFO] Epoch:[16/200]	 loss=412.75900	 acc=77.269
[2024-09-10 21:41:57,079][main_train.py][line:156][INFO] Epoch:[16/200]	 Test acc=83.789

[2024-09-10 21:41:59,424][main_train.py][line:168][INFO] Best Test acc=85.499
[2024-09-10 21:45:18,166][main_train.py][line:153][INFO] Epoch:[17/200]	 loss=414.04106	 acc=77.343
[2024-09-10 21:45:25,573][main_train.py][line:156][INFO] Epoch:[17/200]	 Test acc=82.099

[2024-09-10 21:45:27,886][main_train.py][line:168][INFO] Best Test acc=85.499
[2024-09-10 21:48:46,807][main_train.py][line:153][INFO] Epoch:[18/200]	 loss=415.03954	 acc=77.236
[2024-09-10 21:48:54,238][main_train.py][line:156][INFO] Epoch:[18/200]	 Test acc=83.943

[2024-09-10 21:48:56,578][main_train.py][line:168][INFO] Best Test acc=85.499
[2024-09-10 21:52:15,274][main_train.py][line:153][INFO] Epoch:[19/200]	 loss=412.56262	 acc=77.262
[2024-09-10 21:52:22,693][main_train.py][line:156][INFO] Epoch:[19/200]	 Test acc=84.012

[2024-09-10 21:52:25,039][main_train.py][line:168][INFO] Best Test acc=85.499
[2024-09-10 21:55:43,795][main_train.py][line:153][INFO] Epoch:[20/200]	 loss=409.76847	 acc=77.447
[2024-09-10 21:55:51,188][main_train.py][line:156][INFO] Epoch:[20/200]	 Test acc=82.007

[2024-09-10 21:55:53,573][main_train.py][line:168][INFO] Best Test acc=85.499
[2024-09-10 21:59:12,239][main_train.py][line:153][INFO] Epoch:[21/200]	 loss=407.68775	 acc=77.515
[2024-09-10 21:59:19,609][main_train.py][line:156][INFO] Epoch:[21/200]	 Test acc=84.085

[2024-09-10 21:59:21,940][main_train.py][line:168][INFO] Best Test acc=85.499
[2024-09-10 22:02:40,033][main_train.py][line:153][INFO] Epoch:[22/200]	 loss=410.57128	 acc=77.501
[2024-09-10 22:02:47,333][main_train.py][line:156][INFO] Epoch:[22/200]	 Test acc=86.132

[2024-09-10 22:02:52,002][main_train.py][line:168][INFO] Best Test acc=86.132
[2024-09-10 22:06:06,760][main_train.py][line:153][INFO] Epoch:[23/200]	 loss=409.74837	 acc=77.395
[2024-09-10 22:06:14,006][main_train.py][line:156][INFO] Epoch:[23/200]	 Test acc=82.737

[2024-09-10 22:06:16,341][main_train.py][line:168][INFO] Best Test acc=86.132
[2024-09-10 22:09:30,969][main_train.py][line:153][INFO] Epoch:[24/200]	 loss=408.48936	 acc=77.557
[2024-09-10 22:09:38,104][main_train.py][line:156][INFO] Epoch:[24/200]	 Test acc=83.467

[2024-09-10 22:09:40,442][main_train.py][line:168][INFO] Best Test acc=86.132
[2024-09-10 22:12:52,805][main_train.py][line:153][INFO] Epoch:[25/200]	 loss=405.96485	 acc=77.625
[2024-09-10 22:12:59,948][main_train.py][line:156][INFO] Epoch:[25/200]	 Test acc=85.345

[2024-09-10 22:13:02,269][main_train.py][line:168][INFO] Best Test acc=86.132
[2024-09-10 22:16:14,591][main_train.py][line:153][INFO] Epoch:[26/200]	 loss=403.91424	 acc=77.799
[2024-09-10 22:16:21,736][main_train.py][line:156][INFO] Epoch:[26/200]	 Test acc=85.510

[2024-09-10 22:16:24,055][main_train.py][line:168][INFO] Best Test acc=86.132
[2024-09-10 22:19:36,426][main_train.py][line:153][INFO] Epoch:[27/200]	 loss=406.95996	 acc=77.580
[2024-09-10 22:19:43,557][main_train.py][line:156][INFO] Epoch:[27/200]	 Test acc=81.984

[2024-09-10 22:19:45,909][main_train.py][line:168][INFO] Best Test acc=86.132
[2024-09-10 22:22:58,124][main_train.py][line:153][INFO] Epoch:[28/200]	 loss=404.01672	 acc=77.812
[2024-09-10 22:23:05,264][main_train.py][line:156][INFO] Epoch:[28/200]	 Test acc=83.670

[2024-09-10 22:23:07,578][main_train.py][line:168][INFO] Best Test acc=86.132
[2024-09-10 22:26:19,757][main_train.py][line:153][INFO] Epoch:[29/200]	 loss=404.74090	 acc=77.724
[2024-09-10 22:26:26,888][main_train.py][line:156][INFO] Epoch:[29/200]	 Test acc=84.730

[2024-09-10 22:26:29,219][main_train.py][line:168][INFO] Best Test acc=86.132
[2024-09-10 22:29:41,452][main_train.py][line:153][INFO] Epoch:[30/200]	 loss=406.16136	 acc=77.568
[2024-09-10 22:29:48,572][main_train.py][line:156][INFO] Epoch:[30/200]	 Test acc=83.447

[2024-09-10 22:29:50,908][main_train.py][line:168][INFO] Best Test acc=86.132
[2024-09-10 22:33:03,209][main_train.py][line:153][INFO] Epoch:[31/200]	 loss=403.49571	 acc=77.829
[2024-09-10 22:33:10,335][main_train.py][line:156][INFO] Epoch:[31/200]	 Test acc=83.766

[2024-09-10 22:33:12,633][main_train.py][line:168][INFO] Best Test acc=86.132
[2024-09-10 22:36:25,011][main_train.py][line:153][INFO] Epoch:[32/200]	 loss=408.12656	 acc=77.619
[2024-09-10 22:36:32,108][main_train.py][line:156][INFO] Epoch:[32/200]	 Test acc=82.936

[2024-09-10 22:36:34,445][main_train.py][line:168][INFO] Best Test acc=86.132
[2024-09-10 22:39:46,683][main_train.py][line:153][INFO] Epoch:[33/200]	 loss=401.46205	 acc=77.949
[2024-09-10 22:39:53,806][main_train.py][line:156][INFO] Epoch:[33/200]	 Test acc=82.852

[2024-09-10 22:39:56,143][main_train.py][line:168][INFO] Best Test acc=86.132
[2024-09-10 22:43:08,683][main_train.py][line:153][INFO] Epoch:[34/200]	 loss=401.52278	 acc=77.831
[2024-09-10 22:43:15,821][main_train.py][line:156][INFO] Epoch:[34/200]	 Test acc=83.539

[2024-09-10 22:43:18,121][main_train.py][line:168][INFO] Best Test acc=86.132
[2024-09-10 22:46:30,190][main_train.py][line:153][INFO] Epoch:[35/200]	 loss=400.49868	 acc=77.973
[2024-09-10 22:46:37,344][main_train.py][line:156][INFO] Epoch:[35/200]	 Test acc=83.332

[2024-09-10 22:46:39,678][main_train.py][line:168][INFO] Best Test acc=86.132
[2024-09-10 22:49:52,002][main_train.py][line:153][INFO] Epoch:[36/200]	 loss=403.29167	 acc=77.916
[2024-09-10 22:49:59,141][main_train.py][line:156][INFO] Epoch:[36/200]	 Test acc=84.062

[2024-09-10 22:50:01,444][main_train.py][line:168][INFO] Best Test acc=86.132
[2024-09-10 22:53:13,517][main_train.py][line:153][INFO] Epoch:[37/200]	 loss=404.14523	 acc=77.707
[2024-09-10 22:53:20,663][main_train.py][line:156][INFO] Epoch:[37/200]	 Test acc=84.546

[2024-09-10 22:53:23,012][main_train.py][line:168][INFO] Best Test acc=86.132
[2024-09-10 22:56:35,170][main_train.py][line:153][INFO] Epoch:[38/200]	 loss=400.44823	 acc=78.010
[2024-09-10 22:56:42,284][main_train.py][line:156][INFO] Epoch:[38/200]	 Test acc=84.700

[2024-09-10 22:56:44,624][main_train.py][line:168][INFO] Best Test acc=86.132
[2024-09-10 22:59:56,932][main_train.py][line:153][INFO] Epoch:[39/200]	 loss=397.62032	 acc=78.145
[2024-09-10 23:00:04,081][main_train.py][line:156][INFO] Epoch:[39/200]	 Test acc=85.679

[2024-09-10 23:00:06,385][main_train.py][line:168][INFO] Best Test acc=86.132
[2024-09-10 23:03:18,831][main_train.py][line:153][INFO] Epoch:[40/200]	 loss=396.26035	 acc=78.285
[2024-09-10 23:03:26,028][main_train.py][line:156][INFO] Epoch:[40/200]	 Test acc=84.050

[2024-09-10 23:03:28,365][main_train.py][line:168][INFO] Best Test acc=86.132
[2024-09-10 23:06:40,916][main_train.py][line:153][INFO] Epoch:[41/200]	 loss=398.41196	 acc=78.076
[2024-09-10 23:06:48,106][main_train.py][line:156][INFO] Epoch:[41/200]	 Test acc=84.538

[2024-09-10 23:06:50,449][main_train.py][line:168][INFO] Best Test acc=86.132
[2024-09-10 23:10:02,852][main_train.py][line:153][INFO] Epoch:[42/200]	 loss=397.81426	 acc=78.229
[2024-09-10 23:10:10,116][main_train.py][line:156][INFO] Epoch:[42/200]	 Test acc=84.385

[2024-09-10 23:10:12,506][main_train.py][line:168][INFO] Best Test acc=86.132
[2024-09-10 23:13:25,152][main_train.py][line:153][INFO] Epoch:[43/200]	 loss=396.29534	 acc=78.152
[2024-09-10 23:13:32,360][main_train.py][line:156][INFO] Epoch:[43/200]	 Test acc=85.095

[2024-09-10 23:13:34,709][main_train.py][line:168][INFO] Best Test acc=86.132
[2024-09-10 23:16:47,258][main_train.py][line:153][INFO] Epoch:[44/200]	 loss=400.22238	 acc=78.040
[2024-09-10 23:16:54,440][main_train.py][line:156][INFO] Epoch:[44/200]	 Test acc=84.131

[2024-09-10 23:16:56,807][main_train.py][line:168][INFO] Best Test acc=86.132
[2024-09-10 23:20:09,586][main_train.py][line:153][INFO] Epoch:[45/200]	 loss=395.25757	 acc=78.169
[2024-09-10 23:20:16,791][main_train.py][line:156][INFO] Epoch:[45/200]	 Test acc=84.058

[2024-09-10 23:20:19,197][main_train.py][line:168][INFO] Best Test acc=86.132
[2024-09-10 23:23:31,542][main_train.py][line:153][INFO] Epoch:[46/200]	 loss=395.73693	 acc=78.197
[2024-09-10 23:23:38,788][main_train.py][line:156][INFO] Epoch:[46/200]	 Test acc=85.310

[2024-09-10 23:23:41,218][main_train.py][line:168][INFO] Best Test acc=86.132
[2024-09-10 23:26:53,630][main_train.py][line:153][INFO] Epoch:[47/200]	 loss=392.48103	 acc=78.377
[2024-09-10 23:27:00,856][main_train.py][line:156][INFO] Epoch:[47/200]	 Test acc=83.970

[2024-09-10 23:27:03,255][main_train.py][line:168][INFO] Best Test acc=86.132
[2024-09-10 23:30:15,802][main_train.py][line:153][INFO] Epoch:[48/200]	 loss=396.81029	 acc=78.132
[2024-09-10 23:30:23,038][main_train.py][line:156][INFO] Epoch:[48/200]	 Test acc=86.175

[2024-09-10 23:30:27,748][main_train.py][line:168][INFO] Best Test acc=86.175
[2024-09-10 23:33:40,317][main_train.py][line:153][INFO] Epoch:[49/200]	 loss=399.29258	 acc=78.098
[2024-09-10 23:33:47,517][main_train.py][line:156][INFO] Epoch:[49/200]	 Test acc=84.070

[2024-09-10 23:33:49,837][main_train.py][line:168][INFO] Best Test acc=86.175
[2024-09-10 23:37:02,331][main_train.py][line:153][INFO] Epoch:[50/200]	 loss=395.36103	 acc=78.230
[2024-09-10 23:37:09,554][main_train.py][line:156][INFO] Epoch:[50/200]	 Test acc=83.893

[2024-09-10 23:37:11,988][main_train.py][line:168][INFO] Best Test acc=86.175
[2024-09-10 23:40:24,435][main_train.py][line:153][INFO] Epoch:[51/200]	 loss=391.66335	 acc=78.465
[2024-09-10 23:40:31,642][main_train.py][line:156][INFO] Epoch:[51/200]	 Test acc=83.374

[2024-09-10 23:40:34,018][main_train.py][line:168][INFO] Best Test acc=86.175
[2024-09-10 23:43:46,679][main_train.py][line:153][INFO] Epoch:[52/200]	 loss=391.72584	 acc=78.425
[2024-09-10 23:43:53,965][main_train.py][line:156][INFO] Epoch:[52/200]	 Test acc=85.203

[2024-09-10 23:43:56,330][main_train.py][line:168][INFO] Best Test acc=86.175
[2024-09-10 23:47:08,874][main_train.py][line:153][INFO] Epoch:[53/200]	 loss=390.41020	 acc=78.444
[2024-09-10 23:47:16,108][main_train.py][line:156][INFO] Epoch:[53/200]	 Test acc=85.671

[2024-09-10 23:47:18,505][main_train.py][line:168][INFO] Best Test acc=86.175
[2024-09-10 23:50:31,131][main_train.py][line:153][INFO] Epoch:[54/200]	 loss=394.47102	 acc=78.300
[2024-09-10 23:50:38,373][main_train.py][line:156][INFO] Epoch:[54/200]	 Test acc=83.920

[2024-09-10 23:50:40,720][main_train.py][line:168][INFO] Best Test acc=86.175
[2024-09-10 23:53:53,146][main_train.py][line:153][INFO] Epoch:[55/200]	 loss=393.21324	 acc=78.377
[2024-09-10 23:54:00,418][main_train.py][line:156][INFO] Epoch:[55/200]	 Test acc=85.875

[2024-09-10 23:54:02,756][main_train.py][line:168][INFO] Best Test acc=86.175
[2024-09-10 23:57:15,328][main_train.py][line:153][INFO] Epoch:[56/200]	 loss=389.19044	 acc=78.771
[2024-09-10 23:57:22,563][main_train.py][line:156][INFO] Epoch:[56/200]	 Test acc=84.615

[2024-09-10 23:57:24,971][main_train.py][line:168][INFO] Best Test acc=86.175
[2024-09-11 00:00:37,550][main_train.py][line:153][INFO] Epoch:[57/200]	 loss=389.33557	 acc=78.708
[2024-09-11 00:00:44,861][main_train.py][line:156][INFO] Epoch:[57/200]	 Test acc=84.926

[2024-09-11 00:00:47,214][main_train.py][line:168][INFO] Best Test acc=86.175
[2024-09-11 00:03:59,929][main_train.py][line:153][INFO] Epoch:[58/200]	 loss=389.63651	 acc=78.696
[2024-09-11 00:04:07,253][main_train.py][line:156][INFO] Epoch:[58/200]	 Test acc=87.008

[2024-09-11 00:04:12,056][main_train.py][line:168][INFO] Best Test acc=87.008
[2024-09-11 00:07:25,303][main_train.py][line:153][INFO] Epoch:[59/200]	 loss=387.67966	 acc=78.742
[2024-09-11 00:07:32,973][main_train.py][line:156][INFO] Epoch:[59/200]	 Test acc=85.249

[2024-09-11 00:07:35,523][main_train.py][line:168][INFO] Best Test acc=87.008
[2024-09-11 00:10:50,129][main_train.py][line:153][INFO] Epoch:[60/200]	 loss=389.84914	 acc=78.483
[2024-09-11 00:10:57,906][main_train.py][line:156][INFO] Epoch:[60/200]	 Test acc=85.499

[2024-09-11 00:11:00,453][main_train.py][line:168][INFO] Best Test acc=87.008
[2024-09-11 00:14:20,283][main_train.py][line:153][INFO] Epoch:[61/200]	 loss=387.36736	 acc=78.723
[2024-09-11 00:14:28,576][main_train.py][line:156][INFO] Epoch:[61/200]	 Test acc=84.189

[2024-09-11 00:14:31,202][main_train.py][line:168][INFO] Best Test acc=87.008
[2024-09-11 00:17:51,654][main_train.py][line:153][INFO] Epoch:[62/200]	 loss=383.45931	 acc=78.913
[2024-09-11 00:17:59,800][main_train.py][line:156][INFO] Epoch:[62/200]	 Test acc=85.445

[2024-09-11 00:18:02,465][main_train.py][line:168][INFO] Best Test acc=87.008
[2024-09-11 00:21:21,796][main_train.py][line:153][INFO] Epoch:[63/200]	 loss=386.30278	 acc=78.788
[2024-09-11 00:21:29,918][main_train.py][line:156][INFO] Epoch:[63/200]	 Test acc=84.292

[2024-09-11 00:21:32,499][main_train.py][line:168][INFO] Best Test acc=87.008
[2024-09-11 00:24:51,731][main_train.py][line:153][INFO] Epoch:[64/200]	 loss=384.86713	 acc=78.741
[2024-09-11 00:25:00,065][main_train.py][line:156][INFO] Epoch:[64/200]	 Test acc=85.687

[2024-09-11 00:25:02,806][main_train.py][line:168][INFO] Best Test acc=87.008
[2024-09-11 00:28:22,095][main_train.py][line:153][INFO] Epoch:[65/200]	 loss=382.29570	 acc=78.840
[2024-09-11 00:28:30,093][main_train.py][line:156][INFO] Epoch:[65/200]	 Test acc=84.723

[2024-09-11 00:28:32,842][main_train.py][line:168][INFO] Best Test acc=87.008
[2024-09-11 00:31:52,494][main_train.py][line:153][INFO] Epoch:[66/200]	 loss=385.50858	 acc=78.787
[2024-09-11 00:32:00,504][main_train.py][line:156][INFO] Epoch:[66/200]	 Test acc=84.047

[2024-09-11 00:32:03,137][main_train.py][line:168][INFO] Best Test acc=87.008
[2024-09-11 00:35:22,512][main_train.py][line:153][INFO] Epoch:[67/200]	 loss=383.24263	 acc=78.792
[2024-09-11 00:35:30,572][main_train.py][line:156][INFO] Epoch:[67/200]	 Test acc=84.258

[2024-09-11 00:35:33,292][main_train.py][line:168][INFO] Best Test acc=87.008
[2024-09-11 00:38:53,349][main_train.py][line:153][INFO] Epoch:[68/200]	 loss=379.49275	 acc=79.003
[2024-09-11 00:39:01,344][main_train.py][line:156][INFO] Epoch:[68/200]	 Test acc=85.456

[2024-09-11 00:39:04,111][main_train.py][line:168][INFO] Best Test acc=87.008
[2024-09-11 00:42:23,923][main_train.py][line:153][INFO] Epoch:[69/200]	 loss=378.65302	 acc=79.115
[2024-09-11 00:42:32,120][main_train.py][line:156][INFO] Epoch:[69/200]	 Test acc=84.684

[2024-09-11 00:42:34,936][main_train.py][line:168][INFO] Best Test acc=87.008
[2024-09-11 00:45:54,701][main_train.py][line:153][INFO] Epoch:[70/200]	 loss=381.33501	 acc=78.889
[2024-09-11 00:46:02,769][main_train.py][line:156][INFO] Epoch:[70/200]	 Test acc=83.847

[2024-09-11 00:46:05,412][main_train.py][line:168][INFO] Best Test acc=87.008
[2024-09-11 00:49:24,974][main_train.py][line:153][INFO] Epoch:[71/200]	 loss=379.04787	 acc=79.098
[2024-09-11 00:49:33,178][main_train.py][line:156][INFO] Epoch:[71/200]	 Test acc=83.970

[2024-09-11 00:49:36,081][main_train.py][line:168][INFO] Best Test acc=87.008
[2024-09-11 00:52:55,696][main_train.py][line:153][INFO] Epoch:[72/200]	 loss=378.79280	 acc=79.246
[2024-09-11 00:53:03,785][main_train.py][line:156][INFO] Epoch:[72/200]	 Test acc=85.433

[2024-09-11 00:53:06,460][main_train.py][line:168][INFO] Best Test acc=87.008
[2024-09-11 00:56:26,269][main_train.py][line:153][INFO] Epoch:[73/200]	 loss=377.60200	 acc=79.064
[2024-09-11 00:56:34,555][main_train.py][line:156][INFO] Epoch:[73/200]	 Test acc=86.363

[2024-09-11 00:56:37,078][main_train.py][line:168][INFO] Best Test acc=87.008
[2024-09-11 00:59:57,004][main_train.py][line:153][INFO] Epoch:[74/200]	 loss=376.44404	 acc=79.080
[2024-09-11 01:00:05,186][main_train.py][line:156][INFO] Epoch:[74/200]	 Test acc=87.246

[2024-09-11 01:00:10,256][main_train.py][line:168][INFO] Best Test acc=87.246
[2024-09-11 01:03:30,561][main_train.py][line:153][INFO] Epoch:[75/200]	 loss=376.26262	 acc=79.311
[2024-09-11 01:03:38,909][main_train.py][line:156][INFO] Epoch:[75/200]	 Test acc=81.657

[2024-09-11 01:03:41,583][main_train.py][line:168][INFO] Best Test acc=87.246
[2024-09-11 01:07:01,734][main_train.py][line:153][INFO] Epoch:[76/200]	 loss=374.95469	 acc=79.269
[2024-09-11 01:07:10,193][main_train.py][line:156][INFO] Epoch:[76/200]	 Test acc=84.746

[2024-09-11 01:07:12,924][main_train.py][line:168][INFO] Best Test acc=87.246
[2024-09-11 01:10:33,140][main_train.py][line:153][INFO] Epoch:[77/200]	 loss=375.96385	 acc=79.292
[2024-09-11 01:10:41,382][main_train.py][line:156][INFO] Epoch:[77/200]	 Test acc=84.907

[2024-09-11 01:10:44,253][main_train.py][line:168][INFO] Best Test acc=87.246
[2024-09-11 01:14:04,781][main_train.py][line:153][INFO] Epoch:[78/200]	 loss=371.19340	 acc=79.515
[2024-09-11 01:14:12,879][main_train.py][line:156][INFO] Epoch:[78/200]	 Test acc=86.002

[2024-09-11 01:14:15,777][main_train.py][line:168][INFO] Best Test acc=87.246
[2024-09-11 01:17:35,846][main_train.py][line:153][INFO] Epoch:[79/200]	 loss=368.85175	 acc=79.732
[2024-09-11 01:17:43,807][main_train.py][line:156][INFO] Epoch:[79/200]	 Test acc=85.606

[2024-09-11 01:17:46,292][main_train.py][line:168][INFO] Best Test acc=87.246
[2024-09-11 01:21:04,046][main_train.py][line:153][INFO] Epoch:[80/200]	 loss=372.37391	 acc=79.430
[2024-09-11 01:21:12,138][main_train.py][line:156][INFO] Epoch:[80/200]	 Test acc=87.197

[2024-09-11 01:21:15,363][main_train.py][line:168][INFO] Best Test acc=87.246
[2024-09-11 01:24:32,780][main_train.py][line:153][INFO] Epoch:[81/200]	 loss=368.86568	 acc=79.648
[2024-09-11 01:24:40,859][main_train.py][line:156][INFO] Epoch:[81/200]	 Test acc=85.499

[2024-09-11 01:24:43,554][main_train.py][line:168][INFO] Best Test acc=87.246
[2024-09-11 01:28:03,615][main_train.py][line:153][INFO] Epoch:[82/200]	 loss=368.63958	 acc=79.581
[2024-09-11 01:28:11,938][main_train.py][line:156][INFO] Epoch:[82/200]	 Test acc=85.099

[2024-09-11 01:28:14,710][main_train.py][line:168][INFO] Best Test acc=87.246
[2024-09-11 01:31:34,337][main_train.py][line:153][INFO] Epoch:[83/200]	 loss=370.52102	 acc=79.602
[2024-09-11 01:31:42,458][main_train.py][line:156][INFO] Epoch:[83/200]	 Test acc=86.136

[2024-09-11 01:31:45,475][main_train.py][line:168][INFO] Best Test acc=87.246
[2024-09-11 01:35:04,663][main_train.py][line:153][INFO] Epoch:[84/200]	 loss=367.79841	 acc=79.692
[2024-09-11 01:35:12,842][main_train.py][line:156][INFO] Epoch:[84/200]	 Test acc=86.728

[2024-09-11 01:35:15,522][main_train.py][line:168][INFO] Best Test acc=87.246
[2024-09-11 01:38:34,829][main_train.py][line:153][INFO] Epoch:[85/200]	 loss=367.27935	 acc=79.796
[2024-09-11 01:38:43,205][main_train.py][line:156][INFO] Epoch:[85/200]	 Test acc=86.359

[2024-09-11 01:38:46,177][main_train.py][line:168][INFO] Best Test acc=87.246
[2024-09-11 01:42:04,958][main_train.py][line:153][INFO] Epoch:[86/200]	 loss=366.87892	 acc=79.870
[2024-09-11 01:42:13,169][main_train.py][line:156][INFO] Epoch:[86/200]	 Test acc=86.835

[2024-09-11 01:42:15,991][main_train.py][line:168][INFO] Best Test acc=87.246
[2024-09-11 01:45:35,069][main_train.py][line:153][INFO] Epoch:[87/200]	 loss=362.58892	 acc=80.054
[2024-09-11 01:45:42,968][main_train.py][line:156][INFO] Epoch:[87/200]	 Test acc=85.783

[2024-09-11 01:45:46,099][main_train.py][line:168][INFO] Best Test acc=87.246
[2024-09-11 01:49:05,102][main_train.py][line:153][INFO] Epoch:[88/200]	 loss=362.26573	 acc=80.081
[2024-09-11 01:49:13,079][main_train.py][line:156][INFO] Epoch:[88/200]	 Test acc=86.574

[2024-09-11 01:49:15,775][main_train.py][line:168][INFO] Best Test acc=87.246
[2024-09-11 01:52:34,913][main_train.py][line:153][INFO] Epoch:[89/200]	 loss=364.40367	 acc=79.925
[2024-09-11 01:52:42,947][main_train.py][line:156][INFO] Epoch:[89/200]	 Test acc=86.121

[2024-09-11 01:52:45,753][main_train.py][line:168][INFO] Best Test acc=87.246
[2024-09-11 01:56:04,981][main_train.py][line:153][INFO] Epoch:[90/200]	 loss=360.81878	 acc=80.171
[2024-09-11 01:56:12,874][main_train.py][line:156][INFO] Epoch:[90/200]	 Test acc=87.577

[2024-09-11 01:56:18,208][main_train.py][line:168][INFO] Best Test acc=87.577
[2024-09-11 01:59:36,978][main_train.py][line:153][INFO] Epoch:[91/200]	 loss=362.48863	 acc=80.057
[2024-09-11 01:59:45,100][main_train.py][line:156][INFO] Epoch:[91/200]	 Test acc=86.221

[2024-09-11 01:59:47,901][main_train.py][line:168][INFO] Best Test acc=87.577
[2024-09-11 02:03:07,176][main_train.py][line:153][INFO] Epoch:[92/200]	 loss=361.57203	 acc=80.050
[2024-09-11 02:03:15,153][main_train.py][line:156][INFO] Epoch:[92/200]	 Test acc=86.056

[2024-09-11 02:03:17,873][main_train.py][line:168][INFO] Best Test acc=87.577
[2024-09-11 02:06:36,760][main_train.py][line:153][INFO] Epoch:[93/200]	 loss=356.42289	 acc=80.365
[2024-09-11 02:06:44,767][main_train.py][line:156][INFO] Epoch:[93/200]	 Test acc=87.335

[2024-09-11 02:06:47,443][main_train.py][line:168][INFO] Best Test acc=87.577
[2024-09-11 02:10:06,351][main_train.py][line:153][INFO] Epoch:[94/200]	 loss=357.54408	 acc=80.212
[2024-09-11 02:10:14,365][main_train.py][line:156][INFO] Epoch:[94/200]	 Test acc=86.678

[2024-09-11 02:10:17,344][main_train.py][line:168][INFO] Best Test acc=87.577
[2024-09-11 02:13:35,054][main_train.py][line:153][INFO] Epoch:[95/200]	 loss=354.33624	 acc=80.518
[2024-09-11 02:13:43,192][main_train.py][line:156][INFO] Epoch:[95/200]	 Test acc=87.439

[2024-09-11 02:13:45,738][main_train.py][line:168][INFO] Best Test acc=87.577
[2024-09-11 02:17:01,578][main_train.py][line:153][INFO] Epoch:[96/200]	 loss=352.65358	 acc=80.581
[2024-09-11 02:17:09,530][main_train.py][line:156][INFO] Epoch:[96/200]	 Test acc=85.406

[2024-09-11 02:17:11,583][main_train.py][line:168][INFO] Best Test acc=87.577
[2024-09-11 02:20:26,898][main_train.py][line:153][INFO] Epoch:[97/200]	 loss=352.94528	 acc=80.422
[2024-09-11 02:20:34,707][main_train.py][line:156][INFO] Epoch:[97/200]	 Test acc=85.994

[2024-09-11 02:20:37,276][main_train.py][line:168][INFO] Best Test acc=87.577
[2024-09-11 02:23:51,495][main_train.py][line:153][INFO] Epoch:[98/200]	 loss=354.61442	 acc=80.574
[2024-09-11 02:23:59,290][main_train.py][line:156][INFO] Epoch:[98/200]	 Test acc=86.440

[2024-09-11 02:24:02,145][main_train.py][line:168][INFO] Best Test acc=87.577
[2024-09-11 02:27:16,257][main_train.py][line:153][INFO] Epoch:[99/200]	 loss=351.86474	 acc=80.485
[2024-09-11 02:27:24,036][main_train.py][line:156][INFO] Epoch:[99/200]	 Test acc=87.596

[2024-09-11 02:27:29,689][main_train.py][line:168][INFO] Best Test acc=87.596
[2024-09-11 02:30:43,743][main_train.py][line:153][INFO] Epoch:[100/200]	 loss=349.90348	 acc=80.725
[2024-09-11 02:30:51,521][main_train.py][line:156][INFO] Epoch:[100/200]	 Test acc=87.554

[2024-09-11 02:30:54,215][main_train.py][line:168][INFO] Best Test acc=87.596
[2024-09-11 02:34:08,361][main_train.py][line:153][INFO] Epoch:[101/200]	 loss=352.74095	 acc=80.510
[2024-09-11 02:34:16,148][main_train.py][line:156][INFO] Epoch:[101/200]	 Test acc=87.116

[2024-09-11 02:34:19,172][main_train.py][line:168][INFO] Best Test acc=87.596
[2024-09-11 02:37:33,383][main_train.py][line:153][INFO] Epoch:[102/200]	 loss=352.55992	 acc=80.641
[2024-09-11 02:37:41,168][main_train.py][line:156][INFO] Epoch:[102/200]	 Test acc=86.555

[2024-09-11 02:37:44,026][main_train.py][line:168][INFO] Best Test acc=87.596
[2024-09-11 02:40:58,225][main_train.py][line:153][INFO] Epoch:[103/200]	 loss=349.14104	 acc=80.780
[2024-09-11 02:41:05,935][main_train.py][line:156][INFO] Epoch:[103/200]	 Test acc=87.427

[2024-09-11 02:41:08,789][main_train.py][line:168][INFO] Best Test acc=87.596
[2024-09-11 02:44:23,166][main_train.py][line:153][INFO] Epoch:[104/200]	 loss=347.94062	 acc=80.836
[2024-09-11 02:44:31,039][main_train.py][line:156][INFO] Epoch:[104/200]	 Test acc=86.156

[2024-09-11 02:44:33,439][main_train.py][line:168][INFO] Best Test acc=87.596
[2024-09-11 02:47:47,087][main_train.py][line:153][INFO] Epoch:[105/200]	 loss=345.04777	 acc=81.056
[2024-09-11 02:47:55,006][main_train.py][line:156][INFO] Epoch:[105/200]	 Test acc=86.997

[2024-09-11 02:47:57,503][main_train.py][line:168][INFO] Best Test acc=87.596
[2024-09-11 02:51:11,196][main_train.py][line:153][INFO] Epoch:[106/200]	 loss=345.91777	 acc=80.806
[2024-09-11 02:51:19,030][main_train.py][line:156][INFO] Epoch:[106/200]	 Test acc=86.797

[2024-09-11 02:51:21,488][main_train.py][line:168][INFO] Best Test acc=87.596
[2024-09-11 02:54:34,995][main_train.py][line:153][INFO] Epoch:[107/200]	 loss=342.70492	 acc=81.071
[2024-09-11 02:54:42,909][main_train.py][line:156][INFO] Epoch:[107/200]	 Test acc=87.058

[2024-09-11 02:54:45,343][main_train.py][line:168][INFO] Best Test acc=87.596
[2024-09-11 02:57:58,960][main_train.py][line:153][INFO] Epoch:[108/200]	 loss=343.87496	 acc=81.018
[2024-09-11 02:58:06,784][main_train.py][line:156][INFO] Epoch:[108/200]	 Test acc=85.637

[2024-09-11 02:58:09,198][main_train.py][line:168][INFO] Best Test acc=87.596
[2024-09-11 03:01:22,884][main_train.py][line:153][INFO] Epoch:[109/200]	 loss=339.88970	 acc=81.127
[2024-09-11 03:01:30,793][main_train.py][line:156][INFO] Epoch:[109/200]	 Test acc=88.199

[2024-09-11 03:01:35,308][main_train.py][line:168][INFO] Best Test acc=88.199
[2024-09-11 03:04:48,974][main_train.py][line:153][INFO] Epoch:[110/200]	 loss=342.36188	 acc=81.087
[2024-09-11 03:04:56,864][main_train.py][line:156][INFO] Epoch:[110/200]	 Test acc=85.971

[2024-09-11 03:04:59,223][main_train.py][line:168][INFO] Best Test acc=88.199
[2024-09-11 03:08:13,098][main_train.py][line:153][INFO] Epoch:[111/200]	 loss=336.66217	 acc=81.438
[2024-09-11 03:08:21,395][main_train.py][line:156][INFO] Epoch:[111/200]	 Test acc=87.235

[2024-09-11 03:08:24,068][main_train.py][line:168][INFO] Best Test acc=88.199
[2024-09-11 03:11:38,869][main_train.py][line:153][INFO] Epoch:[112/200]	 loss=336.76321	 acc=81.337
[2024-09-11 03:11:47,129][main_train.py][line:156][INFO] Epoch:[112/200]	 Test acc=87.028

[2024-09-11 03:11:49,840][main_train.py][line:168][INFO] Best Test acc=88.199
[2024-09-11 03:15:05,011][main_train.py][line:153][INFO] Epoch:[113/200]	 loss=334.96841	 acc=81.381
[2024-09-11 03:15:13,296][main_train.py][line:156][INFO] Epoch:[113/200]	 Test acc=87.834

[2024-09-11 03:15:15,860][main_train.py][line:168][INFO] Best Test acc=88.199
[2024-09-11 03:18:30,691][main_train.py][line:153][INFO] Epoch:[114/200]	 loss=337.35076	 acc=81.327
[2024-09-11 03:18:38,959][main_train.py][line:156][INFO] Epoch:[114/200]	 Test acc=87.089

[2024-09-11 03:18:41,564][main_train.py][line:168][INFO] Best Test acc=88.199
[2024-09-11 03:21:56,386][main_train.py][line:153][INFO] Epoch:[115/200]	 loss=334.76156	 acc=81.544
[2024-09-11 03:22:04,642][main_train.py][line:156][INFO] Epoch:[115/200]	 Test acc=87.711

[2024-09-11 03:22:07,268][main_train.py][line:168][INFO] Best Test acc=88.199
[2024-09-11 03:25:22,229][main_train.py][line:153][INFO] Epoch:[116/200]	 loss=332.77997	 acc=81.498
[2024-09-11 03:25:30,450][main_train.py][line:156][INFO] Epoch:[116/200]	 Test acc=87.999

[2024-09-11 03:25:33,007][main_train.py][line:168][INFO] Best Test acc=88.199
[2024-09-11 03:28:47,892][main_train.py][line:153][INFO] Epoch:[117/200]	 loss=333.00697	 acc=81.643
[2024-09-11 03:28:56,093][main_train.py][line:156][INFO] Epoch:[117/200]	 Test acc=87.412

[2024-09-11 03:28:58,806][main_train.py][line:168][INFO] Best Test acc=88.199
[2024-09-11 03:32:13,755][main_train.py][line:153][INFO] Epoch:[118/200]	 loss=331.27211	 acc=81.710
[2024-09-11 03:32:22,049][main_train.py][line:156][INFO] Epoch:[118/200]	 Test acc=87.423

[2024-09-11 03:32:24,562][main_train.py][line:168][INFO] Best Test acc=88.199
[2024-09-11 03:35:39,475][main_train.py][line:153][INFO] Epoch:[119/200]	 loss=330.35821	 acc=81.692
[2024-09-11 03:35:47,702][main_train.py][line:156][INFO] Epoch:[119/200]	 Test acc=87.942

[2024-09-11 03:35:50,326][main_train.py][line:168][INFO] Best Test acc=88.199
[2024-09-11 03:39:05,436][main_train.py][line:153][INFO] Epoch:[120/200]	 loss=326.43530	 acc=81.816
[2024-09-11 03:39:13,668][main_train.py][line:156][INFO] Epoch:[120/200]	 Test acc=87.266

[2024-09-11 03:39:16,197][main_train.py][line:168][INFO] Best Test acc=88.199
[2024-09-11 03:42:31,152][main_train.py][line:153][INFO] Epoch:[121/200]	 loss=325.76083	 acc=81.959
[2024-09-11 03:42:39,423][main_train.py][line:156][INFO] Epoch:[121/200]	 Test acc=87.850

[2024-09-11 03:42:42,063][main_train.py][line:168][INFO] Best Test acc=88.199
[2024-09-11 03:45:57,237][main_train.py][line:153][INFO] Epoch:[122/200]	 loss=322.46697	 acc=82.149
[2024-09-11 03:46:05,518][main_train.py][line:156][INFO] Epoch:[122/200]	 Test acc=87.865

[2024-09-11 03:46:08,261][main_train.py][line:168][INFO] Best Test acc=88.199
[2024-09-11 03:49:23,176][main_train.py][line:153][INFO] Epoch:[123/200]	 loss=324.82791	 acc=81.813
[2024-09-11 03:49:31,467][main_train.py][line:156][INFO] Epoch:[123/200]	 Test acc=88.203

[2024-09-11 03:49:36,894][main_train.py][line:168][INFO] Best Test acc=88.203
[2024-09-11 03:52:52,005][main_train.py][line:153][INFO] Epoch:[124/200]	 loss=322.55674	 acc=82.140
[2024-09-11 03:53:00,177][main_train.py][line:156][INFO] Epoch:[124/200]	 Test acc=87.657

[2024-09-11 03:53:02,879][main_train.py][line:168][INFO] Best Test acc=88.203
[2024-09-11 03:56:17,931][main_train.py][line:153][INFO] Epoch:[125/200]	 loss=320.66692	 acc=82.202
[2024-09-11 03:56:26,218][main_train.py][line:156][INFO] Epoch:[125/200]	 Test acc=87.281

[2024-09-11 03:56:29,007][main_train.py][line:168][INFO] Best Test acc=88.203
[2024-09-11 03:59:43,759][main_train.py][line:153][INFO] Epoch:[126/200]	 loss=318.81539	 acc=82.355
[2024-09-11 03:59:52,120][main_train.py][line:156][INFO] Epoch:[126/200]	 Test acc=87.035

[2024-09-11 03:59:54,927][main_train.py][line:168][INFO] Best Test acc=88.203
[2024-09-11 04:03:09,875][main_train.py][line:153][INFO] Epoch:[127/200]	 loss=316.85463	 acc=82.518
[2024-09-11 04:03:18,151][main_train.py][line:156][INFO] Epoch:[127/200]	 Test acc=88.142

[2024-09-11 04:03:20,874][main_train.py][line:168][INFO] Best Test acc=88.203
[2024-09-11 04:06:35,440][main_train.py][line:153][INFO] Epoch:[128/200]	 loss=315.53567	 acc=82.512
[2024-09-11 04:06:43,468][main_train.py][line:156][INFO] Epoch:[128/200]	 Test acc=87.811

[2024-09-11 04:06:45,818][main_train.py][line:168][INFO] Best Test acc=88.203
[2024-09-11 04:09:59,424][main_train.py][line:153][INFO] Epoch:[129/200]	 loss=315.37280	 acc=82.586
[2024-09-11 04:10:07,322][main_train.py][line:156][INFO] Epoch:[129/200]	 Test acc=87.223

[2024-09-11 04:10:10,547][main_train.py][line:168][INFO] Best Test acc=88.203
[2024-09-11 04:13:23,934][main_train.py][line:153][INFO] Epoch:[130/200]	 loss=312.81786	 acc=82.686
[2024-09-11 04:13:31,740][main_train.py][line:156][INFO] Epoch:[130/200]	 Test acc=88.303

[2024-09-11 04:13:36,892][main_train.py][line:168][INFO] Best Test acc=88.303
[2024-09-11 04:16:50,309][main_train.py][line:153][INFO] Epoch:[131/200]	 loss=309.61688	 acc=82.776
[2024-09-11 04:16:58,086][main_train.py][line:156][INFO] Epoch:[131/200]	 Test acc=88.226

[2024-09-11 04:17:00,634][main_train.py][line:168][INFO] Best Test acc=88.303
[2024-09-11 04:20:14,247][main_train.py][line:153][INFO] Epoch:[132/200]	 loss=307.81695	 acc=82.935
[2024-09-11 04:20:22,141][main_train.py][line:156][INFO] Epoch:[132/200]	 Test acc=88.687

[2024-09-11 04:20:26,959][main_train.py][line:168][INFO] Best Test acc=88.687
[2024-09-11 04:23:40,322][main_train.py][line:153][INFO] Epoch:[133/200]	 loss=309.85391	 acc=82.839
[2024-09-11 04:23:48,163][main_train.py][line:156][INFO] Epoch:[133/200]	 Test acc=87.197

[2024-09-11 04:23:50,571][main_train.py][line:168][INFO] Best Test acc=88.687
[2024-09-11 04:27:04,139][main_train.py][line:153][INFO] Epoch:[134/200]	 loss=307.68463	 acc=82.961
[2024-09-11 04:27:11,891][main_train.py][line:156][INFO] Epoch:[134/200]	 Test acc=88.026

[2024-09-11 04:27:14,315][main_train.py][line:168][INFO] Best Test acc=88.687
[2024-09-11 04:30:27,757][main_train.py][line:153][INFO] Epoch:[135/200]	 loss=305.25766	 acc=82.993
[2024-09-11 04:30:35,554][main_train.py][line:156][INFO] Epoch:[135/200]	 Test acc=87.807

[2024-09-11 04:30:37,963][main_train.py][line:168][INFO] Best Test acc=88.687
[2024-09-11 04:33:52,838][main_train.py][line:153][INFO] Epoch:[136/200]	 loss=301.78541	 acc=83.232
[2024-09-11 04:34:01,544][main_train.py][line:156][INFO] Epoch:[136/200]	 Test acc=88.718

[2024-09-11 04:34:07,672][main_train.py][line:168][INFO] Best Test acc=88.718
[2024-09-11 04:37:25,737][main_train.py][line:153][INFO] Epoch:[137/200]	 loss=300.34136	 acc=83.408
[2024-09-11 04:37:34,451][main_train.py][line:156][INFO] Epoch:[137/200]	 Test acc=88.518

[2024-09-11 04:37:37,822][main_train.py][line:168][INFO] Best Test acc=88.718
[2024-09-11 04:40:56,246][main_train.py][line:153][INFO] Epoch:[138/200]	 loss=300.20145	 acc=83.319
[2024-09-11 04:41:04,930][main_train.py][line:156][INFO] Epoch:[138/200]	 Test acc=88.944

[2024-09-11 04:41:11,693][main_train.py][line:168][INFO] Best Test acc=88.944
[2024-09-11 04:44:31,083][main_train.py][line:153][INFO] Epoch:[139/200]	 loss=300.27201	 acc=83.342
[2024-09-11 04:44:40,082][main_train.py][line:156][INFO] Epoch:[139/200]	 Test acc=88.733

[2024-09-11 04:44:43,716][main_train.py][line:168][INFO] Best Test acc=88.944
[2024-09-11 04:48:03,578][main_train.py][line:153][INFO] Epoch:[140/200]	 loss=296.14110	 acc=83.645
[2024-09-11 04:48:12,471][main_train.py][line:156][INFO] Epoch:[140/200]	 Test acc=88.272

[2024-09-11 04:48:15,745][main_train.py][line:168][INFO] Best Test acc=88.944
[2024-09-11 04:51:39,039][main_train.py][line:153][INFO] Epoch:[141/200]	 loss=294.72572	 acc=83.694
[2024-09-11 04:51:47,793][main_train.py][line:156][INFO] Epoch:[141/200]	 Test acc=88.775

[2024-09-11 04:51:51,106][main_train.py][line:168][INFO] Best Test acc=88.944
[2024-09-11 04:55:16,320][main_train.py][line:153][INFO] Epoch:[142/200]	 loss=294.72754	 acc=83.670
[2024-09-11 04:55:25,563][main_train.py][line:156][INFO] Epoch:[142/200]	 Test acc=87.684

[2024-09-11 04:55:29,899][main_train.py][line:168][INFO] Best Test acc=88.944
[2024-09-11 04:58:58,189][main_train.py][line:153][INFO] Epoch:[143/200]	 loss=290.55543	 acc=83.869
[2024-09-11 04:59:07,019][main_train.py][line:156][INFO] Epoch:[143/200]	 Test acc=88.549

[2024-09-11 04:59:10,787][main_train.py][line:168][INFO] Best Test acc=88.944
[2024-09-11 05:02:41,210][main_train.py][line:153][INFO] Epoch:[144/200]	 loss=289.01397	 acc=84.086
[2024-09-11 05:02:50,250][main_train.py][line:156][INFO] Epoch:[144/200]	 Test acc=88.783

[2024-09-11 05:02:53,956][main_train.py][line:168][INFO] Best Test acc=88.944
[2024-09-11 05:06:27,034][main_train.py][line:153][INFO] Epoch:[145/200]	 loss=286.04091	 acc=84.089
[2024-09-11 05:06:36,179][main_train.py][line:156][INFO] Epoch:[145/200]	 Test acc=88.664

[2024-09-11 05:06:39,682][main_train.py][line:168][INFO] Best Test acc=88.944
[2024-09-11 05:10:10,220][main_train.py][line:153][INFO] Epoch:[146/200]	 loss=286.74859	 acc=83.898
[2024-09-11 05:10:19,373][main_train.py][line:156][INFO] Epoch:[146/200]	 Test acc=87.972

[2024-09-11 05:10:22,243][main_train.py][line:168][INFO] Best Test acc=88.944
[2024-09-11 05:13:52,358][main_train.py][line:153][INFO] Epoch:[147/200]	 loss=283.43730	 acc=84.120
[2024-09-11 05:14:01,310][main_train.py][line:156][INFO] Epoch:[147/200]	 Test acc=88.003

[2024-09-11 05:14:04,551][main_train.py][line:168][INFO] Best Test acc=88.944
[2024-09-11 05:17:32,203][main_train.py][line:153][INFO] Epoch:[148/200]	 loss=282.25980	 acc=84.406
[2024-09-11 05:17:41,243][main_train.py][line:156][INFO] Epoch:[148/200]	 Test acc=88.218

[2024-09-11 05:17:44,155][main_train.py][line:168][INFO] Best Test acc=88.944
[2024-09-11 05:21:08,820][main_train.py][line:153][INFO] Epoch:[149/200]	 loss=281.46647	 acc=84.392
[2024-09-11 05:21:17,565][main_train.py][line:156][INFO] Epoch:[149/200]	 Test acc=89.148

[2024-09-11 05:21:24,061][main_train.py][line:168][INFO] Best Test acc=89.148
[2024-09-11 05:24:46,904][main_train.py][line:153][INFO] Epoch:[150/200]	 loss=278.26874	 acc=84.590
[2024-09-11 05:24:55,629][main_train.py][line:156][INFO] Epoch:[150/200]	 Test acc=88.722

[2024-09-11 05:24:58,652][main_train.py][line:168][INFO] Best Test acc=89.148
[2024-09-11 05:28:21,739][main_train.py][line:153][INFO] Epoch:[151/200]	 loss=275.78776	 acc=84.546
[2024-09-11 05:28:30,440][main_train.py][line:156][INFO] Epoch:[151/200]	 Test acc=89.071

[2024-09-11 05:28:33,298][main_train.py][line:168][INFO] Best Test acc=89.148
[2024-09-11 05:31:56,137][main_train.py][line:153][INFO] Epoch:[152/200]	 loss=272.63456	 acc=84.990
[2024-09-11 05:32:04,888][main_train.py][line:156][INFO] Epoch:[152/200]	 Test acc=88.791

[2024-09-11 05:32:08,185][main_train.py][line:168][INFO] Best Test acc=89.148
[2024-09-11 05:35:29,681][main_train.py][line:153][INFO] Epoch:[153/200]	 loss=270.49517	 acc=84.979
[2024-09-11 05:35:38,279][main_train.py][line:156][INFO] Epoch:[153/200]	 Test acc=88.284

[2024-09-11 05:35:41,142][main_train.py][line:168][INFO] Best Test acc=89.148
[2024-09-11 05:39:02,758][main_train.py][line:153][INFO] Epoch:[154/200]	 loss=270.76821	 acc=84.990
[2024-09-11 05:39:11,348][main_train.py][line:156][INFO] Epoch:[154/200]	 Test acc=89.770

[2024-09-11 05:39:18,135][main_train.py][line:168][INFO] Best Test acc=89.770
[2024-09-11 05:42:39,960][main_train.py][line:153][INFO] Epoch:[155/200]	 loss=268.05514	 acc=85.122
[2024-09-11 05:42:48,677][main_train.py][line:156][INFO] Epoch:[155/200]	 Test acc=88.549

[2024-09-11 05:42:51,572][main_train.py][line:168][INFO] Best Test acc=89.770
[2024-09-11 05:46:13,364][main_train.py][line:153][INFO] Epoch:[156/200]	 loss=264.38986	 acc=85.182
[2024-09-11 05:46:21,867][main_train.py][line:156][INFO] Epoch:[156/200]	 Test acc=89.348

[2024-09-11 05:46:24,520][main_train.py][line:168][INFO] Best Test acc=89.770
[2024-09-11 05:49:46,372][main_train.py][line:153][INFO] Epoch:[157/200]	 loss=262.19700	 acc=85.371
[2024-09-11 05:49:55,040][main_train.py][line:156][INFO] Epoch:[157/200]	 Test acc=89.728

[2024-09-11 05:49:57,737][main_train.py][line:168][INFO] Best Test acc=89.770
[2024-09-11 05:53:19,161][main_train.py][line:153][INFO] Epoch:[158/200]	 loss=261.52346	 acc=85.545
[2024-09-11 05:53:27,768][main_train.py][line:156][INFO] Epoch:[158/200]	 Test acc=88.971

[2024-09-11 05:53:31,316][main_train.py][line:168][INFO] Best Test acc=89.770
[2024-09-11 05:56:52,986][main_train.py][line:153][INFO] Epoch:[159/200]	 loss=261.30737	 acc=85.375
[2024-09-11 05:57:01,646][main_train.py][line:156][INFO] Epoch:[159/200]	 Test acc=89.179

[2024-09-11 05:57:05,102][main_train.py][line:168][INFO] Best Test acc=89.770
[2024-09-11 06:00:26,609][main_train.py][line:153][INFO] Epoch:[160/200]	 loss=257.12974	 acc=85.603
[2024-09-11 06:00:35,237][main_train.py][line:156][INFO] Epoch:[160/200]	 Test acc=89.390

[2024-09-11 06:00:39,012][main_train.py][line:168][INFO] Best Test acc=89.770
[2024-09-11 06:04:00,945][main_train.py][line:153][INFO] Epoch:[161/200]	 loss=253.57279	 acc=85.873
[2024-09-11 06:04:09,526][main_train.py][line:156][INFO] Epoch:[161/200]	 Test acc=89.094

[2024-09-11 06:04:13,083][main_train.py][line:168][INFO] Best Test acc=89.770
[2024-09-11 06:07:34,970][main_train.py][line:153][INFO] Epoch:[162/200]	 loss=254.05701	 acc=85.723
[2024-09-11 06:07:43,737][main_train.py][line:156][INFO] Epoch:[162/200]	 Test acc=88.917

[2024-09-11 06:07:46,357][main_train.py][line:168][INFO] Best Test acc=89.770
[2024-09-11 06:11:07,604][main_train.py][line:153][INFO] Epoch:[163/200]	 loss=250.88042	 acc=86.041
[2024-09-11 06:11:16,246][main_train.py][line:156][INFO] Epoch:[163/200]	 Test acc=88.883

[2024-09-11 06:11:19,102][main_train.py][line:168][INFO] Best Test acc=89.770
[2024-09-11 06:14:40,448][main_train.py][line:153][INFO] Epoch:[164/200]	 loss=250.73777	 acc=85.891
[2024-09-11 06:14:48,992][main_train.py][line:156][INFO] Epoch:[164/200]	 Test acc=89.498

[2024-09-11 06:14:51,836][main_train.py][line:168][INFO] Best Test acc=89.770
[2024-09-11 06:18:12,619][main_train.py][line:153][INFO] Epoch:[165/200]	 loss=246.83224	 acc=86.130
[2024-09-11 06:18:21,106][main_train.py][line:156][INFO] Epoch:[165/200]	 Test acc=89.236

[2024-09-11 06:18:23,706][main_train.py][line:168][INFO] Best Test acc=89.770
[2024-09-11 06:21:44,774][main_train.py][line:153][INFO] Epoch:[166/200]	 loss=241.54792	 acc=86.396
[2024-09-11 06:21:53,275][main_train.py][line:156][INFO] Epoch:[166/200]	 Test acc=89.125

[2024-09-11 06:21:55,973][main_train.py][line:168][INFO] Best Test acc=89.770
[2024-09-11 06:25:16,617][main_train.py][line:153][INFO] Epoch:[167/200]	 loss=241.18919	 acc=86.669
[2024-09-11 06:25:25,172][main_train.py][line:156][INFO] Epoch:[167/200]	 Test acc=89.252

[2024-09-11 06:25:27,982][main_train.py][line:168][INFO] Best Test acc=89.770
[2024-09-11 06:28:48,339][main_train.py][line:153][INFO] Epoch:[168/200]	 loss=240.34185	 acc=86.480
[2024-09-11 06:28:56,861][main_train.py][line:156][INFO] Epoch:[168/200]	 Test acc=89.136

[2024-09-11 06:28:59,758][main_train.py][line:168][INFO] Best Test acc=89.770
[2024-09-11 06:32:20,680][main_train.py][line:153][INFO] Epoch:[169/200]	 loss=239.12224	 acc=86.579
[2024-09-11 06:32:29,180][main_train.py][line:156][INFO] Epoch:[169/200]	 Test acc=89.451

[2024-09-11 06:32:32,292][main_train.py][line:168][INFO] Best Test acc=89.770
[2024-09-11 06:35:53,314][main_train.py][line:153][INFO] Epoch:[170/200]	 loss=235.92956	 acc=86.678
[2024-09-11 06:36:01,782][main_train.py][line:156][INFO] Epoch:[170/200]	 Test acc=89.102

[2024-09-11 06:36:04,552][main_train.py][line:168][INFO] Best Test acc=89.770
[2024-09-11 06:39:25,481][main_train.py][line:153][INFO] Epoch:[171/200]	 loss=231.31173	 acc=86.854
[2024-09-11 06:39:34,063][main_train.py][line:156][INFO] Epoch:[171/200]	 Test acc=89.789

[2024-09-11 06:39:39,766][main_train.py][line:168][INFO] Best Test acc=89.789
[2024-09-11 06:43:01,168][main_train.py][line:153][INFO] Epoch:[172/200]	 loss=228.81816	 acc=87.179
[2024-09-11 06:43:09,675][main_train.py][line:156][INFO] Epoch:[172/200]	 Test acc=89.697

[2024-09-11 06:43:12,629][main_train.py][line:168][INFO] Best Test acc=89.789
[2024-09-11 06:46:33,997][main_train.py][line:153][INFO] Epoch:[173/200]	 loss=226.85941	 acc=87.320
[2024-09-11 06:46:42,539][main_train.py][line:156][INFO] Epoch:[173/200]	 Test acc=89.605

[2024-09-11 06:46:45,499][main_train.py][line:168][INFO] Best Test acc=89.789
[2024-09-11 06:50:06,099][main_train.py][line:153][INFO] Epoch:[174/200]	 loss=223.85733	 acc=87.278
[2024-09-11 06:50:14,703][main_train.py][line:156][INFO] Epoch:[174/200]	 Test acc=89.513

[2024-09-11 06:50:17,458][main_train.py][line:168][INFO] Best Test acc=89.789
[2024-09-11 06:53:38,247][main_train.py][line:153][INFO] Epoch:[175/200]	 loss=221.97349	 acc=87.523
[2024-09-11 06:53:46,664][main_train.py][line:156][INFO] Epoch:[175/200]	 Test acc=89.667

[2024-09-11 06:53:49,384][main_train.py][line:168][INFO] Best Test acc=89.789
[2024-09-11 06:57:10,054][main_train.py][line:153][INFO] Epoch:[176/200]	 loss=222.75140	 acc=87.470
[2024-09-11 06:57:18,726][main_train.py][line:156][INFO] Epoch:[176/200]	 Test acc=89.448

[2024-09-11 06:57:21,621][main_train.py][line:168][INFO] Best Test acc=89.789
[2024-09-11 07:00:42,642][main_train.py][line:153][INFO] Epoch:[177/200]	 loss=216.98035	 acc=87.792
[2024-09-11 07:00:51,150][main_train.py][line:156][INFO] Epoch:[177/200]	 Test acc=89.686

[2024-09-11 07:00:54,073][main_train.py][line:168][INFO] Best Test acc=89.789
[2024-09-11 07:04:15,219][main_train.py][line:153][INFO] Epoch:[178/200]	 loss=213.99966	 acc=87.844
[2024-09-11 07:04:23,681][main_train.py][line:156][INFO] Epoch:[178/200]	 Test acc=89.436

[2024-09-11 07:04:26,726][main_train.py][line:168][INFO] Best Test acc=89.789
[2024-09-11 07:07:47,338][main_train.py][line:153][INFO] Epoch:[179/200]	 loss=212.52230	 acc=87.972
[2024-09-11 07:07:55,881][main_train.py][line:156][INFO] Epoch:[179/200]	 Test acc=89.524

[2024-09-11 07:07:58,417][main_train.py][line:168][INFO] Best Test acc=89.789
[2024-09-11 07:11:19,479][main_train.py][line:153][INFO] Epoch:[180/200]	 loss=211.15403	 acc=88.054
[2024-09-11 07:11:28,107][main_train.py][line:156][INFO] Epoch:[180/200]	 Test acc=89.628

[2024-09-11 07:11:31,478][main_train.py][line:168][INFO] Best Test acc=89.789
[2024-09-11 07:14:52,136][main_train.py][line:153][INFO] Epoch:[181/200]	 loss=207.01333	 acc=88.224
[2024-09-11 07:15:00,499][main_train.py][line:156][INFO] Epoch:[181/200]	 Test acc=89.378

[2024-09-11 07:15:03,643][main_train.py][line:168][INFO] Best Test acc=89.789
[2024-09-11 07:18:24,394][main_train.py][line:153][INFO] Epoch:[182/200]	 loss=207.28122	 acc=88.213
[2024-09-11 07:18:32,729][main_train.py][line:156][INFO] Epoch:[182/200]	 Test acc=89.701

[2024-09-11 07:18:35,697][main_train.py][line:168][INFO] Best Test acc=89.789
[2024-09-11 07:21:57,172][main_train.py][line:153][INFO] Epoch:[183/200]	 loss=204.06335	 acc=88.457
[2024-09-11 07:22:05,713][main_train.py][line:156][INFO] Epoch:[183/200]	 Test acc=89.874

[2024-09-11 07:22:11,987][main_train.py][line:168][INFO] Best Test acc=89.874
[2024-09-11 07:25:33,053][main_train.py][line:153][INFO] Epoch:[184/200]	 loss=201.02637	 acc=88.666
[2024-09-11 07:25:41,592][main_train.py][line:156][INFO] Epoch:[184/200]	 Test acc=89.459

[2024-09-11 07:25:44,471][main_train.py][line:168][INFO] Best Test acc=89.874
[2024-09-11 07:29:05,418][main_train.py][line:153][INFO] Epoch:[185/200]	 loss=197.61366	 acc=88.737
[2024-09-11 07:29:14,049][main_train.py][line:156][INFO] Epoch:[185/200]	 Test acc=89.813

[2024-09-11 07:29:17,014][main_train.py][line:168][INFO] Best Test acc=89.874
[2024-09-11 07:32:37,827][main_train.py][line:153][INFO] Epoch:[186/200]	 loss=198.03130	 acc=88.751
[2024-09-11 07:32:46,406][main_train.py][line:156][INFO] Epoch:[186/200]	 Test acc=89.359

[2024-09-11 07:32:49,391][main_train.py][line:168][INFO] Best Test acc=89.874
[2024-09-11 07:36:09,809][main_train.py][line:153][INFO] Epoch:[187/200]	 loss=196.68838	 acc=88.819
[2024-09-11 07:36:18,318][main_train.py][line:156][INFO] Epoch:[187/200]	 Test acc=89.740

[2024-09-11 07:36:20,696][main_train.py][line:168][INFO] Best Test acc=89.874
[2024-09-11 07:39:41,122][main_train.py][line:153][INFO] Epoch:[188/200]	 loss=193.45510	 acc=88.947
[2024-09-11 07:39:49,828][main_train.py][line:156][INFO] Epoch:[188/200]	 Test acc=89.528

[2024-09-11 07:39:53,105][main_train.py][line:168][INFO] Best Test acc=89.874
[2024-09-11 07:43:13,570][main_train.py][line:153][INFO] Epoch:[189/200]	 loss=190.30717	 acc=89.215
[2024-09-11 07:43:22,040][main_train.py][line:156][INFO] Epoch:[189/200]	 Test acc=89.647

[2024-09-11 07:43:25,043][main_train.py][line:168][INFO] Best Test acc=89.874
[2024-09-11 07:46:46,260][main_train.py][line:153][INFO] Epoch:[190/200]	 loss=188.25858	 acc=89.333
[2024-09-11 07:46:54,626][main_train.py][line:156][INFO] Epoch:[190/200]	 Test acc=89.828

[2024-09-11 07:46:58,116][main_train.py][line:168][INFO] Best Test acc=89.874
[2024-09-11 07:50:19,302][main_train.py][line:153][INFO] Epoch:[191/200]	 loss=188.31025	 acc=89.309
[2024-09-11 07:50:27,834][main_train.py][line:156][INFO] Epoch:[191/200]	 Test acc=89.421

[2024-09-11 07:50:31,722][main_train.py][line:168][INFO] Best Test acc=89.874
[2024-09-11 07:53:52,126][main_train.py][line:153][INFO] Epoch:[192/200]	 loss=187.76639	 acc=89.429
[2024-09-11 07:54:00,596][main_train.py][line:156][INFO] Epoch:[192/200]	 Test acc=89.855

[2024-09-11 07:54:02,867][main_train.py][line:168][INFO] Best Test acc=89.874
[2024-09-11 07:57:23,072][main_train.py][line:153][INFO] Epoch:[193/200]	 loss=188.17797	 acc=89.418
[2024-09-11 07:57:31,598][main_train.py][line:156][INFO] Epoch:[193/200]	 Test acc=89.843

[2024-09-11 07:57:35,314][main_train.py][line:168][INFO] Best Test acc=89.874
[2024-09-11 08:00:56,566][main_train.py][line:153][INFO] Epoch:[194/200]	 loss=186.38294	 acc=89.417
[2024-09-11 08:01:05,020][main_train.py][line:156][INFO] Epoch:[194/200]	 Test acc=89.590

[2024-09-11 08:01:08,458][main_train.py][line:168][INFO] Best Test acc=89.874
[2024-09-11 08:04:29,961][main_train.py][line:153][INFO] Epoch:[195/200]	 loss=188.10387	 acc=89.265
[2024-09-11 08:04:38,570][main_train.py][line:156][INFO] Epoch:[195/200]	 Test acc=89.705

[2024-09-11 08:04:42,457][main_train.py][line:168][INFO] Best Test acc=89.874
[2024-09-11 08:07:57,776][main_train.py][line:153][INFO] Epoch:[196/200]	 loss=184.89175	 acc=89.493
[2024-09-11 08:08:05,687][main_train.py][line:156][INFO] Epoch:[196/200]	 Test acc=89.686

[2024-09-11 08:08:08,047][main_train.py][line:168][INFO] Best Test acc=89.874
[2024-09-11 08:11:21,958][main_train.py][line:153][INFO] Epoch:[197/200]	 loss=183.23926	 acc=89.553
[2024-09-11 08:11:29,808][main_train.py][line:156][INFO] Epoch:[197/200]	 Test acc=89.682

[2024-09-11 08:11:32,744][main_train.py][line:168][INFO] Best Test acc=89.874
[2024-09-11 08:14:48,133][main_train.py][line:153][INFO] Epoch:[198/200]	 loss=183.49914	 acc=89.626
[2024-09-11 08:14:56,404][main_train.py][line:156][INFO] Epoch:[198/200]	 Test acc=89.451

[2024-09-11 08:14:59,645][main_train.py][line:168][INFO] Best Test acc=89.874
[2024-09-11 08:18:14,739][main_train.py][line:153][INFO] Epoch:[199/200]	 loss=182.93573	 acc=89.620
[2024-09-11 08:18:23,279][main_train.py][line:156][INFO] Epoch:[199/200]	 Test acc=89.874

[2024-09-11 08:18:25,693][main_train.py][line:168][INFO] Best Test acc=89.874
